                              1 ;--------------------------------------------------------
                              2 ; File Created by SDCC : free open source ANSI-C Compiler
                              3 ; Version 3.6.8 #9946 (Linux)
                              4 ;--------------------------------------------------------
                              5 	.module game
                              6 	.optsdcc -mz80
                              7 	
                              8 ;--------------------------------------------------------
                              9 ; Public variables in this module
                             10 ;--------------------------------------------------------
                             11 	.globl _trainManagement
                             12 	.globl _drawTrains
                             13 	.globl _setPixel
                             14 	.globl _drawWorld
                             15 	.globl _drawScrolls
                             16 	.globl _drawTile
                             17 	.globl _generateWorld
                             18 	.globl _drawCursor
                             19 	.globl _drawWindow
                             20 	.globl _drawMenu
                             21 	.globl _drawBoxM2
                             22 	.globl _putM2
                             23 	.globl _putM1
                             24 	.globl _cpct_getScreenPtr
                             25 	.globl _cpct_drawStringM2
                             26 	.globl _cpct_px2byteM1
                             27 	.globl _cpct_isKeyPressed
                             28 	.globl _cpct_scanKeyboard
                             29 	.globl _cpct_memset
                             30 	.globl _windowInfoTile
                             31 	.globl _menuStations
                             32 	.globl _menuTile
                             33 	.globl _game
                             34 ;--------------------------------------------------------
                             35 ; special function registers
                             36 ;--------------------------------------------------------
                             37 ;--------------------------------------------------------
                             38 ; ram data
                             39 ;--------------------------------------------------------
                             40 	.area _DATA
                             41 ;--------------------------------------------------------
                             42 ; ram data
                             43 ;--------------------------------------------------------
                             44 	.area _INITIALIZED
                             45 ;--------------------------------------------------------
                             46 ; absolute external ram data
                             47 ;--------------------------------------------------------
                             48 	.area _DABS (ABS)
                             49 ;--------------------------------------------------------
                             50 ; global & static initialisations
                             51 ;--------------------------------------------------------
                             52 	.area _HOME
                             53 	.area _GSINIT
                             54 	.area _GSFINAL
                             55 	.area _GSINIT
                             56 ;--------------------------------------------------------
                             57 ; Home
                             58 ;--------------------------------------------------------
                             59 	.area _HOME
                             60 	.area _HOME
                             61 ;--------------------------------------------------------
                             62 ; code
                             63 ;--------------------------------------------------------
                             64 	.area _CODE
                             65 ;src/game/game.c:3: void windowInfoTile(u8 x, u8 y)
                             66 ;	---------------------------------
                             67 ; Function windowInfoTile
                             68 ; ---------------------------------
   0000                      69 _windowInfoTile::
   0000 DD E5         [15]   70 	push	ix
   0002 DD 21 00 00   [14]   71 	ld	ix,#0
   0006 DD 39         [15]   72 	add	ix,sp
   0008 21 F4 FF      [10]   73 	ld	hl, #-12
   000B 39            [11]   74 	add	hl, sp
   000C F9            [ 6]   75 	ld	sp, hl
                             76 ;src/game/game.c:7: txtWindowInfoTile[1] = "";
   000D 21 00 00      [10]   77 	ld	hl, #0x0000
   0010 39            [11]   78 	add	hl, sp
   0011 4D            [ 4]   79 	ld	c,l
   0012 44            [ 4]   80 	ld	b,h
   0013 23            [ 6]   81 	inc	hl
   0014 23            [ 6]   82 	inc	hl
   0015 11r00r01      [10]   83 	ld	de, #___str_0+0
   0018 73            [ 7]   84 	ld	(hl), e
   0019 23            [ 6]   85 	inc	hl
   001A 72            [ 7]   86 	ld	(hl), d
                             87 ;src/game/game.c:8: txtWindowInfoTile[2] = "Production: Nothing";
   001B 21 04 00      [10]   88 	ld	hl, #0x0004
   001E 09            [11]   89 	add	hl,bc
   001F DD 75 FC      [19]   90 	ld	-4 (ix), l
   0022 DD 74 FD      [19]   91 	ld	-3 (ix), h
   0025 36r01         [10]   92 	ld	(hl), #<(___str_1)
   0027 23            [ 6]   93 	inc	hl
   0028 36s01         [10]   94 	ld	(hl), #>(___str_1)
                             95 ;src/game/game.c:9: txtWindowInfoTile[3] = "Demand: Nothing";
   002A 21 06 00      [10]   96 	ld	hl, #0x0006
   002D 09            [11]   97 	add	hl,bc
   002E DD 75 FE      [19]   98 	ld	-2 (ix), l
   0031 DD 74 FF      [19]   99 	ld	-1 (ix), h
   0034 36r15         [10]  100 	ld	(hl), #<(___str_2)
   0036 23            [ 6]  101 	inc	hl
   0037 36s01         [10]  102 	ld	(hl), #>(___str_2)
                            103 ;src/game/game.c:11: switch(p_world[y*WIDTH+x])
   0039 DD 5E 05      [19]  104 	ld	e,5 (ix)
   003C 16 00         [ 7]  105 	ld	d,#0x00
   003E 6B            [ 4]  106 	ld	l, e
   003F 62            [ 4]  107 	ld	h, d
   0040 29            [11]  108 	add	hl, hl
   0041 29            [11]  109 	add	hl, hl
   0042 19            [11]  110 	add	hl, de
   0043 29            [11]  111 	add	hl, hl
   0044 29            [11]  112 	add	hl, hl
   0045 29            [11]  113 	add	hl, hl
   0046 29            [11]  114 	add	hl, hl
   0047 DD 5E 04      [19]  115 	ld	e, 4 (ix)
   004A 16 00         [ 7]  116 	ld	d, #0x00
   004C 19            [11]  117 	add	hl, de
   004D 11r00r00      [10]  118 	ld	de, #_p_world
   0050 19            [11]  119 	add	hl, de
   0051 5E            [ 7]  120 	ld	e, (hl)
   0052 3E 09         [ 7]  121 	ld	a, #0x09
   0054 93            [ 4]  122 	sub	a, e
   0055 DArECr00      [10]  123 	jp	C, 00111$
   0058 16 00         [ 7]  124 	ld	d, #0x00
   005A 21r61r00      [10]  125 	ld	hl, #00119$
   005D 19            [11]  126 	add	hl, de
   005E 19            [11]  127 	add	hl, de
   005F 19            [11]  128 	add	hl, de
   0060 E9            [ 4]  129 	jp	(hl)
   0061                     130 00119$:
   0061 C3r7Fr00      [10]  131 	jp	00102$
   0064 C3r7Fr00      [10]  132 	jp	00102$
   0067 C3r88r00      [10]  133 	jp	00105$
   006A C3r88r00      [10]  134 	jp	00105$
   006D C3r88r00      [10]  135 	jp	00105$
   0070 C3rA7r00      [10]  136 	jp	00107$
   0073 C3rA7r00      [10]  137 	jp	00107$
   0076 C3rBBr00      [10]  138 	jp	00108$
   0079 C3rC4r00      [10]  139 	jp	00109$
   007C C3rCDr00      [10]  140 	jp	00110$
                            141 ;src/game/game.c:14: case GRASS2:
   007F                     142 00102$:
                            143 ;src/game/game.c:15: txtWindowInfoTile[0] = "Grassland";
   007F 69            [ 4]  144 	ld	l, c
   0080 60            [ 4]  145 	ld	h, b
   0081 36r25         [10]  146 	ld	(hl), #<(___str_3)
   0083 23            [ 6]  147 	inc	hl
   0084 36s01         [10]  148 	ld	(hl), #>(___str_3)
                            149 ;src/game/game.c:16: break;
   0086 18 6B         [12]  150 	jr	00112$
                            151 ;src/game/game.c:19: case DWELLINGS3:
   0088                     152 00105$:
                            153 ;src/game/game.c:20: txtWindowInfoTile[0] = "City";
   0088 69            [ 4]  154 	ld	l, c
   0089 60            [ 4]  155 	ld	h, b
   008A 36r2F         [10]  156 	ld	(hl), #<(___str_4)
   008C 23            [ 6]  157 	inc	hl
   008D 36s01         [10]  158 	ld	(hl), #>(___str_4)
                            159 ;src/game/game.c:21: txtWindowInfoTile[2] = "Production: Passengers, mail";
   008F DD 6E FC      [19]  160 	ld	l,-4 (ix)
   0092 DD 66 FD      [19]  161 	ld	h,-3 (ix)
   0095 36r34         [10]  162 	ld	(hl), #<(___str_5)
   0097 23            [ 6]  163 	inc	hl
   0098 36s01         [10]  164 	ld	(hl), #>(___str_5)
                            165 ;src/game/game.c:22: txtWindowInfoTile[3] = "Demand: Passenger, mail, food, goods";
   009A DD 6E FE      [19]  166 	ld	l,-2 (ix)
   009D DD 66 FF      [19]  167 	ld	h,-1 (ix)
   00A0 36r51         [10]  168 	ld	(hl), #<(___str_6)
   00A2 23            [ 6]  169 	inc	hl
   00A3 36s01         [10]  170 	ld	(hl), #>(___str_6)
                            171 ;src/game/game.c:23: break;
   00A5 18 4C         [12]  172 	jr	00112$
                            173 ;src/game/game.c:25: case FARM2:
   00A7                     174 00107$:
                            175 ;src/game/game.c:26: txtWindowInfoTile[0] = "Farm";
   00A7 69            [ 4]  176 	ld	l, c
   00A8 60            [ 4]  177 	ld	h, b
   00A9 36r76         [10]  178 	ld	(hl), #<(___str_7)
   00AB 23            [ 6]  179 	inc	hl
   00AC 36s01         [10]  180 	ld	(hl), #>(___str_7)
                            181 ;src/game/game.c:27: txtWindowInfoTile[2] = "Production: Cereal";
   00AE DD 6E FC      [19]  182 	ld	l,-4 (ix)
   00B1 DD 66 FD      [19]  183 	ld	h,-3 (ix)
   00B4 36r7B         [10]  184 	ld	(hl), #<(___str_8)
   00B6 23            [ 6]  185 	inc	hl
   00B7 36s01         [10]  186 	ld	(hl), #>(___str_8)
                            187 ;src/game/game.c:28: break;
   00B9 18 38         [12]  188 	jr	00112$
                            189 ;src/game/game.c:29: case WATER:
   00BB                     190 00108$:
                            191 ;src/game/game.c:30: txtWindowInfoTile[0] = "Water";
   00BB 69            [ 4]  192 	ld	l, c
   00BC 60            [ 4]  193 	ld	h, b
   00BD 36r8E         [10]  194 	ld	(hl), #<(___str_9)
   00BF 23            [ 6]  195 	inc	hl
   00C0 36s01         [10]  196 	ld	(hl), #>(___str_9)
                            197 ;src/game/game.c:31: break;
   00C2 18 2F         [12]  198 	jr	00112$
                            199 ;src/game/game.c:32: case FOREST:
   00C4                     200 00109$:
                            201 ;src/game/game.c:33: txtWindowInfoTile[0] = "Forest";
   00C4 69            [ 4]  202 	ld	l, c
   00C5 60            [ 4]  203 	ld	h, b
   00C6 36r94         [10]  204 	ld	(hl), #<(___str_10)
   00C8 23            [ 6]  205 	inc	hl
   00C9 36s01         [10]  206 	ld	(hl), #>(___str_10)
                            207 ;src/game/game.c:34: break;
   00CB 18 26         [12]  208 	jr	00112$
                            209 ;src/game/game.c:35: case LIVESTOCK:
   00CD                     210 00110$:
                            211 ;src/game/game.c:36: txtWindowInfoTile[0] = "Livestock farming";
   00CD 69            [ 4]  212 	ld	l, c
   00CE 60            [ 4]  213 	ld	h, b
   00CF 36r9B         [10]  214 	ld	(hl), #<(___str_11)
   00D1 23            [ 6]  215 	inc	hl
   00D2 36s01         [10]  216 	ld	(hl), #>(___str_11)
                            217 ;src/game/game.c:37: txtWindowInfoTile[2] = "Production: Livestock, wool";
   00D4 DD 6E FC      [19]  218 	ld	l,-4 (ix)
   00D7 DD 66 FD      [19]  219 	ld	h,-3 (ix)
   00DA 36rAD         [10]  220 	ld	(hl), #<(___str_12)
   00DC 23            [ 6]  221 	inc	hl
   00DD 36s01         [10]  222 	ld	(hl), #>(___str_12)
                            223 ;src/game/game.c:38: txtWindowInfoTile[3] = "Demand: Cereal";
   00DF DD 6E FE      [19]  224 	ld	l,-2 (ix)
   00E2 DD 66 FF      [19]  225 	ld	h,-1 (ix)
   00E5 36rC9         [10]  226 	ld	(hl), #<(___str_13)
   00E7 23            [ 6]  227 	inc	hl
   00E8 36s01         [10]  228 	ld	(hl), #>(___str_13)
                            229 ;src/game/game.c:39: break;
   00EA 18 07         [12]  230 	jr	00112$
                            231 ;src/game/game.c:40: default:
   00EC                     232 00111$:
                            233 ;src/game/game.c:41: txtWindowInfoTile[0] = "Not yet implemented";
   00EC 69            [ 4]  234 	ld	l, c
   00ED 60            [ 4]  235 	ld	h, b
   00EE 36rD8         [10]  236 	ld	(hl), #<(___str_14)
   00F0 23            [ 6]  237 	inc	hl
   00F1 36s01         [10]  238 	ld	(hl), #>(___str_14)
                            239 ;src/game/game.c:42: }
   00F3                     240 00112$:
                            241 ;src/game/game.c:44: drawWindow(txtWindowInfoTile, 4, 0);
   00F3 21 04 00      [10]  242 	ld	hl, #0x0004
   00F6 E5            [11]  243 	push	hl
   00F7 C5            [11]  244 	push	bc
   00F8 CDr00r00      [17]  245 	call	_drawWindow
   00FB DD F9         [10]  246 	ld	sp,ix
   00FD DD E1         [14]  247 	pop	ix
   00FF C9            [10]  248 	ret
   0100                     249 ___str_0:
   0100 00                  250 	.db 0x00
   0101                     251 ___str_1:
   0101 50 72 6F 64 75 63   252 	.ascii "Production: Nothing"
        74 69 6F 6E 3A 20
        4E 6F 74 68 69 6E
        67
   0114 00                  253 	.db 0x00
   0115                     254 ___str_2:
   0115 44 65 6D 61 6E 64   255 	.ascii "Demand: Nothing"
        3A 20 4E 6F 74 68
        69 6E 67
   0124 00                  256 	.db 0x00
   0125                     257 ___str_3:
   0125 47 72 61 73 73 6C   258 	.ascii "Grassland"
        61 6E 64
   012E 00                  259 	.db 0x00
   012F                     260 ___str_4:
   012F 43 69 74 79         261 	.ascii "City"
   0133 00                  262 	.db 0x00
   0134                     263 ___str_5:
   0134 50 72 6F 64 75 63   264 	.ascii "Production: Passengers, mail"
        74 69 6F 6E 3A 20
        50 61 73 73 65 6E
        67 65 72 73 2C 20
        6D 61 69 6C
   0150 00                  265 	.db 0x00
   0151                     266 ___str_6:
   0151 44 65 6D 61 6E 64   267 	.ascii "Demand: Passenger, mail, food, goods"
        3A 20 50 61 73 73
        65 6E 67 65 72 2C
        20 6D 61 69 6C 2C
        20 66 6F 6F 64 2C
        20 67 6F 6F 64 73
   0175 00                  268 	.db 0x00
   0176                     269 ___str_7:
   0176 46 61 72 6D         270 	.ascii "Farm"
   017A 00                  271 	.db 0x00
   017B                     272 ___str_8:
   017B 50 72 6F 64 75 63   273 	.ascii "Production: Cereal"
        74 69 6F 6E 3A 20
        43 65 72 65 61 6C
   018D 00                  274 	.db 0x00
   018E                     275 ___str_9:
   018E 57 61 74 65 72      276 	.ascii "Water"
   0193 00                  277 	.db 0x00
   0194                     278 ___str_10:
   0194 46 6F 72 65 73 74   279 	.ascii "Forest"
   019A 00                  280 	.db 0x00
   019B                     281 ___str_11:
   019B 4C 69 76 65 73 74   282 	.ascii "Livestock farming"
        6F 63 6B 20 66 61
        72 6D 69 6E 67
   01AC 00                  283 	.db 0x00
   01AD                     284 ___str_12:
   01AD 50 72 6F 64 75 63   285 	.ascii "Production: Livestock, wool"
        74 69 6F 6E 3A 20
        4C 69 76 65 73 74
        6F 63 6B 2C 20 77
        6F 6F 6C
   01C8 00                  286 	.db 0x00
   01C9                     287 ___str_13:
   01C9 44 65 6D 61 6E 64   288 	.ascii "Demand: Cereal"
        3A 20 43 65 72 65
        61 6C
   01D7 00                  289 	.db 0x00
   01D8                     290 ___str_14:
   01D8 4E 6F 74 20 79 65   291 	.ascii "Not yet implemented"
        74 20 69 6D 70 6C
        65 6D 65 6E 74 65
        64
   01EB 00                  292 	.db 0x00
                            293 ;src/game/game.c:47: void menuStations()
                            294 ;	---------------------------------
                            295 ; Function menuStations
                            296 ; ---------------------------------
   01EC                     297 _menuStations::
   01EC DD E5         [15]  298 	push	ix
   01EE DD 21 00 00   [14]  299 	ld	ix,#0
   01F2 DD 39         [15]  300 	add	ix,sp
   01F4 21 FA FF      [10]  301 	ld	hl, #-6
   01F7 39            [11]  302 	add	hl, sp
   01F8 F9            [ 6]  303 	ld	sp, hl
                            304 ;src/game/game.c:51: const char *txtMenuSizeStation[] = { 
   01F9 21 00 00      [10]  305 	ld	hl, #0x0000
   01FC 39            [11]  306 	add	hl, sp
   01FD 4D            [ 4]  307 	ld	c,l
   01FE 44            [ 4]  308 	ld	b,h
   01FF 36r48         [10]  309 	ld	(hl), #<(___str_15)
   0201 23            [ 6]  310 	inc	hl
   0202 36s02         [10]  311 	ld	(hl), #>(___str_15)
   0204 69            [ 4]  312 	ld	l, c
   0205 60            [ 4]  313 	ld	h, b
   0206 23            [ 6]  314 	inc	hl
   0207 23            [ 6]  315 	inc	hl
   0208 11r4Er02      [10]  316 	ld	de, #___str_16+0
   020B 73            [ 7]  317 	ld	(hl), e
   020C 23            [ 6]  318 	inc	hl
   020D 72            [ 7]  319 	ld	(hl), d
   020E 21 04 00      [10]  320 	ld	hl, #0x0004
   0211 09            [11]  321 	add	hl, bc
   0212 11r55r02      [10]  322 	ld	de, #___str_17+0
   0215 73            [ 7]  323 	ld	(hl), e
   0216 23            [ 6]  324 	inc	hl
   0217 72            [ 7]  325 	ld	(hl), d
                            326 ;src/game/game.c:57: result = drawMenu(txtMenuSizeStation,3);
   0218 3E 03         [ 7]  327 	ld	a, #0x03
   021A F5            [11]  328 	push	af
   021B 33            [ 6]  329 	inc	sp
   021C C5            [11]  330 	push	bc
   021D CDr00r00      [17]  331 	call	_drawMenu
   0220 F1            [10]  332 	pop	af
   0221 33            [ 6]  333 	inc	sp
   0222 7D            [ 4]  334 	ld	a, l
                            335 ;src/game/game.c:59: switch(result)
   0223 B7            [ 4]  336 	or	a, a
   0224 28 0A         [12]  337 	jr	Z,00101$
   0226 FE 01         [ 7]  338 	cp	a, #0x01
   0228 28 0D         [12]  339 	jr	Z,00102$
   022A D6 02         [ 7]  340 	sub	a, #0x02
   022C 28 10         [12]  341 	jr	Z,00103$
   022E 18 13         [12]  342 	jr	00105$
                            343 ;src/game/game.c:61: case 0:
   0230                     344 00101$:
                            345 ;src/game/game.c:62: CURSOR_MODE=T_SSEW;
   0230 21r00r00      [10]  346 	ld	hl,#_CURSOR_MODE + 0
   0233 36 03         [10]  347 	ld	(hl), #0x03
                            348 ;src/game/game.c:63: break;
   0235 18 0C         [12]  349 	jr	00105$
                            350 ;src/game/game.c:65: case 1:
   0237                     351 00102$:
                            352 ;src/game/game.c:66: CURSOR_MODE=T_SMEW;
   0237 21r00r00      [10]  353 	ld	hl,#_CURSOR_MODE + 0
   023A 36 05         [10]  354 	ld	(hl), #0x05
                            355 ;src/game/game.c:67: break;
   023C 18 05         [12]  356 	jr	00105$
                            357 ;src/game/game.c:69: case 2:
   023E                     358 00103$:
                            359 ;src/game/game.c:70: CURSOR_MODE=T_SLEW;
   023E 21r00r00      [10]  360 	ld	hl,#_CURSOR_MODE + 0
   0241 36 07         [10]  361 	ld	(hl), #0x07
                            362 ;src/game/game.c:72: }
   0243                     363 00105$:
   0243 DD F9         [10]  364 	ld	sp, ix
   0245 DD E1         [14]  365 	pop	ix
   0247 C9            [10]  366 	ret
   0248                     367 ___str_15:
   0248 53 6D 61 6C 6C      368 	.ascii "Small"
   024D 00                  369 	.db 0x00
   024E                     370 ___str_16:
   024E 4D 65 64 69 75 6D   371 	.ascii "Medium"
   0254 00                  372 	.db 0x00
   0255                     373 ___str_17:
   0255 4C 61 72 67 65      374 	.ascii "Large"
   025A 00                  375 	.db 0x00
                            376 ;src/game/game.c:75: void menuTile(u8 x, u8 y)
                            377 ;	---------------------------------
                            378 ; Function menuTile
                            379 ; ---------------------------------
   025B                     380 _menuTile::
   025B DD E5         [15]  381 	push	ix
   025D DD 21 00 00   [14]  382 	ld	ix,#0
   0261 DD 39         [15]  383 	add	ix,sp
   0263 21 E6 FF      [10]  384 	ld	hl, #-26
   0266 39            [11]  385 	add	hl, sp
   0267 F9            [ 6]  386 	ld	sp, hl
                            387 ;src/game/game.c:79: const char *txtMenuTile[] = { 
   0268 21 06 00      [10]  388 	ld	hl, #0x0006
   026B 39            [11]  389 	add	hl, sp
   026C 4D            [ 4]  390 	ld	c,l
   026D 44            [ 4]  391 	ld	b,h
   026E 36r7F         [10]  392 	ld	(hl), #<(___str_18)
   0270 23            [ 6]  393 	inc	hl
   0271 36s03         [10]  394 	ld	(hl), #>(___str_18)
   0273 69            [ 4]  395 	ld	l, c
   0274 60            [ 4]  396 	ld	h, b
   0275 23            [ 6]  397 	inc	hl
   0276 23            [ 6]  398 	inc	hl
   0277 11r8Fr03      [10]  399 	ld	de, #___str_19+0
   027A 73            [ 7]  400 	ld	(hl), e
   027B 23            [ 6]  401 	inc	hl
   027C 72            [ 7]  402 	ld	(hl), d
   027D 21 04 00      [10]  403 	ld	hl, #0x0004
   0280 09            [11]  404 	add	hl, bc
   0281 11r9Fr03      [10]  405 	ld	de, #___str_20+0
   0284 73            [ 7]  406 	ld	(hl), e
   0285 23            [ 6]  407 	inc	hl
   0286 72            [ 7]  408 	ld	(hl), d
   0287 21 06 00      [10]  409 	ld	hl, #0x0006
   028A 09            [11]  410 	add	hl, bc
   028B 11rAFr03      [10]  411 	ld	de, #___str_21+0
   028E 73            [ 7]  412 	ld	(hl), e
   028F 23            [ 6]  413 	inc	hl
   0290 72            [ 7]  414 	ld	(hl), d
   0291 21 08 00      [10]  415 	ld	hl, #0x0008
   0294 09            [11]  416 	add	hl, bc
   0295 11rB7r03      [10]  417 	ld	de, #___str_22+0
   0298 73            [ 7]  418 	ld	(hl), e
   0299 23            [ 6]  419 	inc	hl
   029A 72            [ 7]  420 	ld	(hl), d
   029B 21 0A 00      [10]  421 	ld	hl, #0x000a
   029E 09            [11]  422 	add	hl, bc
   029F 11rC8r03      [10]  423 	ld	de, #___str_23+0
   02A2 73            [ 7]  424 	ld	(hl), e
   02A3 23            [ 6]  425 	inc	hl
   02A4 72            [ 7]  426 	ld	(hl), d
   02A5 21 0C 00      [10]  427 	ld	hl, #0x000c
   02A8 09            [11]  428 	add	hl, bc
   02A9 11rD3r03      [10]  429 	ld	de, #___str_24+0
   02AC 73            [ 7]  430 	ld	(hl), e
   02AD 23            [ 6]  431 	inc	hl
   02AE 72            [ 7]  432 	ld	(hl), d
                            433 ;src/game/game.c:89: const char *txtWindowDestroy[] = { 
   02AF 21 00 00      [10]  434 	ld	hl, #0x0000
   02B2 39            [11]  435 	add	hl, sp
   02B3 DD 75 FE      [19]  436 	ld	-2 (ix), l
   02B6 DD 74 FF      [19]  437 	ld	-1 (ix), h
   02B9 36rDA         [10]  438 	ld	(hl), #<(___str_25)
   02BB 23            [ 6]  439 	inc	hl
   02BC 36s03         [10]  440 	ld	(hl), #>(___str_25)
   02BE DD 6E FE      [19]  441 	ld	l,-2 (ix)
   02C1 DD 66 FF      [19]  442 	ld	h,-1 (ix)
   02C4 23            [ 6]  443 	inc	hl
   02C5 23            [ 6]  444 	inc	hl
   02C6 11rFDr03      [10]  445 	ld	de, #___str_26+0
   02C9 73            [ 7]  446 	ld	(hl), e
   02CA 23            [ 6]  447 	inc	hl
   02CB 72            [ 7]  448 	ld	(hl), d
   02CC DD 7E FE      [19]  449 	ld	a, -2 (ix)
   02CF C6 04         [ 7]  450 	add	a, #0x04
   02D1 6F            [ 4]  451 	ld	l, a
   02D2 DD 7E FF      [19]  452 	ld	a, -1 (ix)
   02D5 CE 00         [ 7]  453 	adc	a, #0x00
   02D7 67            [ 4]  454 	ld	h, a
   02D8 11rFEr03      [10]  455 	ld	de, #___str_27+0
   02DB 73            [ 7]  456 	ld	(hl), e
   02DC 23            [ 6]  457 	inc	hl
   02DD 72            [ 7]  458 	ld	(hl), d
                            459 ;src/game/game.c:96: putM2();
   02DE C5            [11]  460 	push	bc
   02DF CDr00r00      [17]  461 	call	_putM2
   02E2 C1            [10]  462 	pop	bc
                            463 ;src/game/game.c:98: do{
   02E3 DD 5E 05      [19]  464 	ld	e,5 (ix)
   02E6 16 00         [ 7]  465 	ld	d,#0x00
   02E8 6B            [ 4]  466 	ld	l, e
   02E9 62            [ 4]  467 	ld	h, d
   02EA 29            [11]  468 	add	hl, hl
   02EB 29            [11]  469 	add	hl, hl
   02EC 19            [11]  470 	add	hl, de
   02ED 29            [11]  471 	add	hl, hl
   02EE 29            [11]  472 	add	hl, hl
   02EF 29            [11]  473 	add	hl, hl
   02F0 29            [11]  474 	add	hl, hl
   02F1 DD 75 FC      [19]  475 	ld	-4 (ix), l
   02F4 DD 74 FD      [19]  476 	ld	-3 (ix), h
   02F7 DD 71 FA      [19]  477 	ld	-6 (ix), c
   02FA DD 70 FB      [19]  478 	ld	-5 (ix), b
   02FD                     479 00117$:
                            480 ;src/game/game.c:99: menuChoice = drawMenu(txtMenuTile,7);
   02FD DD 4E FA      [19]  481 	ld	c,-6 (ix)
   0300 DD 46 FB      [19]  482 	ld	b,-5 (ix)
   0303 3E 07         [ 7]  483 	ld	a, #0x07
   0305 F5            [11]  484 	push	af
   0306 33            [ 6]  485 	inc	sp
   0307 C5            [11]  486 	push	bc
   0308 CDr00r00      [17]  487 	call	_drawMenu
   030B F1            [10]  488 	pop	af
   030C 33            [ 6]  489 	inc	sp
   030D 4D            [ 4]  490 	ld	c, l
                            491 ;src/game/game.c:101: if(menuChoice==0)
   030E 79            [ 4]  492 	ld	a, c
   030F B7            [ 4]  493 	or	a, a
   0310 20 0F         [12]  494 	jr	NZ,00115$
                            495 ;src/game/game.c:102: windowInfoTile(x, y);
   0312 C5            [11]  496 	push	bc
   0313 DD 66 05      [19]  497 	ld	h, 5 (ix)
   0316 DD 6E 04      [19]  498 	ld	l, 4 (ix)
   0319 E5            [11]  499 	push	hl
   031A CDr00r00      [17]  500 	call	_windowInfoTile
   031D F1            [10]  501 	pop	af
   031E C1            [10]  502 	pop	bc
   031F 18 51         [12]  503 	jr	00118$
   0321                     504 00115$:
                            505 ;src/game/game.c:103: else if(menuChoice==1)
   0321 79            [ 4]  506 	ld	a, c
   0322 3D            [ 4]  507 	dec	a
   0323 20 09         [12]  508 	jr	NZ,00112$
                            509 ;src/game/game.c:105: CURSOR_MODE=T_REW;
   0325 21r00r00      [10]  510 	ld	hl,#_CURSOR_MODE + 0
   0328 36 08         [10]  511 	ld	(hl), #0x08
                            512 ;src/game/game.c:106: menuChoice=6;
   032A 0E 06         [ 7]  513 	ld	c, #0x06
   032C 18 44         [12]  514 	jr	00118$
   032E                     515 00112$:
                            516 ;src/game/game.c:108: else if(menuChoice==2)
   032E 79            [ 4]  517 	ld	a, c
   032F D6 02         [ 7]  518 	sub	a, #0x02
   0331 20 07         [12]  519 	jr	NZ,00109$
                            520 ;src/game/game.c:110: menuStations();
   0333 CDrECr01      [17]  521 	call	_menuStations
                            522 ;src/game/game.c:111: menuChoice=6;
   0336 0E 06         [ 7]  523 	ld	c, #0x06
   0338 18 38         [12]  524 	jr	00118$
   033A                     525 00109$:
                            526 ;src/game/game.c:113: else if(menuChoice==3)
   033A 79            [ 4]  527 	ld	a, c
   033B D6 03         [ 7]  528 	sub	a, #0x03
   033D 20 29         [12]  529 	jr	NZ,00106$
                            530 ;src/game/game.c:115: if(	drawWindow(txtWindowDestroy,3,1) == 1)
   033F DD 4E FE      [19]  531 	ld	c,-2 (ix)
   0342 DD 46 FF      [19]  532 	ld	b,-1 (ix)
   0345 21 03 01      [10]  533 	ld	hl, #0x0103
   0348 E5            [11]  534 	push	hl
   0349 C5            [11]  535 	push	bc
   034A CDr00r00      [17]  536 	call	_drawWindow
   034D F1            [10]  537 	pop	af
   034E F1            [10]  538 	pop	af
   034F 2D            [ 4]  539 	dec	l
   0350 20 12         [12]  540 	jr	NZ,00102$
                            541 ;src/game/game.c:116: p_world[x+y*WIDTH] = GRASS1;
   0352 DD 4E 04      [19]  542 	ld	c, 4 (ix)
   0355 06 00         [ 7]  543 	ld	b, #0x00
   0357 DD 6E FC      [19]  544 	ld	l,-4 (ix)
   035A DD 66 FD      [19]  545 	ld	h,-3 (ix)
   035D 09            [11]  546 	add	hl, bc
   035E 11r00r00      [10]  547 	ld	de, #_p_world
   0361 19            [11]  548 	add	hl, de
   0362 36 00         [10]  549 	ld	(hl), #0x00
   0364                     550 00102$:
                            551 ;src/game/game.c:118: menuChoice=6;
   0364 0E 06         [ 7]  552 	ld	c, #0x06
   0366 18 0A         [12]  553 	jr	00118$
   0368                     554 00106$:
                            555 ;src/game/game.c:120: else if(menuChoice==4)
   0368 79            [ 4]  556 	ld	a, c
   0369 D6 04         [ 7]  557 	sub	a, #0x04
   036B 20 05         [12]  558 	jr	NZ,00118$
                            559 ;src/game/game.c:122: trainManagement();
   036D CDr00r00      [17]  560 	call	_trainManagement
                            561 ;src/game/game.c:123: menuChoice=6;
   0370 0E 06         [ 7]  562 	ld	c, #0x06
   0372                     563 00118$:
                            564 ;src/game/game.c:128: while(menuChoice!=6);
   0372 79            [ 4]  565 	ld	a, c
   0373 D6 06         [ 7]  566 	sub	a, #0x06
   0375 20 86         [12]  567 	jr	NZ,00117$
                            568 ;src/game/game.c:130: putM1();
   0377 CDr00r00      [17]  569 	call	_putM1
   037A DD F9         [10]  570 	ld	sp, ix
   037C DD E1         [14]  571 	pop	ix
   037E C9            [10]  572 	ret
   037F                     573 ___str_18:
   037F 41 62 6F 75 74 20   574 	.ascii "About this tile"
        74 68 69 73 20 74
        69 6C 65
   038E 00                  575 	.db 0x00
   038F                     576 ___str_19:
   038F 42 75 69 6C 64 20   577 	.ascii "Build a railway"
        61 20 72 61 69 6C
        77 61 79
   039E 00                  578 	.db 0x00
   039F                     579 ___str_20:
   039F 42 75 69 6C 64 20   580 	.ascii "Build a station"
        61 20 73 74 61 74
        69 6F 6E
   03AE 00                  581 	.db 0x00
   03AF                     582 ___str_21:
   03AF 44 65 73 74 72 6F   583 	.ascii "Destroy"
        79
   03B6 00                  584 	.db 0x00
   03B7                     585 ___str_22:
   03B7 54 72 61 69 6E 20   586 	.ascii "Train management"
        6D 61 6E 61 67 65
        6D 65 6E 74
   03C7 00                  587 	.db 0x00
   03C8                     588 ___str_23:
   03C8 41 63 63 6F 75 6E   589 	.ascii "Accounting"
        74 69 6E 67
   03D2 00                  590 	.db 0x00
   03D3                     591 ___str_24:
   03D3 52 65 73 75 6D 65   592 	.ascii "Resume"
   03D9 00                  593 	.db 0x00
   03DA                     594 ___str_25:
   03DA 44 65 73 74 72 6F   595 	.ascii "Destroy this place will cost 100 $"
        79 20 74 68 69 73
        20 70 6C 61 63 65
        20 77 69 6C 6C 20
        63 6F 73 74 20 31
        30 30 20 24
   03FC 00                  596 	.db 0x00
   03FD                     597 ___str_26:
   03FD 00                  598 	.db 0x00
   03FE                     599 ___str_27:
   03FE 43 6F 6E 74 69 6E   600 	.ascii "Continue ?"
        75 65 20 3F
   0408 00                  601 	.db 0x00
                            602 ;src/game/game.c:134: void game()
                            603 ;	---------------------------------
                            604 ; Function game
                            605 ; ---------------------------------
   0409                     606 _game::
   0409 DD E5         [15]  607 	push	ix
   040B DD 21 00 00   [14]  608 	ld	ix,#0
   040F DD 39         [15]  609 	add	ix,sp
   0411 21 E0 FF      [10]  610 	ld	hl, #-32
   0414 39            [11]  611 	add	hl, sp
   0415 F9            [ 6]  612 	ld	sp, hl
                            613 ;src/game/game.c:137: int ulx = 0;
   0416 DD 36 E8 00   [19]  614 	ld	-24 (ix), #0x00
   041A DD 36 E9 00   [19]  615 	ld	-23 (ix), #0x00
                            616 ;src/game/game.c:138: int uly = 0;
   041E DD 36 E6 00   [19]  617 	ld	-26 (ix), #0x00
   0422 DD 36 E7 00   [19]  618 	ld	-25 (ix), #0x00
                            619 ;src/game/game.c:139: int xCursor = 10;
   0426 DD 36 EA 0A   [19]  620 	ld	-22 (ix), #0x0a
   042A DD 36 EB 00   [19]  621 	ld	-21 (ix), #0x00
                            622 ;src/game/game.c:140: int yCursor = 6;
   042E DD 36 EF 06   [19]  623 	ld	-17 (ix), #0x06
   0432 DD 36 F0 00   [19]  624 	ld	-16 (ix), #0x00
                            625 ;src/game/game.c:142: u8 exit=0;
   0436 DD 36 EC 00   [19]  626 	ld	-20 (ix), #0x00
                            627 ;src/game/game.c:144: nbTrainList=0;
   043A 21r00r00      [10]  628 	ld	hl,#_nbTrainList + 0
   043D 36 00         [10]  629 	ld	(hl), #0x00
                            630 ;src/game/game.c:146: drawBoxM2(50, 50);
   043F 21 32 00      [10]  631 	ld	hl, #0x0032
   0442 E5            [11]  632 	push	hl
   0443 2E 32         [ 7]  633 	ld	l, #0x32
   0445 E5            [11]  634 	push	hl
   0446 CDr00r00      [17]  635 	call	_drawBoxM2
   0449 F1            [10]  636 	pop	af
                            637 ;src/game/game.c:147: p_video = cpct_getScreenPtr(SCR_VMEM, 32, 95);
   044A 21 20 5F      [10]  638 	ld	hl, #0x5f20
   044D E3            [19]  639 	ex	(sp),hl
   044E 21 00 C0      [10]  640 	ld	hl, #0xc000
   0451 E5            [11]  641 	push	hl
   0452 CDr00r00      [17]  642 	call	_cpct_getScreenPtr
                            643 ;src/game/game.c:148: cpct_drawStringM2 ("Generating world...", p_video, 0);	
   0455 01rEBr0A      [10]  644 	ld	bc, #___str_31+0
   0458 AF            [ 4]  645 	xor	a, a
   0459 F5            [11]  646 	push	af
   045A 33            [ 6]  647 	inc	sp
   045B E5            [11]  648 	push	hl
   045C C5            [11]  649 	push	bc
   045D CDr00r00      [17]  650 	call	_cpct_drawStringM2
   0460 F1            [10]  651 	pop	af
   0461 F1            [10]  652 	pop	af
   0462 33            [ 6]  653 	inc	sp
                            654 ;src/game/game.c:150: generateWorld();
   0463 CDr00r00      [17]  655 	call	_generateWorld
                            656 ;src/game/game.c:152: putM1();
   0466 CDr00r00      [17]  657 	call	_putM1
                            658 ;src/game/game.c:153: cpct_clearScreen(cpct_px2byteM1(0,0,0,0));
   0469 21 00 00      [10]  659 	ld	hl, #0x0000
   046C E5            [11]  660 	push	hl
   046D 2E 00         [ 7]  661 	ld	l, #0x00
   046F E5            [11]  662 	push	hl
   0470 CDr00r00      [17]  663 	call	_cpct_px2byteM1
   0473 F1            [10]  664 	pop	af
   0474 F1            [10]  665 	pop	af
   0475 45            [ 4]  666 	ld	b, l
   0476 21 00 40      [10]  667 	ld	hl, #0x4000
   0479 E5            [11]  668 	push	hl
   047A C5            [11]  669 	push	bc
   047B 33            [ 6]  670 	inc	sp
   047C 26 C0         [ 7]  671 	ld	h, #0xc0
   047E E5            [11]  672 	push	hl
   047F CDr00r00      [17]  673 	call	_cpct_memset
                            674 ;src/game/game.c:154: drawWorld(ulx, uly);
   0482 21 00 00      [10]  675 	ld	hl, #0x0000
   0485 E5            [11]  676 	push	hl
   0486 CDr00r00      [17]  677 	call	_drawWorld
   0489 F1            [10]  678 	pop	af
                            679 ;src/game/game.c:157: do{
   048A                     680 00192$:
                            681 ;src/game/game.c:158: cpct_scanKeyboard(); 
   048A CDr00r00      [17]  682 	call	_cpct_scanKeyboard
                            683 ;src/game/game.c:160: if ( cpct_isKeyPressed(Key_CursorUp) )
   048D 21 00 01      [10]  684 	ld	hl, #0x0100
   0490 CDr00r00      [17]  685 	call	_cpct_isKeyPressed
   0493 DD 75 F2      [19]  686 	ld	-14 (ix), l
                            687 ;src/game/game.c:162: drawTile(ulx, uly, xCursor, yCursor);
   0496 DD 7E EF      [19]  688 	ld	a, -17 (ix)
   0499 DD 77 F6      [19]  689 	ld	-10 (ix), a
   049C DD 7E EA      [19]  690 	ld	a, -22 (ix)
   049F DD 77 F7      [19]  691 	ld	-9 (ix), a
   04A2 DD 7E E6      [19]  692 	ld	a, -26 (ix)
   04A5 DD 77 F3      [19]  693 	ld	-13 (ix), a
   04A8 DD 7E E8      [19]  694 	ld	a, -24 (ix)
   04AB DD 77 F1      [19]  695 	ld	-15 (ix), a
                            696 ;src/game/game.c:160: if ( cpct_isKeyPressed(Key_CursorUp) )
   04AE DD 7E F2      [19]  697 	ld	a, -14 (ix)
   04B1 B7            [ 4]  698 	or	a, a
   04B2 28 79         [12]  699 	jr	Z,00190$
                            700 ;src/game/game.c:162: drawTile(ulx, uly, xCursor, yCursor);
   04B4 DD 66 F6      [19]  701 	ld	h, -10 (ix)
   04B7 DD 6E F7      [19]  702 	ld	l, -9 (ix)
   04BA E5            [11]  703 	push	hl
   04BB DD 66 F3      [19]  704 	ld	h, -13 (ix)
   04BE DD 6E F1      [19]  705 	ld	l, -15 (ix)
   04C1 E5            [11]  706 	push	hl
   04C2 CDr00r00      [17]  707 	call	_drawTile
   04C5 F1            [10]  708 	pop	af
   04C6 F1            [10]  709 	pop	af
                            710 ;src/game/game.c:164: yCursor-=1;
   04C7 DD 6E EF      [19]  711 	ld	l,-17 (ix)
   04CA DD 66 F0      [19]  712 	ld	h,-16 (ix)
   04CD 2B            [ 6]  713 	dec	hl
   04CE DD 75 EF      [19]  714 	ld	-17 (ix), l
   04D1 DD 74 F0      [19]  715 	ld	-16 (ix), h
                            716 ;src/game/game.c:167: if(yCursor<0)
   04D4 DD CB F0 7E   [20]  717 	bit	7, -16 (ix)
   04D8 28 35         [12]  718 	jr	Z,00221$
                            719 ;src/game/game.c:169: yCursor=0;
   04DA DD 36 EF 00   [19]  720 	ld	-17 (ix), #0x00
   04DE DD 36 F0 00   [19]  721 	ld	-16 (ix), #0x00
                            722 ;src/game/game.c:172: if(uly>0)
   04E2 AF            [ 4]  723 	xor	a, a
   04E3 DD BE E6      [19]  724 	cp	a, -26 (ix)
   04E6 DD 9E E7      [19]  725 	sbc	a, -25 (ix)
   04E9 E2rEEr04      [10]  726 	jp	PO, 00418$
   04EC EE 80         [ 7]  727 	xor	a, #0x80
   04EE                     728 00418$:
   04EE F2r0Fr05      [10]  729 	jp	P, 00221$
                            730 ;src/game/game.c:174: uly-=1;
   04F1 DD 6E E6      [19]  731 	ld	l,-26 (ix)
   04F4 DD 66 E7      [19]  732 	ld	h,-25 (ix)
   04F7 2B            [ 6]  733 	dec	hl
   04F8 DD 75 E6      [19]  734 	ld	-26 (ix), l
   04FB DD 74 E7      [19]  735 	ld	-25 (ix), h
                            736 ;src/game/game.c:162: drawTile(ulx, uly, xCursor, yCursor);
   04FE DD 7E E6      [19]  737 	ld	a, -26 (ix)
                            738 ;src/game/game.c:175: drawWorld(ulx, uly);
   0501 DD 77 F3      [19]  739 	ld	-13 (ix), a
   0504 F5            [11]  740 	push	af
   0505 33            [ 6]  741 	inc	sp
   0506 DD 7E F1      [19]  742 	ld	a, -15 (ix)
   0509 F5            [11]  743 	push	af
   050A 33            [ 6]  744 	inc	sp
   050B CDr00r00      [17]  745 	call	_drawWorld
   050E F1            [10]  746 	pop	af
                            747 ;src/game/game.c:180: for(i=0; i<5000; i++) {}
   050F                     748 00221$:
   050F DD 36 ED 88   [19]  749 	ld	-19 (ix), #0x88
   0513 DD 36 EE 13   [19]  750 	ld	-18 (ix), #0x13
   0517                     751 00197$:
   0517 DD 6E ED      [19]  752 	ld	l,-19 (ix)
   051A DD 66 EE      [19]  753 	ld	h,-18 (ix)
   051D 2B            [ 6]  754 	dec	hl
   051E DD 75 ED      [19]  755 	ld	-19 (ix), l
   0521 DD 74 EE      [19]  756 	ld	-18 (ix), h
   0524 7C            [ 4]  757 	ld	a, h
   0525 DD B6 ED      [19]  758 	or	a,-19 (ix)
   0528 20 ED         [12]  759 	jr	NZ,00197$
   052A C3r85r0A      [10]  760 	jp	00191$
   052D                     761 00190$:
                            762 ;src/game/game.c:183: else if ( cpct_isKeyPressed(Key_CursorDown) )
   052D 21 00 04      [10]  763 	ld	hl, #0x0400
   0530 CDr00r00      [17]  764 	call	_cpct_isKeyPressed
   0533 7D            [ 4]  765 	ld	a, l
   0534 B7            [ 4]  766 	or	a, a
   0535 CArB3r05      [10]  767 	jp	Z, 00187$
                            768 ;src/game/game.c:185: drawTile(ulx, uly, xCursor, yCursor);
   0538 DD 66 F6      [19]  769 	ld	h, -10 (ix)
   053B DD 6E F7      [19]  770 	ld	l, -9 (ix)
   053E E5            [11]  771 	push	hl
   053F DD 66 F3      [19]  772 	ld	h, -13 (ix)
   0542 DD 6E F1      [19]  773 	ld	l, -15 (ix)
   0545 E5            [11]  774 	push	hl
   0546 CDr00r00      [17]  775 	call	_drawTile
   0549 F1            [10]  776 	pop	af
   054A F1            [10]  777 	pop	af
                            778 ;src/game/game.c:186: yCursor+=1;
   054B DD 34 EF      [23]  779 	inc	-17 (ix)
   054E 20 03         [12]  780 	jr	NZ,00419$
   0550 DD 34 F0      [23]  781 	inc	-16 (ix)
   0553                     782 00419$:
                            783 ;src/game/game.c:187: if(yCursor>NBTILE_H-1)
   0553 3E 0B         [ 7]  784 	ld	a, #0x0b
   0555 DD BE EF      [19]  785 	cp	a, -17 (ix)
   0558 3E 00         [ 7]  786 	ld	a, #0x00
   055A DD 9E F0      [19]  787 	sbc	a, -16 (ix)
   055D E2r62r05      [10]  788 	jp	PO, 00420$
   0560 EE 80         [ 7]  789 	xor	a, #0x80
   0562                     790 00420$:
   0562 F2r95r05      [10]  791 	jp	P, 00226$
                            792 ;src/game/game.c:189: yCursor=NBTILE_H-1;
   0565 DD 36 EF 0B   [19]  793 	ld	-17 (ix), #0x0b
   0569 DD 36 F0 00   [19]  794 	ld	-16 (ix), #0x00
                            795 ;src/game/game.c:190: if(uly<HEIGHT-NBTILE_H)
   056D DD 7E E6      [19]  796 	ld	a, -26 (ix)
   0570 D6 24         [ 7]  797 	sub	a, #0x24
   0572 DD 7E E7      [19]  798 	ld	a, -25 (ix)
   0575 17            [ 4]  799 	rla
   0576 3F            [ 4]  800 	ccf
   0577 1F            [ 4]  801 	rra
   0578 DE 80         [ 7]  802 	sbc	a, #0x80
   057A 30 19         [12]  803 	jr	NC,00226$
                            804 ;src/game/game.c:192: uly+=1;
   057C DD 34 E6      [23]  805 	inc	-26 (ix)
   057F 20 03         [12]  806 	jr	NZ,00421$
   0581 DD 34 E7      [23]  807 	inc	-25 (ix)
   0584                     808 00421$:
                            809 ;src/game/game.c:162: drawTile(ulx, uly, xCursor, yCursor);
   0584 DD 7E E6      [19]  810 	ld	a, -26 (ix)
                            811 ;src/game/game.c:193: drawWorld(ulx, uly);
   0587 DD 77 F3      [19]  812 	ld	-13 (ix), a
   058A F5            [11]  813 	push	af
   058B 33            [ 6]  814 	inc	sp
   058C DD 7E F1      [19]  815 	ld	a, -15 (ix)
   058F F5            [11]  816 	push	af
   0590 33            [ 6]  817 	inc	sp
   0591 CDr00r00      [17]  818 	call	_drawWorld
   0594 F1            [10]  819 	pop	af
                            820 ;src/game/game.c:198: for(i=0; i<5000; i++) {}
   0595                     821 00226$:
   0595 DD 36 ED 88   [19]  822 	ld	-19 (ix), #0x88
   0599 DD 36 EE 13   [19]  823 	ld	-18 (ix), #0x13
   059D                     824 00200$:
   059D DD 6E ED      [19]  825 	ld	l,-19 (ix)
   05A0 DD 66 EE      [19]  826 	ld	h,-18 (ix)
   05A3 2B            [ 6]  827 	dec	hl
   05A4 DD 75 ED      [19]  828 	ld	-19 (ix), l
   05A7 DD 74 EE      [19]  829 	ld	-18 (ix), h
   05AA 7C            [ 4]  830 	ld	a, h
   05AB DD B6 ED      [19]  831 	or	a,-19 (ix)
   05AE 20 ED         [12]  832 	jr	NZ,00200$
   05B0 C3r85r0A      [10]  833 	jp	00191$
   05B3                     834 00187$:
                            835 ;src/game/game.c:201: else if ( cpct_isKeyPressed(Key_CursorLeft) )
   05B3 21 01 01      [10]  836 	ld	hl, #0x0101
   05B6 CDr00r00      [17]  837 	call	_cpct_isKeyPressed
   05B9 7D            [ 4]  838 	ld	a, l
   05BA B7            [ 4]  839 	or	a, a
   05BB 28 66         [12]  840 	jr	Z,00184$
                            841 ;src/game/game.c:203: drawTile(ulx, uly, xCursor, yCursor);
   05BD DD 66 F6      [19]  842 	ld	h, -10 (ix)
   05C0 DD 6E F7      [19]  843 	ld	l, -9 (ix)
   05C3 E5            [11]  844 	push	hl
   05C4 DD 66 F3      [19]  845 	ld	h, -13 (ix)
   05C7 DD 6E F1      [19]  846 	ld	l, -15 (ix)
   05CA E5            [11]  847 	push	hl
   05CB CDr00r00      [17]  848 	call	_drawTile
   05CE F1            [10]  849 	pop	af
   05CF F1            [10]  850 	pop	af
                            851 ;src/game/game.c:204: xCursor-=1;
   05D0 DD 6E EA      [19]  852 	ld	l,-22 (ix)
   05D3 DD 66 EB      [19]  853 	ld	h,-21 (ix)
   05D6 2B            [ 6]  854 	dec	hl
   05D7 DD 75 EA      [19]  855 	ld	-22 (ix), l
   05DA DD 74 EB      [19]  856 	ld	-21 (ix), h
                            857 ;src/game/game.c:205: if(xCursor<0)
   05DD DD CB EB 7E   [20]  858 	bit	7, -21 (ix)
   05E1 28 35         [12]  859 	jr	Z,00231$
                            860 ;src/game/game.c:207: xCursor=0;
   05E3 DD 36 EA 00   [19]  861 	ld	-22 (ix), #0x00
   05E7 DD 36 EB 00   [19]  862 	ld	-21 (ix), #0x00
                            863 ;src/game/game.c:208: if(ulx>0)
   05EB AF            [ 4]  864 	xor	a, a
   05EC DD BE E8      [19]  865 	cp	a, -24 (ix)
   05EF DD 9E E9      [19]  866 	sbc	a, -23 (ix)
   05F2 E2rF7r05      [10]  867 	jp	PO, 00422$
   05F5 EE 80         [ 7]  868 	xor	a, #0x80
   05F7                     869 00422$:
   05F7 F2r18r06      [10]  870 	jp	P, 00231$
                            871 ;src/game/game.c:210: ulx-=1;
   05FA DD 6E E8      [19]  872 	ld	l,-24 (ix)
   05FD DD 66 E9      [19]  873 	ld	h,-23 (ix)
   0600 2B            [ 6]  874 	dec	hl
   0601 DD 75 E8      [19]  875 	ld	-24 (ix), l
   0604 DD 74 E9      [19]  876 	ld	-23 (ix), h
                            877 ;src/game/game.c:162: drawTile(ulx, uly, xCursor, yCursor);
   0607 DD 7E E8      [19]  878 	ld	a, -24 (ix)
   060A DD 77 F1      [19]  879 	ld	-15 (ix), a
                            880 ;src/game/game.c:211: drawWorld(ulx, uly);
   060D DD 66 F3      [19]  881 	ld	h, -13 (ix)
   0610 DD 6E F1      [19]  882 	ld	l, -15 (ix)
   0613 E5            [11]  883 	push	hl
   0614 CDr00r00      [17]  884 	call	_drawWorld
   0617 F1            [10]  885 	pop	af
                            886 ;src/game/game.c:216: for(i=0; i<14000; i++) {}
   0618                     887 00231$:
   0618 01 B0 36      [10]  888 	ld	bc, #0x36b0
   061B                     889 00203$:
   061B 0B            [ 6]  890 	dec	bc
   061C 78            [ 4]  891 	ld	a, b
   061D B1            [ 4]  892 	or	a,c
   061E 20 FB         [12]  893 	jr	NZ,00203$
   0620 C3r85r0A      [10]  894 	jp	00191$
   0623                     895 00184$:
                            896 ;src/game/game.c:219: else if ( cpct_isKeyPressed(Key_CursorRight) )
   0623 21 00 02      [10]  897 	ld	hl, #0x0200
   0626 CDr00r00      [17]  898 	call	_cpct_isKeyPressed
   0629 7D            [ 4]  899 	ld	a, l
   062A B7            [ 4]  900 	or	a, a
   062B 28 68         [12]  901 	jr	Z,00181$
                            902 ;src/game/game.c:221: drawTile(ulx, uly, xCursor, yCursor);
   062D DD 66 F6      [19]  903 	ld	h, -10 (ix)
   0630 DD 6E F7      [19]  904 	ld	l, -9 (ix)
   0633 E5            [11]  905 	push	hl
   0634 DD 66 F3      [19]  906 	ld	h, -13 (ix)
   0637 DD 6E F1      [19]  907 	ld	l, -15 (ix)
   063A E5            [11]  908 	push	hl
   063B CDr00r00      [17]  909 	call	_drawTile
   063E F1            [10]  910 	pop	af
   063F F1            [10]  911 	pop	af
                            912 ;src/game/game.c:222: xCursor+=1;
   0640 DD 34 EA      [23]  913 	inc	-22 (ix)
   0643 20 03         [12]  914 	jr	NZ,00423$
   0645 DD 34 EB      [23]  915 	inc	-21 (ix)
   0648                     916 00423$:
                            917 ;src/game/game.c:223: if(xCursor>NBTILE_W-1)
   0648 3E 13         [ 7]  918 	ld	a, #0x13
   064A DD BE EA      [19]  919 	cp	a, -22 (ix)
   064D 3E 00         [ 7]  920 	ld	a, #0x00
   064F DD 9E EB      [19]  921 	sbc	a, -21 (ix)
   0652 E2r57r06      [10]  922 	jp	PO, 00424$
   0655 EE 80         [ 7]  923 	xor	a, #0x80
   0657                     924 00424$:
   0657 F2r8Ar06      [10]  925 	jp	P, 00236$
                            926 ;src/game/game.c:225: xCursor=NBTILE_W-1;
   065A DD 36 EA 13   [19]  927 	ld	-22 (ix), #0x13
   065E DD 36 EB 00   [19]  928 	ld	-21 (ix), #0x00
                            929 ;src/game/game.c:226: if(ulx<WIDTH-NBTILE_W)
   0662 DD 7E E8      [19]  930 	ld	a, -24 (ix)
   0665 D6 3C         [ 7]  931 	sub	a, #0x3c
   0667 DD 7E E9      [19]  932 	ld	a, -23 (ix)
   066A 17            [ 4]  933 	rla
   066B 3F            [ 4]  934 	ccf
   066C 1F            [ 4]  935 	rra
   066D DE 80         [ 7]  936 	sbc	a, #0x80
   066F 30 19         [12]  937 	jr	NC,00236$
                            938 ;src/game/game.c:228: ulx+=1;
   0671 DD 34 E8      [23]  939 	inc	-24 (ix)
   0674 20 03         [12]  940 	jr	NZ,00425$
   0676 DD 34 E9      [23]  941 	inc	-23 (ix)
   0679                     942 00425$:
                            943 ;src/game/game.c:162: drawTile(ulx, uly, xCursor, yCursor);
   0679 DD 7E E8      [19]  944 	ld	a, -24 (ix)
   067C DD 77 F1      [19]  945 	ld	-15 (ix), a
                            946 ;src/game/game.c:229: drawWorld(ulx, uly);
   067F DD 66 F3      [19]  947 	ld	h, -13 (ix)
   0682 DD 6E F1      [19]  948 	ld	l, -15 (ix)
   0685 E5            [11]  949 	push	hl
   0686 CDr00r00      [17]  950 	call	_drawWorld
   0689 F1            [10]  951 	pop	af
                            952 ;src/game/game.c:234: for(i=0; i<14000; i++) {}
   068A                     953 00236$:
   068A 01 B0 36      [10]  954 	ld	bc, #0x36b0
   068D                     955 00206$:
   068D 0B            [ 6]  956 	dec	bc
   068E 78            [ 4]  957 	ld	a, b
   068F B1            [ 4]  958 	or	a,c
   0690 20 FB         [12]  959 	jr	NZ,00206$
   0692 C3r85r0A      [10]  960 	jp	00191$
   0695                     961 00181$:
                            962 ;src/game/game.c:238: else if ( cpct_isKeyPressed(Key_Space) )
   0695 21 05 80      [10]  963 	ld	hl, #0x8005
   0698 CDr00r00      [17]  964 	call	_cpct_isKeyPressed
   069B 7D            [ 4]  965 	ld	a, l
   069C B7            [ 4]  966 	or	a, a
   069D CAr38r07      [10]  967 	jp	Z, 00178$
                            968 ;src/game/game.c:240: if(CURSOR_MODE==T_SSNS)
   06A0 FD 21r00r00   [14]  969 	ld	iy, #_CURSOR_MODE
   06A4 FD 7E 00      [19]  970 	ld	a, 0 (iy)
   06A7 D6 02         [ 7]  971 	sub	a, #0x02
   06A9 20 07         [12]  972 	jr	NZ,00143$
                            973 ;src/game/game.c:241: CURSOR_MODE=T_SSEW;
   06AB FD 36 00 03   [19]  974 	ld	0 (iy), #0x03
   06AF C3r2Dr07      [10]  975 	jp	00248$
   06B2                     976 00143$:
                            977 ;src/game/game.c:242: else if(CURSOR_MODE==T_SSEW)
   06B2 FD 21r00r00   [14]  978 	ld	iy, #_CURSOR_MODE
   06B6 FD 7E 00      [19]  979 	ld	a, 0 (iy)
   06B9 D6 03         [ 7]  980 	sub	a, #0x03
   06BB 20 06         [12]  981 	jr	NZ,00140$
                            982 ;src/game/game.c:243: CURSOR_MODE=T_SSNS;
   06BD FD 36 00 02   [19]  983 	ld	0 (iy), #0x02
   06C1 18 6A         [12]  984 	jr	00248$
   06C3                     985 00140$:
                            986 ;src/game/game.c:244: else if(CURSOR_MODE==T_SMNS)
   06C3 FD 21r00r00   [14]  987 	ld	iy, #_CURSOR_MODE
   06C7 FD 7E 00      [19]  988 	ld	a, 0 (iy)
   06CA D6 04         [ 7]  989 	sub	a, #0x04
   06CC 20 06         [12]  990 	jr	NZ,00137$
                            991 ;src/game/game.c:245: CURSOR_MODE=T_SMEW;
   06CE FD 36 00 05   [19]  992 	ld	0 (iy), #0x05
   06D2 18 59         [12]  993 	jr	00248$
   06D4                     994 00137$:
                            995 ;src/game/game.c:246: else if(CURSOR_MODE==T_SMEW)
   06D4 FD 21r00r00   [14]  996 	ld	iy, #_CURSOR_MODE
   06D8 FD 7E 00      [19]  997 	ld	a, 0 (iy)
   06DB D6 05         [ 7]  998 	sub	a, #0x05
   06DD 20 06         [12]  999 	jr	NZ,00134$
                           1000 ;src/game/game.c:247: CURSOR_MODE=T_SMNS;
   06DF FD 36 00 04   [19] 1001 	ld	0 (iy), #0x04
   06E3 18 48         [12] 1002 	jr	00248$
   06E5                    1003 00134$:
                           1004 ;src/game/game.c:248: else if(CURSOR_MODE==T_SLNS)
   06E5 FD 21r00r00   [14] 1005 	ld	iy, #_CURSOR_MODE
   06E9 FD 7E 00      [19] 1006 	ld	a, 0 (iy)
   06EC D6 06         [ 7] 1007 	sub	a, #0x06
   06EE 20 06         [12] 1008 	jr	NZ,00131$
                           1009 ;src/game/game.c:249: CURSOR_MODE=T_SLEW;
   06F0 FD 36 00 07   [19] 1010 	ld	0 (iy), #0x07
   06F4 18 37         [12] 1011 	jr	00248$
   06F6                    1012 00131$:
                           1013 ;src/game/game.c:250: else if(CURSOR_MODE==T_SLEW)
   06F6 FD 21r00r00   [14] 1014 	ld	iy, #_CURSOR_MODE
   06FA FD 7E 00      [19] 1015 	ld	a, 0 (iy)
   06FD D6 07         [ 7] 1016 	sub	a, #0x07
   06FF 20 06         [12] 1017 	jr	NZ,00128$
                           1018 ;src/game/game.c:251: CURSOR_MODE=T_SLNS;
   0701 FD 36 00 06   [19] 1019 	ld	0 (iy), #0x06
   0705 18 26         [12] 1020 	jr	00248$
   0707                    1021 00128$:
                           1022 ;src/game/game.c:252: else if(CURSOR_MODE>=T_REW && CURSOR_MODE<T_RNSW)
   0707 FD 21r00r00   [14] 1023 	ld	iy, #_CURSOR_MODE
   070B FD 7E 00      [19] 1024 	ld	a, 0 (iy)
   070E D6 08         [ 7] 1025 	sub	a, #0x08
   0710 38 0C         [12] 1026 	jr	C,00124$
   0712 FD 7E 00      [19] 1027 	ld	a, 0 (iy)
   0715 D6 11         [ 7] 1028 	sub	a, #0x11
   0717 30 05         [12] 1029 	jr	NC,00124$
                           1030 ;src/game/game.c:253: CURSOR_MODE+=1;
   0719 FD 34 00      [23] 1031 	inc	0 (iy)
   071C 18 0F         [12] 1032 	jr	00248$
   071E                    1033 00124$:
                           1034 ;src/game/game.c:254: else if(CURSOR_MODE==T_RNSW)
   071E FD 21r00r00   [14] 1035 	ld	iy, #_CURSOR_MODE
   0722 FD 7E 00      [19] 1036 	ld	a, 0 (iy)
   0725 D6 11         [ 7] 1037 	sub	a, #0x11
   0727 20 04         [12] 1038 	jr	NZ,00248$
                           1039 ;src/game/game.c:255: CURSOR_MODE=T_REW;
   0729 FD 36 00 08   [19] 1040 	ld	0 (iy), #0x08
                           1041 ;src/game/game.c:257: for(i=0; i<14000; i++) {}
   072D                    1042 00248$:
   072D 01 B0 36      [10] 1043 	ld	bc, #0x36b0
   0730                    1044 00209$:
   0730 0B            [ 6] 1045 	dec	bc
   0731 78            [ 4] 1046 	ld	a, b
   0732 B1            [ 4] 1047 	or	a,c
   0733 20 FB         [12] 1048 	jr	NZ,00209$
   0735 C3r85r0A      [10] 1049 	jp	00191$
   0738                    1050 00178$:
                           1051 ;src/game/game.c:260: else if ( cpct_isKeyPressed(Key_Esc) )
   0738 21 08 04      [10] 1052 	ld	hl, #0x0408
   073B CDr00r00      [17] 1053 	call	_cpct_isKeyPressed
   073E 7D            [ 4] 1054 	ld	a, l
   073F B7            [ 4] 1055 	or	a, a
   0740 CAr03r08      [10] 1056 	jp	Z, 00175$
                           1057 ;src/game/game.c:263: if(CURSOR_MODE==NONE)
   0743 3Ar00r00      [13] 1058 	ld	a,(#_CURSOR_MODE + 0)
   0746 B7            [ 4] 1059 	or	a, a
   0747 C2rE0r07      [10] 1060 	jp	NZ, 00150$
                           1061 ;src/game/game.c:266: const char *txtWindowQuit[] = { 
   074A 21 00 00      [10] 1062 	ld	hl, #0x0000
   074D 39            [11] 1063 	add	hl, sp
   074E DD 75 F4      [19] 1064 	ld	-12 (ix), l
   0751 DD 74 F5      [19] 1065 	ld	-11 (ix), h
   0754 36rB6         [10] 1066 	ld	(hl), #<(___str_28)
   0756 23            [ 6] 1067 	inc	hl
   0757 36s0A         [10] 1068 	ld	(hl), #>(___str_28)
   0759 DD 7E F4      [19] 1069 	ld	a, -12 (ix)
   075C C6 02         [ 7] 1070 	add	a, #0x02
   075E DD 77 FE      [19] 1071 	ld	-2 (ix), a
   0761 DD 7E F5      [19] 1072 	ld	a, -11 (ix)
   0764 CE 00         [ 7] 1073 	adc	a, #0x00
   0766 DD 77 FF      [19] 1074 	ld	-1 (ix), a
   0769 DD 6E FE      [19] 1075 	ld	l,-2 (ix)
   076C DD 66 FF      [19] 1076 	ld	h,-1 (ix)
   076F 36rC4         [10] 1077 	ld	(hl), #<(___str_29)
   0771 23            [ 6] 1078 	inc	hl
   0772 36s0A         [10] 1079 	ld	(hl), #>(___str_29)
   0774 DD 7E F4      [19] 1080 	ld	a, -12 (ix)
   0777 C6 04         [ 7] 1081 	add	a, #0x04
   0779 DD 77 FE      [19] 1082 	ld	-2 (ix), a
   077C DD 7E F5      [19] 1083 	ld	a, -11 (ix)
   077F CE 00         [ 7] 1084 	adc	a, #0x00
   0781 DD 77 FF      [19] 1085 	ld	-1 (ix), a
   0784 DD 6E FE      [19] 1086 	ld	l,-2 (ix)
   0787 DD 66 FF      [19] 1087 	ld	h,-1 (ix)
   078A 36rC5         [10] 1088 	ld	(hl), #<(___str_30)
   078C 23            [ 6] 1089 	inc	hl
   078D 36s0A         [10] 1090 	ld	(hl), #>(___str_30)
                           1091 ;src/game/game.c:272: putM2();
   078F CDr00r00      [17] 1092 	call	_putM2
                           1093 ;src/game/game.c:273: if(	drawWindow(txtWindowQuit,3,1) == 1)
   0792 DD 7E F4      [19] 1094 	ld	a, -12 (ix)
   0795 DD 77 FE      [19] 1095 	ld	-2 (ix), a
   0798 DD 7E F5      [19] 1096 	ld	a, -11 (ix)
   079B DD 77 FF      [19] 1097 	ld	-1 (ix), a
   079E 21 03 01      [10] 1098 	ld	hl, #0x0103
   07A1 E5            [11] 1099 	push	hl
   07A2 DD 6E FE      [19] 1100 	ld	l,-2 (ix)
   07A5 DD 66 FF      [19] 1101 	ld	h,-1 (ix)
   07A8 E5            [11] 1102 	push	hl
   07A9 CDr00r00      [17] 1103 	call	_drawWindow
   07AC F1            [10] 1104 	pop	af
   07AD F1            [10] 1105 	pop	af
   07AE 2D            [ 4] 1106 	dec	l
   07AF 20 06         [12] 1107 	jr	NZ,00147$
                           1108 ;src/game/game.c:274: exit=1;
   07B1 DD 36 EC 01   [19] 1109 	ld	-20 (ix), #0x01
   07B5 18 41         [12] 1110 	jr	00253$
   07B7                    1111 00147$:
                           1112 ;src/game/game.c:277: putM1();
   07B7 CDr00r00      [17] 1113 	call	_putM1
                           1114 ;src/game/game.c:278: cpct_clearScreen(cpct_px2byteM1(0,0,0,0));	
   07BA 21 00 00      [10] 1115 	ld	hl, #0x0000
   07BD E5            [11] 1116 	push	hl
   07BE 2E 00         [ 7] 1117 	ld	l, #0x00
   07C0 E5            [11] 1118 	push	hl
   07C1 CDr00r00      [17] 1119 	call	_cpct_px2byteM1
   07C4 F1            [10] 1120 	pop	af
   07C5 F1            [10] 1121 	pop	af
   07C6 45            [ 4] 1122 	ld	b, l
   07C7 21 00 40      [10] 1123 	ld	hl, #0x4000
   07CA E5            [11] 1124 	push	hl
   07CB C5            [11] 1125 	push	bc
   07CC 33            [ 6] 1126 	inc	sp
   07CD 26 C0         [ 7] 1127 	ld	h, #0xc0
   07CF E5            [11] 1128 	push	hl
   07D0 CDr00r00      [17] 1129 	call	_cpct_memset
                           1130 ;src/game/game.c:279: drawWorld(ulx, uly);
   07D3 DD 66 F3      [19] 1131 	ld	h, -13 (ix)
   07D6 DD 6E F1      [19] 1132 	ld	l, -15 (ix)
   07D9 E5            [11] 1133 	push	hl
   07DA CDr00r00      [17] 1134 	call	_drawWorld
   07DD F1            [10] 1135 	pop	af
   07DE 18 18         [12] 1136 	jr	00253$
   07E0                    1137 00150$:
                           1138 ;src/game/game.c:284: CURSOR_MODE=NONE;
   07E0 21r00r00      [10] 1139 	ld	hl,#_CURSOR_MODE + 0
   07E3 36 00         [10] 1140 	ld	(hl), #0x00
                           1141 ;src/game/game.c:285: drawTile(ulx, uly, xCursor, yCursor);
   07E5 DD 66 F6      [19] 1142 	ld	h, -10 (ix)
   07E8 DD 6E F7      [19] 1143 	ld	l, -9 (ix)
   07EB E5            [11] 1144 	push	hl
   07EC DD 66 F3      [19] 1145 	ld	h, -13 (ix)
   07EF DD 6E F1      [19] 1146 	ld	l, -15 (ix)
   07F2 E5            [11] 1147 	push	hl
   07F3 CDr00r00      [17] 1148 	call	_drawTile
   07F6 F1            [10] 1149 	pop	af
   07F7 F1            [10] 1150 	pop	af
                           1151 ;src/game/game.c:289: for(i=0; i<14000; i++) {}
   07F8                    1152 00253$:
   07F8 01 B0 36      [10] 1153 	ld	bc, #0x36b0
   07FB                    1154 00212$:
   07FB 0B            [ 6] 1155 	dec	bc
   07FC 78            [ 4] 1156 	ld	a, b
   07FD B1            [ 4] 1157 	or	a,c
   07FE 20 FB         [12] 1158 	jr	NZ,00212$
   0800 C3r85r0A      [10] 1159 	jp	00191$
   0803                    1160 00175$:
                           1161 ;src/game/game.c:292: else if ( cpct_isKeyPressed(Key_Return) )
   0803 21 02 04      [10] 1162 	ld	hl, #0x0402
   0806 CDr00r00      [17] 1163 	call	_cpct_isKeyPressed
   0809 7D            [ 4] 1164 	ld	a, l
   080A B7            [ 4] 1165 	or	a, a
   080B CAr85r0A      [10] 1166 	jp	Z, 00191$
                           1167 ;src/game/game.c:297: menuTile(ulx+xCursor, uly+yCursor);
   080E DD 5E E6      [19] 1168 	ld	e, -26 (ix)
   0811 DD 6E EF      [19] 1169 	ld	l, -17 (ix)
   0814 DD 4E E8      [19] 1170 	ld	c, -24 (ix)
   0817 DD 7E EA      [19] 1171 	ld	a, -22 (ix)
   081A DD 77 FE      [19] 1172 	ld	-2 (ix), a
   081D 7B            [ 4] 1173 	ld	a, e
   081E 85            [ 4] 1174 	add	a, l
   081F DD 77 F4      [19] 1175 	ld	-12 (ix), a
   0822 79            [ 4] 1176 	ld	a, c
   0823 DD 86 FE      [19] 1177 	add	a, -2 (ix)
   0826 DD 77 FE      [19] 1178 	ld	-2 (ix), a
                           1179 ;src/game/game.c:295: if(CURSOR_MODE==NONE)
   0829 3Ar00r00      [13] 1180 	ld	a,(#_CURSOR_MODE + 0)
   082C B7            [ 4] 1181 	or	a, a
   082D 20 32         [12] 1182 	jr	NZ,00169$
                           1183 ;src/game/game.c:297: menuTile(ulx+xCursor, uly+yCursor);
   082F DD 66 F4      [19] 1184 	ld	h, -12 (ix)
   0832 DD 6E FE      [19] 1185 	ld	l, -2 (ix)
   0835 E5            [11] 1186 	push	hl
   0836 CDr5Br02      [17] 1187 	call	_menuTile
   0839 F1            [10] 1188 	pop	af
                           1189 ;src/game/game.c:298: cpct_clearScreen(cpct_px2byteM1(0,0,0,0));	
   083A 21 00 00      [10] 1190 	ld	hl, #0x0000
   083D E5            [11] 1191 	push	hl
   083E 2E 00         [ 7] 1192 	ld	l, #0x00
   0840 E5            [11] 1193 	push	hl
   0841 CDr00r00      [17] 1194 	call	_cpct_px2byteM1
   0844 F1            [10] 1195 	pop	af
   0845 F1            [10] 1196 	pop	af
   0846 45            [ 4] 1197 	ld	b, l
   0847 21 00 40      [10] 1198 	ld	hl, #0x4000
   084A E5            [11] 1199 	push	hl
   084B C5            [11] 1200 	push	bc
   084C 33            [ 6] 1201 	inc	sp
   084D 26 C0         [ 7] 1202 	ld	h, #0xc0
   084F E5            [11] 1203 	push	hl
   0850 CDr00r00      [17] 1204 	call	_cpct_memset
                           1205 ;src/game/game.c:299: drawWorld(ulx, uly);
   0853 DD 66 F3      [19] 1206 	ld	h, -13 (ix)
   0856 DD 6E F1      [19] 1207 	ld	l, -15 (ix)
   0859 E5            [11] 1208 	push	hl
   085A CDr00r00      [17] 1209 	call	_drawWorld
   085D F1            [10] 1210 	pop	af
   085E C3r7Dr0A      [10] 1211 	jp	00264$
   0861                    1212 00169$:
                           1213 ;src/game/game.c:304: if(p_world[(uly+yCursor)*WIDTH+(ulx+xCursor)] >= SSNS && p_world[(uly+yCursor)*WIDTH+(ulx+xCursor)] <= SLEW )
   0861 DD 7E E6      [19] 1214 	ld	a, -26 (ix)
   0864 DD 86 EF      [19] 1215 	add	a, -17 (ix)
   0867 4F            [ 4] 1216 	ld	c, a
   0868 DD 7E E7      [19] 1217 	ld	a, -25 (ix)
   086B DD 8E F0      [19] 1218 	adc	a, -16 (ix)
   086E 47            [ 4] 1219 	ld	b, a
   086F DD 7E E8      [19] 1220 	ld	a, -24 (ix)
   0872 DD 86 EA      [19] 1221 	add	a, -22 (ix)
   0875 DD 77 FC      [19] 1222 	ld	-4 (ix), a
   0878 DD 7E E9      [19] 1223 	ld	a, -23 (ix)
   087B DD 8E EB      [19] 1224 	adc	a, -21 (ix)
   087E DD 77 FD      [19] 1225 	ld	-3 (ix), a
   0881 69            [ 4] 1226 	ld	l, c
   0882 60            [ 4] 1227 	ld	h, b
   0883 29            [11] 1228 	add	hl, hl
   0884 29            [11] 1229 	add	hl, hl
   0885 09            [11] 1230 	add	hl, bc
   0886 29            [11] 1231 	add	hl, hl
   0887 29            [11] 1232 	add	hl, hl
   0888 29            [11] 1233 	add	hl, hl
   0889 29            [11] 1234 	add	hl, hl
   088A 7D            [ 4] 1235 	ld	a, l
   088B DD 86 FC      [19] 1236 	add	a, -4 (ix)
   088E DD 77 FA      [19] 1237 	ld	-6 (ix), a
   0891 7C            [ 4] 1238 	ld	a, h
   0892 DD 8E FD      [19] 1239 	adc	a, -3 (ix)
   0895 DD 77 FB      [19] 1240 	ld	-5 (ix), a
                           1241 ;src/game/game.c:301: else if(CURSOR_MODE==PUTTRAIN)
   0898 3Ar00r00      [13] 1242 	ld	a,(#_CURSOR_MODE + 0)
   089B 3D            [ 4] 1243 	dec	a
   089C C2r55r0A      [10] 1244 	jp	NZ,00166$
                           1245 ;src/game/game.c:304: if(p_world[(uly+yCursor)*WIDTH+(ulx+xCursor)] >= SSNS && p_world[(uly+yCursor)*WIDTH+(ulx+xCursor)] <= SLEW )
   089F 3Er00         [ 7] 1246 	ld	a, #<(_p_world)
   08A1 DD 86 FA      [19] 1247 	add	a, -6 (ix)
   08A4 6F            [ 4] 1248 	ld	l, a
   08A5 3Es00         [ 7] 1249 	ld	a, #>(_p_world)
   08A7 DD 8E FB      [19] 1250 	adc	a, -5 (ix)
   08AA 67            [ 4] 1251 	ld	h, a
   08AB 4E            [ 7] 1252 	ld	c, (hl)
   08AC 79            [ 4] 1253 	ld	a, c
   08AD D6 0A         [ 7] 1254 	sub	a, #0x0a
   08AF DAr7Dr0A      [10] 1255 	jp	C, 00264$
   08B2 3E 0F         [ 7] 1256 	ld	a, #0x0f
   08B4 91            [ 4] 1257 	sub	a, c
   08B5 DAr7Dr0A      [10] 1258 	jp	C, 00264$
                           1259 ;src/game/game.c:307: trainList[nbTrainList].posX = ulx+xCursor;
   08B8 ED 4Br00r00   [20] 1260 	ld	bc, (_nbTrainList)
   08BC 06 00         [ 7] 1261 	ld	b, #0x00
   08BE 69            [ 4] 1262 	ld	l, c
   08BF 60            [ 4] 1263 	ld	h, b
   08C0 29            [11] 1264 	add	hl, hl
   08C1 29            [11] 1265 	add	hl, hl
   08C2 09            [11] 1266 	add	hl, bc
   08C3 29            [11] 1267 	add	hl, hl
   08C4 09            [11] 1268 	add	hl, bc
   08C5 4D            [ 4] 1269 	ld	c, l
   08C6 44            [ 4] 1270 	ld	b, h
   08C7 2Ar00r00      [16] 1271 	ld	hl, (_trainList)
   08CA 09            [11] 1272 	add	hl, bc
   08CB 01 04 00      [10] 1273 	ld	bc, #0x0004
   08CE 09            [11] 1274 	add	hl, bc
   08CF DD 7E FE      [19] 1275 	ld	a, -2 (ix)
   08D2 77            [ 7] 1276 	ld	(hl), a
                           1277 ;src/game/game.c:308: trainList[nbTrainList].posY = uly+yCursor;
   08D3 ED 4Br00r00   [20] 1278 	ld	bc, (_nbTrainList)
   08D7 06 00         [ 7] 1279 	ld	b, #0x00
   08D9 69            [ 4] 1280 	ld	l, c
   08DA 60            [ 4] 1281 	ld	h, b
   08DB 29            [11] 1282 	add	hl, hl
   08DC 29            [11] 1283 	add	hl, hl
   08DD 09            [11] 1284 	add	hl, bc
   08DE 29            [11] 1285 	add	hl, hl
   08DF 09            [11] 1286 	add	hl, bc
   08E0 4D            [ 4] 1287 	ld	c, l
   08E1 44            [ 4] 1288 	ld	b, h
   08E2 2Ar00r00      [16] 1289 	ld	hl, (_trainList)
   08E5 09            [11] 1290 	add	hl, bc
   08E6 01 05 00      [10] 1291 	ld	bc, #0x0005
   08E9 09            [11] 1292 	add	hl, bc
   08EA DD 7E F4      [19] 1293 	ld	a, -12 (ix)
   08ED 77            [ 7] 1294 	ld	(hl), a
                           1295 ;src/game/game.c:310: trainList[nbTrainList].animX = (ulx+xCursor)*TILESIZE_H+8;
   08EE ED 4Br00r00   [20] 1296 	ld	bc, (_nbTrainList)
   08F2 06 00         [ 7] 1297 	ld	b, #0x00
   08F4 69            [ 4] 1298 	ld	l, c
   08F5 60            [ 4] 1299 	ld	h, b
   08F6 29            [11] 1300 	add	hl, hl
   08F7 29            [11] 1301 	add	hl, hl
   08F8 09            [11] 1302 	add	hl, bc
   08F9 29            [11] 1303 	add	hl, hl
   08FA 09            [11] 1304 	add	hl, bc
   08FB 4D            [ 4] 1305 	ld	c, l
   08FC 44            [ 4] 1306 	ld	b, h
   08FD 2Ar00r00      [16] 1307 	ld	hl, (_trainList)
   0900 09            [11] 1308 	add	hl, bc
   0901 01 07 00      [10] 1309 	ld	bc, #0x0007
   0904 09            [11] 1310 	add	hl, bc
   0905 DD 7E FE      [19] 1311 	ld	a, -2 (ix)
   0908 07            [ 4] 1312 	rlca
   0909 07            [ 4] 1313 	rlca
   090A 07            [ 4] 1314 	rlca
   090B 07            [ 4] 1315 	rlca
   090C E6 F0         [ 7] 1316 	and	a, #0xf0
   090E C6 08         [ 7] 1317 	add	a, #0x08
   0910 77            [ 7] 1318 	ld	(hl), a
                           1319 ;src/game/game.c:311: trainList[nbTrainList].animY = (uly+yCursor)*TILESIZE_H+8;
   0911 ED 4Br00r00   [20] 1320 	ld	bc, (_nbTrainList)
   0915 06 00         [ 7] 1321 	ld	b, #0x00
   0917 69            [ 4] 1322 	ld	l, c
   0918 60            [ 4] 1323 	ld	h, b
   0919 29            [11] 1324 	add	hl, hl
   091A 29            [11] 1325 	add	hl, hl
   091B 09            [11] 1326 	add	hl, bc
   091C 29            [11] 1327 	add	hl, hl
   091D 09            [11] 1328 	add	hl, bc
   091E 4D            [ 4] 1329 	ld	c, l
   091F 44            [ 4] 1330 	ld	b, h
   0920 2Ar00r00      [16] 1331 	ld	hl, (_trainList)
   0923 09            [11] 1332 	add	hl, bc
   0924 01 08 00      [10] 1333 	ld	bc, #0x0008
   0927 09            [11] 1334 	add	hl, bc
   0928 DD 7E F4      [19] 1335 	ld	a, -12 (ix)
   092B 07            [ 4] 1336 	rlca
   092C 07            [ 4] 1337 	rlca
   092D 07            [ 4] 1338 	rlca
   092E 07            [ 4] 1339 	rlca
   092F E6 F0         [ 7] 1340 	and	a, #0xf0
   0931 DD 77 FE      [19] 1341 	ld	-2 (ix), a
   0934 C6 08         [ 7] 1342 	add	a, #0x08
   0936 DD 77 F4      [19] 1343 	ld	-12 (ix), a
   0939 77            [ 7] 1344 	ld	(hl),a
                           1345 ;src/game/game.c:318: if( p_world[trainList[nbTrainList].posY*WIDTH+trainList[nbTrainList].posX] == SSNS ||
   093A ED 4Br00r00   [20] 1346 	ld	bc, (_nbTrainList)
   093E 06 00         [ 7] 1347 	ld	b, #0x00
   0940 69            [ 4] 1348 	ld	l, c
   0941 60            [ 4] 1349 	ld	h, b
   0942 29            [11] 1350 	add	hl, hl
   0943 29            [11] 1351 	add	hl, hl
   0944 09            [11] 1352 	add	hl, bc
   0945 29            [11] 1353 	add	hl, hl
   0946 09            [11] 1354 	add	hl, bc
   0947 4D            [ 4] 1355 	ld	c, l
   0948 44            [ 4] 1356 	ld	b, h
   0949 FD 2Ar00r00   [20] 1357 	ld	iy, (_trainList)
   094D FD 09         [15] 1358 	add	iy, bc
   094F FD E5         [15] 1359 	push	iy
   0951 E1            [10] 1360 	pop	hl
   0952 11 05 00      [10] 1361 	ld	de, #0x0005
   0955 19            [11] 1362 	add	hl, de
   0956 4E            [ 7] 1363 	ld	c, (hl)
   0957 06 00         [ 7] 1364 	ld	b,#0x00
   0959 69            [ 4] 1365 	ld	l, c
   095A 60            [ 4] 1366 	ld	h, b
   095B 29            [11] 1367 	add	hl, hl
   095C 29            [11] 1368 	add	hl, hl
   095D 09            [11] 1369 	add	hl, bc
   095E 29            [11] 1370 	add	hl, hl
   095F 29            [11] 1371 	add	hl, hl
   0960 29            [11] 1372 	add	hl, hl
   0961 29            [11] 1373 	add	hl, hl
   0962 4D            [ 4] 1374 	ld	c, l
   0963 44            [ 4] 1375 	ld	b, h
   0964 FD 6E 04      [19] 1376 	ld	l, 4 (iy)
   0967 26 00         [ 7] 1377 	ld	h, #0x00
   0969 09            [11] 1378 	add	hl, bc
   096A 11r00r00      [10] 1379 	ld	de, #_p_world
   096D 19            [11] 1380 	add	hl, de
   096E 7E            [ 7] 1381 	ld	a, (hl)
   096F DD 77 F2      [19] 1382 	ld	-14 (ix), a
                           1383 ;src/game/game.c:322: setPixel((ulx+xCursor)*TILESIZE_H+8, (uly+yCursor)*TILESIZE_H+8, 3);
   0972 3E 05         [ 7] 1384 	ld	a, #0x04+1
   0974 18 08         [12] 1385 	jr	00445$
   0976                    1386 00444$:
   0976 DD CB FC 26   [23] 1387 	sla	-4 (ix)
   097A DD CB FD 16   [23] 1388 	rl	-3 (ix)
   097E                    1389 00445$:
   097E 3D            [ 4] 1390 	dec	a
   097F 20 F5         [12] 1391 	jr	NZ,00444$
   0981 DD 7E FC      [19] 1392 	ld	a, -4 (ix)
   0984 C6 08         [ 7] 1393 	add	a, #0x08
   0986 DD 77 F8      [19] 1394 	ld	-8 (ix), a
   0989 DD 7E FD      [19] 1395 	ld	a, -3 (ix)
   098C CE 00         [ 7] 1396 	adc	a, #0x00
   098E DD 77 F9      [19] 1397 	ld	-7 (ix), a
                           1398 ;src/game/game.c:318: if( p_world[trainList[nbTrainList].posY*WIDTH+trainList[nbTrainList].posX] == SSNS ||
   0991 DD 7E F2      [19] 1399 	ld	a, -14 (ix)
   0994 D6 0A         [ 7] 1400 	sub	a, #0x0a
   0996 28 0E         [12] 1401 	jr	Z,00153$
                           1402 ;src/game/game.c:319: p_world[trainList[nbTrainList].posY*WIDTH+trainList[nbTrainList].posX] == SMNS ||
   0998 DD 7E F2      [19] 1403 	ld	a, -14 (ix)
   099B D6 0C         [ 7] 1404 	sub	a, #0x0c
   099D 28 07         [12] 1405 	jr	Z,00153$
                           1406 ;src/game/game.c:320: p_world[trainList[nbTrainList].posY*WIDTH+trainList[nbTrainList].posX] == SLNS )
   099F DD 7E F2      [19] 1407 	ld	a, -14 (ix)
   09A2 D6 0E         [ 7] 1408 	sub	a, #0x0e
   09A4 20 48         [12] 1409 	jr	NZ,00154$
   09A6                    1410 00153$:
                           1411 ;src/game/game.c:322: setPixel((ulx+xCursor)*TILESIZE_H+8, (uly+yCursor)*TILESIZE_H+8, 3);
   09A6 3E 03         [ 7] 1412 	ld	a, #0x03
   09A8 F5            [11] 1413 	push	af
   09A9 33            [ 6] 1414 	inc	sp
   09AA DD 7E F4      [19] 1415 	ld	a, -12 (ix)
   09AD F5            [11] 1416 	push	af
   09AE 33            [ 6] 1417 	inc	sp
   09AF DD 6E F8      [19] 1418 	ld	l,-8 (ix)
   09B2 DD 66 F9      [19] 1419 	ld	h,-7 (ix)
   09B5 E5            [11] 1420 	push	hl
   09B6 CDr00r00      [17] 1421 	call	_setPixel
   09B9 F1            [10] 1422 	pop	af
   09BA F1            [10] 1423 	pop	af
                           1424 ;src/game/game.c:323: setPixel((ulx+xCursor)*TILESIZE_H+8, (uly+yCursor)*TILESIZE_H+9, 2);
   09BB DD 7E FE      [19] 1425 	ld	a, -2 (ix)
   09BE C6 09         [ 7] 1426 	add	a, #0x09
   09C0 47            [ 4] 1427 	ld	b, a
   09C1 3E 02         [ 7] 1428 	ld	a, #0x02
   09C3 F5            [11] 1429 	push	af
   09C4 33            [ 6] 1430 	inc	sp
   09C5 C5            [11] 1431 	push	bc
   09C6 33            [ 6] 1432 	inc	sp
   09C7 DD 6E F8      [19] 1433 	ld	l,-8 (ix)
   09CA DD 66 F9      [19] 1434 	ld	h,-7 (ix)
   09CD E5            [11] 1435 	push	hl
   09CE CDr00r00      [17] 1436 	call	_setPixel
   09D1 F1            [10] 1437 	pop	af
   09D2 F1            [10] 1438 	pop	af
                           1439 ;src/game/game.c:326: trainList[nbTrainList].heading = 2;
   09D3 ED 4Br00r00   [20] 1440 	ld	bc, (_nbTrainList)
   09D7 06 00         [ 7] 1441 	ld	b, #0x00
   09D9 69            [ 4] 1442 	ld	l, c
   09DA 60            [ 4] 1443 	ld	h, b
   09DB 29            [11] 1444 	add	hl, hl
   09DC 29            [11] 1445 	add	hl, hl
   09DD 09            [11] 1446 	add	hl, bc
   09DE 29            [11] 1447 	add	hl, hl
   09DF 09            [11] 1448 	add	hl, bc
   09E0 4D            [ 4] 1449 	ld	c, l
   09E1 44            [ 4] 1450 	ld	b, h
   09E2 2Ar00r00      [16] 1451 	ld	hl, (_trainList)
   09E5 09            [11] 1452 	add	hl, bc
   09E6 01 06 00      [10] 1453 	ld	bc, #0x0006
   09E9 09            [11] 1454 	add	hl, bc
   09EA 36 02         [10] 1455 	ld	(hl), #0x02
   09EC 18 49         [12] 1456 	jr	00155$
   09EE                    1457 00154$:
                           1458 ;src/game/game.c:332: setPixel((ulx+xCursor)*TILESIZE_H+8, (uly+yCursor)*TILESIZE_H+8, 3);
   09EE 3E 03         [ 7] 1459 	ld	a, #0x03
   09F0 F5            [11] 1460 	push	af
   09F1 33            [ 6] 1461 	inc	sp
   09F2 DD 7E F4      [19] 1462 	ld	a, -12 (ix)
   09F5 F5            [11] 1463 	push	af
   09F6 33            [ 6] 1464 	inc	sp
   09F7 DD 6E F8      [19] 1465 	ld	l,-8 (ix)
   09FA DD 66 F9      [19] 1466 	ld	h,-7 (ix)
   09FD E5            [11] 1467 	push	hl
   09FE CDr00r00      [17] 1468 	call	_setPixel
   0A01 F1            [10] 1469 	pop	af
   0A02 F1            [10] 1470 	pop	af
                           1471 ;src/game/game.c:333: setPixel((ulx+xCursor)*TILESIZE_H+7, (uly+yCursor)*TILESIZE_H+8, 2);
   0A03 DD 7E FC      [19] 1472 	ld	a, -4 (ix)
   0A06 C6 07         [ 7] 1473 	add	a, #0x07
   0A08 4F            [ 4] 1474 	ld	c, a
   0A09 DD 7E FD      [19] 1475 	ld	a, -3 (ix)
   0A0C CE 00         [ 7] 1476 	adc	a, #0x00
   0A0E 47            [ 4] 1477 	ld	b, a
   0A0F 3E 02         [ 7] 1478 	ld	a, #0x02
   0A11 F5            [11] 1479 	push	af
   0A12 33            [ 6] 1480 	inc	sp
   0A13 DD 7E F4      [19] 1481 	ld	a, -12 (ix)
   0A16 F5            [11] 1482 	push	af
   0A17 33            [ 6] 1483 	inc	sp
   0A18 C5            [11] 1484 	push	bc
   0A19 CDr00r00      [17] 1485 	call	_setPixel
   0A1C F1            [10] 1486 	pop	af
   0A1D F1            [10] 1487 	pop	af
                           1488 ;src/game/game.c:335: trainList[nbTrainList].heading = 0;
   0A1E ED 4Br00r00   [20] 1489 	ld	bc, (_nbTrainList)
   0A22 06 00         [ 7] 1490 	ld	b, #0x00
   0A24 69            [ 4] 1491 	ld	l, c
   0A25 60            [ 4] 1492 	ld	h, b
   0A26 29            [11] 1493 	add	hl, hl
   0A27 29            [11] 1494 	add	hl, hl
   0A28 09            [11] 1495 	add	hl, bc
   0A29 29            [11] 1496 	add	hl, hl
   0A2A 09            [11] 1497 	add	hl, bc
   0A2B 4D            [ 4] 1498 	ld	c, l
   0A2C 44            [ 4] 1499 	ld	b, h
   0A2D 2Ar00r00      [16] 1500 	ld	hl, (_trainList)
   0A30 09            [11] 1501 	add	hl, bc
   0A31 01 06 00      [10] 1502 	ld	bc, #0x0006
   0A34 09            [11] 1503 	add	hl, bc
   0A35 36 00         [10] 1504 	ld	(hl), #0x00
   0A37                    1505 00155$:
                           1506 ;src/game/game.c:341: nbTrainList++;
   0A37 21r00r00      [10] 1507 	ld	hl, #_nbTrainList+0
   0A3A 34            [11] 1508 	inc	(hl)
                           1509 ;src/game/game.c:343: CURSOR_MODE=NONE;
   0A3B 21r00r00      [10] 1510 	ld	hl,#_CURSOR_MODE + 0
   0A3E 36 00         [10] 1511 	ld	(hl), #0x00
                           1512 ;src/game/game.c:344: drawTile(ulx, uly, xCursor, yCursor);
   0A40 DD 66 F6      [19] 1513 	ld	h, -10 (ix)
   0A43 DD 6E F7      [19] 1514 	ld	l, -9 (ix)
   0A46 E5            [11] 1515 	push	hl
   0A47 DD 66 F3      [19] 1516 	ld	h, -13 (ix)
   0A4A DD 6E F1      [19] 1517 	ld	l, -15 (ix)
   0A4D E5            [11] 1518 	push	hl
   0A4E CDr00r00      [17] 1519 	call	_drawTile
   0A51 F1            [10] 1520 	pop	af
   0A52 F1            [10] 1521 	pop	af
   0A53 18 28         [12] 1522 	jr	00264$
   0A55                    1523 00166$:
                           1524 ;src/game/game.c:349: else if(CURSOR_MODE>=T_SSNS)
   0A55 FD 21r00r00   [14] 1525 	ld	iy, #_CURSOR_MODE
   0A59 FD 7E 00      [19] 1526 	ld	a, 0 (iy)
   0A5C D6 02         [ 7] 1527 	sub	a, #0x02
   0A5E 38 1D         [12] 1528 	jr	C,00264$
                           1529 ;src/game/game.c:351: p_world[ulx+xCursor+(uly+yCursor)*WIDTH]=CURSOR_MODE+8;
   0A60 3Er00         [ 7] 1530 	ld	a, #<(_p_world)
   0A62 DD 86 FA      [19] 1531 	add	a, -6 (ix)
   0A65 4F            [ 4] 1532 	ld	c, a
   0A66 3Es00         [ 7] 1533 	ld	a, #>(_p_world)
   0A68 DD 8E FB      [19] 1534 	adc	a, -5 (ix)
   0A6B 47            [ 4] 1535 	ld	b, a
   0A6C FD 7E 00      [19] 1536 	ld	a, 0 (iy)
   0A6F C6 08         [ 7] 1537 	add	a, #0x08
   0A71 02            [ 7] 1538 	ld	(bc), a
                           1539 ;src/game/game.c:354: if(CURSOR_MODE<=T_SLEW)
   0A72 3E 07         [ 7] 1540 	ld	a, #0x07
   0A74 FD 96 00      [19] 1541 	sub	a, 0 (iy)
   0A77 38 04         [12] 1542 	jr	C,00264$
                           1543 ;src/game/game.c:355: CURSOR_MODE=NONE;
   0A79 FD 36 00 00   [19] 1544 	ld	0 (iy), #0x00
                           1545 ;src/game/game.c:359: for(i=0; i<14000; i++) {}
   0A7D                    1546 00264$:
   0A7D 01 B0 36      [10] 1547 	ld	bc, #0x36b0
   0A80                    1548 00215$:
   0A80 0B            [ 6] 1549 	dec	bc
   0A81 78            [ 4] 1550 	ld	a, b
   0A82 B1            [ 4] 1551 	or	a,c
   0A83 20 FB         [12] 1552 	jr	NZ,00215$
   0A85                    1553 00191$:
                           1554 ;src/game/game.c:363: drawTrains(ulx, uly);
   0A85 DD 66 F3      [19] 1555 	ld	h, -13 (ix)
   0A88 DD 6E F1      [19] 1556 	ld	l, -15 (ix)
   0A8B E5            [11] 1557 	push	hl
   0A8C CDr00r00      [17] 1558 	call	_drawTrains
   0A8F F1            [10] 1559 	pop	af
                           1560 ;src/game/game.c:364: drawCursor(xCursor, yCursor, 0);
   0A90 DD 46 EF      [19] 1561 	ld	b, -17 (ix)
   0A93 DD 56 EA      [19] 1562 	ld	d, -22 (ix)
   0A96 AF            [ 4] 1563 	xor	a, a
   0A97 F5            [11] 1564 	push	af
   0A98 33            [ 6] 1565 	inc	sp
   0A99 4A            [ 4] 1566 	ld	c, d
   0A9A C5            [11] 1567 	push	bc
   0A9B CDr00r00      [17] 1568 	call	_drawCursor
                           1569 ;src/game/game.c:365: drawScrolls(ulx, uly);
   0A9E 33            [ 6] 1570 	inc	sp
   0A9F DD 66 F3      [19] 1571 	ld	h, -13 (ix)
   0AA2 DD 6E F1      [19] 1572 	ld	l, -15 (ix)
   0AA5 E3            [19] 1573 	ex	(sp),hl
   0AA6 CDr00r00      [17] 1574 	call	_drawScrolls
   0AA9 F1            [10] 1575 	pop	af
                           1576 ;src/game/game.c:368: while(!exit);
   0AAA DD 7E EC      [19] 1577 	ld	a, -20 (ix)
   0AAD B7            [ 4] 1578 	or	a, a
   0AAE CAr8Ar04      [10] 1579 	jp	Z, 00192$
   0AB1 DD F9         [10] 1580 	ld	sp, ix
   0AB3 DD E1         [14] 1581 	pop	ix
   0AB5 C9            [10] 1582 	ret
   0AB6                    1583 ___str_28:
   0AB6 52 65 61 6C 6C 79  1584 	.ascii "Really quit ?"
        20 71 75 69 74 20
        3F
   0AC3 00                 1585 	.db 0x00
   0AC4                    1586 ___str_29:
   0AC4 00                 1587 	.db 0x00
   0AC5                    1588 ___str_30:
   0AC5 50 72 65 73 73 20  1589 	.ascii "Press Return to quit or Esc to resume"
        52 65 74 75 72 6E
        20 74 6F 20 71 75
        69 74 20 6F 72 20
        45 73 63 20 74 6F
        20 72 65 73 75 6D
        65
   0AEA 00                 1590 	.db 0x00
   0AEB                    1591 ___str_31:
   0AEB 47 65 6E 65 72 61  1592 	.ascii "Generating world..."
        74 69 6E 67 20 77
        6F 72 6C 64 2E 2E
        2E
   0AFE 00                 1593 	.db 0x00
                           1594 	.area _CODE
                           1595 	.area _INITIALIZER
                           1596 	.area _CABS (ABS)
