                              1 ;--------------------------------------------------------
                              2 ; File Created by SDCC : free open source ANSI-C Compiler
                              3 ; Version 3.6.8 #9946 (Linux)
                              4 ;--------------------------------------------------------
                              5 	.module train
                              6 	.optsdcc -mz80
                              7 	
                              8 ;--------------------------------------------------------
                              9 ; Public variables in this module
                             10 ;--------------------------------------------------------
                             11 	.globl _drawWindow
                             12 	.globl _drawMenu
                             13 	.globl _putM2
                             14 	.globl _putM1
                             15 	.globl _realloc
                             16 	.globl _malloc
                             17 	.globl _trainManagement
                             18 	.globl _confirmBuyTrain
                             19 	.globl _buyTrain
                             20 ;--------------------------------------------------------
                             21 ; special function registers
                             22 ;--------------------------------------------------------
                             23 ;--------------------------------------------------------
                             24 ; ram data
                             25 ;--------------------------------------------------------
                             26 	.area _DATA
                             27 ;--------------------------------------------------------
                             28 ; ram data
                             29 ;--------------------------------------------------------
                             30 	.area _INITIALIZED
                             31 ;--------------------------------------------------------
                             32 ; absolute external ram data
                             33 ;--------------------------------------------------------
                             34 	.area _DABS (ABS)
                             35 ;--------------------------------------------------------
                             36 ; global & static initialisations
                             37 ;--------------------------------------------------------
                             38 	.area _HOME
                             39 	.area _GSINIT
                             40 	.area _GSFINAL
                             41 	.area _GSINIT
                             42 ;--------------------------------------------------------
                             43 ; Home
                             44 ;--------------------------------------------------------
                             45 	.area _HOME
                             46 	.area _HOME
                             47 ;--------------------------------------------------------
                             48 ; code
                             49 ;--------------------------------------------------------
                             50 	.area _CODE
                             51 ;src/game/train.c:3: void trainManagement()
                             52 ;	---------------------------------
                             53 ; Function trainManagement
                             54 ; ---------------------------------
   0000                      55 _trainManagement::
   0000 DD E5         [15]   56 	push	ix
   0002 DD 21 00 00   [14]   57 	ld	ix,#0
   0006 DD 39         [15]   58 	add	ix,sp
   0008 F5            [11]   59 	push	af
   0009 F5            [11]   60 	push	af
                             61 ;src/game/train.c:5: const char *txtMenuChoice[] = { 
   000A 21 00 00      [10]   62 	ld	hl, #0x0000
   000D 39            [11]   63 	add	hl, sp
   000E 4D            [ 4]   64 	ld	c,l
   000F 44            [ 4]   65 	ld	b,h
   0010 36r38         [10]   66 	ld	(hl), #<(___str_0)
   0012 23            [ 6]   67 	inc	hl
   0013 36s00         [10]   68 	ld	(hl), #>(___str_0)
   0015 69            [ 4]   69 	ld	l, c
   0016 60            [ 4]   70 	ld	h, b
   0017 23            [ 6]   71 	inc	hl
   0018 23            [ 6]   72 	inc	hl
   0019 11r42r00      [10]   73 	ld	de, #___str_1+0
   001C 73            [ 7]   74 	ld	(hl), e
   001D 23            [ 6]   75 	inc	hl
   001E 72            [ 7]   76 	ld	(hl), d
                             77 ;src/game/train.c:9: u8 menuChoice = drawMenu(txtMenuChoice,2);
   001F 3E 02         [ 7]   78 	ld	a, #0x02
   0021 F5            [11]   79 	push	af
   0022 33            [ 6]   80 	inc	sp
   0023 C5            [11]   81 	push	bc
   0024 CDr00r00      [17]   82 	call	_drawMenu
   0027 F1            [10]   83 	pop	af
   0028 33            [ 6]   84 	inc	sp
                             85 ;src/game/train.c:11: if(menuChoice == 0)
   0029 7D            [ 4]   86 	ld	a, l
   002A B7            [ 4]   87 	or	a, a
   002B 20 03         [12]   88 	jr	NZ,00102$
                             89 ;src/game/train.c:12: buyTrain();
   002D CDr30r03      [17]   90 	call	_buyTrain
   0030                      91 00102$:
                             92 ;src/game/train.c:14: putM1();
   0030 CDr00r00      [17]   93 	call	_putM1
   0033 DD F9         [10]   94 	ld	sp, ix
   0035 DD E1         [14]   95 	pop	ix
   0037 C9            [10]   96 	ret
   0038                      97 ___str_0:
   0038 4E 65 77 20 74 72    98 	.ascii "New train"
        61 69 6E
   0041 00                   99 	.db 0x00
   0042                     100 ___str_1:
   0042 4D 61 6E 61 67 65   101 	.ascii "Manage existing"
        20 65 78 69 73 74
        69 6E 67
   0051 00                  102 	.db 0x00
                            103 ;src/game/train.c:18: u8 confirmBuyTrain(u8 iSelect)
                            104 ;	---------------------------------
                            105 ; Function confirmBuyTrain
                            106 ; ---------------------------------
   0052                     107 _confirmBuyTrain::
   0052 DD E5         [15]  108 	push	ix
   0054 DD 21 00 00   [14]  109 	ld	ix,#0
   0058 DD 39         [15]  110 	add	ix,sp
   005A 21 ED FF      [10]  111 	ld	hl, #-19
   005D 39            [11]  112 	add	hl, sp
   005E F9            [ 6]  113 	ld	sp, hl
                            114 ;src/game/train.c:25: putM2();
   005F CDr00r00      [17]  115 	call	_putM2
                            116 ;src/game/train.c:27: txtWindowLocomotive[1] = "";	
   0062 21 01 00      [10]  117 	ld	hl, #0x0001
   0065 39            [11]  118 	add	hl, sp
   0066 4D            [ 4]  119 	ld	c,l
   0067 44            [ 4]  120 	ld	b,h
   0068 23            [ 6]  121 	inc	hl
   0069 23            [ 6]  122 	inc	hl
   006A 11r17r02      [10]  123 	ld	de, #___str_2+0
   006D 73            [ 7]  124 	ld	(hl), e
   006E 23            [ 6]  125 	inc	hl
   006F 72            [ 7]  126 	ld	(hl), d
                            127 ;src/game/train.c:33: txtWindowLocomotive[2] = "Propulsion: steam";
   0070 21 04 00      [10]  128 	ld	hl, #0x0004
   0073 09            [11]  129 	add	hl,bc
   0074 EB            [ 4]  130 	ex	de,hl
                            131 ;src/game/train.c:34: txtWindowLocomotive[3] = "Entry of service: 1909";
   0075 21 06 00      [10]  132 	ld	hl, #0x0006
   0078 09            [11]  133 	add	hl,bc
   0079 DD 75 FA      [19]  134 	ld	-6 (ix), l
   007C DD 74 FB      [19]  135 	ld	-5 (ix), h
                            136 ;src/game/train.c:35: txtWindowLocomotive[4] = "Maximum speed: 80 km/h";
   007F 21 08 00      [10]  137 	ld	hl, #0x0008
   0082 09            [11]  138 	add	hl,bc
   0083 DD 75 FE      [19]  139 	ld	-2 (ix), l
   0086 DD 74 FF      [19]  140 	ld	-1 (ix), h
                            141 ;src/game/train.c:36: txtWindowLocomotive[5] = "Price: 1000$";
   0089 21 0A 00      [10]  142 	ld	hl, #0x000a
   008C 09            [11]  143 	add	hl,bc
   008D DD 75 FC      [19]  144 	ld	-4 (ix), l
   0090 DD 74 FD      [19]  145 	ld	-3 (ix), h
                            146 ;src/game/train.c:29: switch(iSelect)
   0093 DD 7E 04      [19]  147 	ld	a, 4 (ix)
   0096 B7            [ 4]  148 	or	a, a
   0097 28 18         [12]  149 	jr	Z,00101$
   0099 DD 7E 04      [19]  150 	ld	a, 4 (ix)
   009C 3D            [ 4]  151 	dec	a
   009D 28 44         [12]  152 	jr	Z,00102$
   009F DD 7E 04      [19]  153 	ld	a, 4 (ix)
   00A2 D6 02         [ 7]  154 	sub	a, #0x02
   00A4 28 6E         [12]  155 	jr	Z,00103$
   00A6 DD 7E 04      [19]  156 	ld	a, 4 (ix)
   00A9 D6 03         [ 7]  157 	sub	a, #0x03
   00AB CAr45r01      [10]  158 	jp	Z,00104$
   00AE C3r74r01      [10]  159 	jp	00105$
                            160 ;src/game/train.c:31: case 0:
   00B1                     161 00101$:
                            162 ;src/game/train.c:32: txtWindowLocomotive[0] = "130 B";
   00B1 69            [ 4]  163 	ld	l, c
   00B2 60            [ 4]  164 	ld	h, b
   00B3 36r18         [10]  165 	ld	(hl), #<(___str_3)
   00B5 23            [ 6]  166 	inc	hl
   00B6 36s02         [10]  167 	ld	(hl), #>(___str_3)
                            168 ;src/game/train.c:33: txtWindowLocomotive[2] = "Propulsion: steam";
   00B8 3Er1E         [ 7]  169 	ld	a, #<(___str_4)
   00BA 12            [ 7]  170 	ld	(de), a
   00BB 13            [ 6]  171 	inc	de
   00BC 3Es02         [ 7]  172 	ld	a, #>(___str_4)
   00BE 12            [ 7]  173 	ld	(de), a
                            174 ;src/game/train.c:34: txtWindowLocomotive[3] = "Entry of service: 1909";
   00BF DD 6E FA      [19]  175 	ld	l,-6 (ix)
   00C2 DD 66 FB      [19]  176 	ld	h,-5 (ix)
   00C5 36r30         [10]  177 	ld	(hl), #<(___str_5)
   00C7 23            [ 6]  178 	inc	hl
   00C8 36s02         [10]  179 	ld	(hl), #>(___str_5)
                            180 ;src/game/train.c:35: txtWindowLocomotive[4] = "Maximum speed: 80 km/h";
   00CA DD 6E FE      [19]  181 	ld	l,-2 (ix)
   00CD DD 66 FF      [19]  182 	ld	h,-1 (ix)
   00D0 36r47         [10]  183 	ld	(hl), #<(___str_6)
   00D2 23            [ 6]  184 	inc	hl
   00D3 36s02         [10]  185 	ld	(hl), #>(___str_6)
                            186 ;src/game/train.c:36: txtWindowLocomotive[5] = "Price: 1000$";
   00D5 DD 6E FC      [19]  187 	ld	l,-4 (ix)
   00D8 DD 66 FD      [19]  188 	ld	h,-3 (ix)
   00DB 36r5E         [10]  189 	ld	(hl), #<(___str_7)
   00DD 23            [ 6]  190 	inc	hl
   00DE 36s02         [10]  191 	ld	(hl), #>(___str_7)
                            192 ;src/game/train.c:37: break;
   00E0 C3r74r01      [10]  193 	jp	00105$
                            194 ;src/game/train.c:38: case 1:
   00E3                     195 00102$:
                            196 ;src/game/train.c:39: txtWindowLocomotive[0] = "141 TA";
   00E3 69            [ 4]  197 	ld	l, c
   00E4 60            [ 4]  198 	ld	h, b
   00E5 36r6B         [10]  199 	ld	(hl), #<(___str_8)
   00E7 23            [ 6]  200 	inc	hl
   00E8 36s02         [10]  201 	ld	(hl), #>(___str_8)
                            202 ;src/game/train.c:40: txtWindowLocomotive[2] = "Propulsion: steam";
   00EA 3Er1E         [ 7]  203 	ld	a, #<(___str_4)
   00EC 12            [ 7]  204 	ld	(de), a
   00ED 13            [ 6]  205 	inc	de
   00EE 3Es02         [ 7]  206 	ld	a, #>(___str_4)
   00F0 12            [ 7]  207 	ld	(de), a
                            208 ;src/game/train.c:41: txtWindowLocomotive[3] = "Entry of service: 1911";
   00F1 DD 6E FA      [19]  209 	ld	l,-6 (ix)
   00F4 DD 66 FB      [19]  210 	ld	h,-5 (ix)
   00F7 36r72         [10]  211 	ld	(hl), #<(___str_9)
   00F9 23            [ 6]  212 	inc	hl
   00FA 36s02         [10]  213 	ld	(hl), #>(___str_9)
                            214 ;src/game/train.c:42: txtWindowLocomotive[4] = "Maximum speed: 70 km/h";
   00FC DD 6E FE      [19]  215 	ld	l,-2 (ix)
   00FF DD 66 FF      [19]  216 	ld	h,-1 (ix)
   0102 36r89         [10]  217 	ld	(hl), #<(___str_10)
   0104 23            [ 6]  218 	inc	hl
   0105 36s02         [10]  219 	ld	(hl), #>(___str_10)
                            220 ;src/game/train.c:43: txtWindowLocomotive[5] = "Price: 900$";
   0107 DD 6E FC      [19]  221 	ld	l,-4 (ix)
   010A DD 66 FD      [19]  222 	ld	h,-3 (ix)
   010D 36rA0         [10]  223 	ld	(hl), #<(___str_11)
   010F 23            [ 6]  224 	inc	hl
   0110 36s02         [10]  225 	ld	(hl), #>(___str_11)
                            226 ;src/game/train.c:44: break;
   0112 18 60         [12]  227 	jr	00105$
                            228 ;src/game/train.c:45: case 2:
   0114                     229 00103$:
                            230 ;src/game/train.c:46: txtWindowLocomotive[0] = "242 CT";
   0114 69            [ 4]  231 	ld	l, c
   0115 60            [ 4]  232 	ld	h, b
   0116 36rAC         [10]  233 	ld	(hl), #<(___str_12)
   0118 23            [ 6]  234 	inc	hl
   0119 36s02         [10]  235 	ld	(hl), #>(___str_12)
                            236 ;src/game/train.c:47: txtWindowLocomotive[2] = "Propulsion: steam";
   011B 3Er1E         [ 7]  237 	ld	a, #<(___str_4)
   011D 12            [ 7]  238 	ld	(de), a
   011E 13            [ 6]  239 	inc	de
   011F 3Es02         [ 7]  240 	ld	a, #>(___str_4)
   0121 12            [ 7]  241 	ld	(de), a
                            242 ;src/game/train.c:48: txtWindowLocomotive[3] = "Entry of service: 1930";
   0122 DD 6E FA      [19]  243 	ld	l,-6 (ix)
   0125 DD 66 FB      [19]  244 	ld	h,-5 (ix)
   0128 36rB3         [10]  245 	ld	(hl), #<(___str_13)
   012A 23            [ 6]  246 	inc	hl
   012B 36s02         [10]  247 	ld	(hl), #>(___str_13)
                            248 ;src/game/train.c:49: txtWindowLocomotive[4] = "Maximum speed: 85 km/h";
   012D DD 6E FE      [19]  249 	ld	l,-2 (ix)
   0130 DD 66 FF      [19]  250 	ld	h,-1 (ix)
   0133 36rCA         [10]  251 	ld	(hl), #<(___str_14)
   0135 23            [ 6]  252 	inc	hl
   0136 36s02         [10]  253 	ld	(hl), #>(___str_14)
                            254 ;src/game/train.c:50: txtWindowLocomotive[5] = "Price: 1500$";
   0138 DD 6E FC      [19]  255 	ld	l,-4 (ix)
   013B DD 66 FD      [19]  256 	ld	h,-3 (ix)
   013E 36rE1         [10]  257 	ld	(hl), #<(___str_15)
   0140 23            [ 6]  258 	inc	hl
   0141 36s02         [10]  259 	ld	(hl), #>(___str_15)
                            260 ;src/game/train.c:51: break;
   0143 18 2F         [12]  261 	jr	00105$
                            262 ;src/game/train.c:53: case 3:
   0145                     263 00104$:
                            264 ;src/game/train.c:54: txtWindowLocomotive[0] = "141 P";
   0145 69            [ 4]  265 	ld	l, c
   0146 60            [ 4]  266 	ld	h, b
   0147 36rEE         [10]  267 	ld	(hl), #<(___str_16)
   0149 23            [ 6]  268 	inc	hl
   014A 36s02         [10]  269 	ld	(hl), #>(___str_16)
                            270 ;src/game/train.c:55: txtWindowLocomotive[2] = "Propulsion: steam";
   014C 3Er1E         [ 7]  271 	ld	a, #<(___str_4)
   014E 12            [ 7]  272 	ld	(de), a
   014F 13            [ 6]  273 	inc	de
   0150 3Es02         [ 7]  274 	ld	a, #>(___str_4)
   0152 12            [ 7]  275 	ld	(de), a
                            276 ;src/game/train.c:56: txtWindowLocomotive[3] = "Entry of service: 1942";
   0153 DD 6E FA      [19]  277 	ld	l,-6 (ix)
   0156 DD 66 FB      [19]  278 	ld	h,-5 (ix)
   0159 36rF4         [10]  279 	ld	(hl), #<(___str_17)
   015B 23            [ 6]  280 	inc	hl
   015C 36s02         [10]  281 	ld	(hl), #>(___str_17)
                            282 ;src/game/train.c:57: txtWindowLocomotive[4] = "Maximum speed: 105 km/h";
   015E DD 6E FE      [19]  283 	ld	l,-2 (ix)
   0161 DD 66 FF      [19]  284 	ld	h,-1 (ix)
   0164 36r0B         [10]  285 	ld	(hl), #<(___str_18)
   0166 23            [ 6]  286 	inc	hl
   0167 36s03         [10]  287 	ld	(hl), #>(___str_18)
                            288 ;src/game/train.c:58: txtWindowLocomotive[5] = "Price: 2000$";
   0169 DD 6E FC      [19]  289 	ld	l,-4 (ix)
   016C DD 66 FD      [19]  290 	ld	h,-3 (ix)
   016F 36r23         [10]  291 	ld	(hl), #<(___str_19)
   0171 23            [ 6]  292 	inc	hl
   0172 36s03         [10]  293 	ld	(hl), #>(___str_19)
                            294 ;src/game/train.c:60: }
   0174                     295 00105$:
                            296 ;src/game/train.c:63: returnChoice = drawWindow(txtWindowLocomotive, 6, 1);
   0174 21 06 01      [10]  297 	ld	hl, #0x0106
   0177 E5            [11]  298 	push	hl
   0178 C5            [11]  299 	push	bc
   0179 CDr00r00      [17]  300 	call	_drawWindow
   017C F1            [10]  301 	pop	af
   017D F1            [10]  302 	pop	af
                            303 ;src/game/train.c:66: if (returnChoice==1)
   017E DD 75 ED      [19]  304 	ld	-19 (ix), l
   0181 7D            [ 4]  305 	ld	a, l
   0182 3D            [ 4]  306 	dec	a
   0183 C2r0Fr02      [10]  307 	jp	NZ,00110$
                            308 ;src/game/train.c:68: if(nbTrainList==0)
   0186 3Ar00r00      [13]  309 	ld	a,(#_nbTrainList + 0)
   0189 B7            [ 4]  310 	or	a, a
   018A 20 0D         [12]  311 	jr	NZ,00107$
                            312 ;src/game/train.c:69: trainList = (Train*)malloc(sizeof(Train));
   018C 21 07 00      [10]  313 	ld	hl, #0x0007
   018F E5            [11]  314 	push	hl
   0190 CDr00r00      [17]  315 	call	_malloc
   0193 F1            [10]  316 	pop	af
   0194 22r00r00      [16]  317 	ld	(_trainList), hl
   0197 18 19         [12]  318 	jr	00108$
   0199                     319 00107$:
                            320 ;src/game/train.c:71: realloc(trainList, (nbTrainList+1)*sizeof(Train));
   0199 21r00r00      [10]  321 	ld	hl,#_nbTrainList + 0
   019C 4E            [ 7]  322 	ld	c, (hl)
   019D 06 00         [ 7]  323 	ld	b, #0x00
   019F 03            [ 6]  324 	inc	bc
   01A0 69            [ 4]  325 	ld	l, c
   01A1 60            [ 4]  326 	ld	h, b
   01A2 29            [11]  327 	add	hl, hl
   01A3 09            [11]  328 	add	hl, bc
   01A4 29            [11]  329 	add	hl, hl
   01A5 09            [11]  330 	add	hl, bc
   01A6 4D            [ 4]  331 	ld	c, l
   01A7 44            [ 4]  332 	ld	b, h
   01A8 2Ar00r00      [16]  333 	ld	hl, (_trainList)
   01AB C5            [11]  334 	push	bc
   01AC E5            [11]  335 	push	hl
   01AD CDr00r00      [17]  336 	call	_realloc
   01B0 F1            [10]  337 	pop	af
   01B1 F1            [10]  338 	pop	af
   01B2                     339 00108$:
                            340 ;src/game/train.c:74: trainList[nbTrainList].loco = iSelect;
   01B2 ED 4Br00r00   [20]  341 	ld	bc, (_nbTrainList)
   01B6 06 00         [ 7]  342 	ld	b, #0x00
   01B8 69            [ 4]  343 	ld	l, c
   01B9 60            [ 4]  344 	ld	h, b
   01BA 29            [11]  345 	add	hl, hl
   01BB 09            [11]  346 	add	hl, bc
   01BC 29            [11]  347 	add	hl, hl
   01BD 09            [11]  348 	add	hl, bc
   01BE 4D            [ 4]  349 	ld	c, l
   01BF 44            [ 4]  350 	ld	b, h
   01C0 2Ar00r00      [16]  351 	ld	hl, (_trainList)
   01C3 09            [11]  352 	add	hl, bc
   01C4 DD 7E 04      [19]  353 	ld	a, 4 (ix)
   01C7 77            [ 7]  354 	ld	(hl), a
                            355 ;src/game/train.c:77: trainList[nbTrainList].wagon[0] = 0;
   01C8 ED 4Br00r00   [20]  356 	ld	bc, (_nbTrainList)
   01CC 06 00         [ 7]  357 	ld	b, #0x00
   01CE 69            [ 4]  358 	ld	l, c
   01CF 60            [ 4]  359 	ld	h, b
   01D0 29            [11]  360 	add	hl, hl
   01D1 09            [11]  361 	add	hl, bc
   01D2 29            [11]  362 	add	hl, hl
   01D3 09            [11]  363 	add	hl, bc
   01D4 4D            [ 4]  364 	ld	c, l
   01D5 44            [ 4]  365 	ld	b, h
   01D6 2Ar00r00      [16]  366 	ld	hl, (_trainList)
   01D9 09            [11]  367 	add	hl, bc
   01DA 23            [ 6]  368 	inc	hl
   01DB 36 00         [10]  369 	ld	(hl), #0x00
                            370 ;src/game/train.c:78: trainList[nbTrainList].wagon[1] = 0;
   01DD ED 4Br00r00   [20]  371 	ld	bc, (_nbTrainList)
   01E1 06 00         [ 7]  372 	ld	b, #0x00
   01E3 69            [ 4]  373 	ld	l, c
   01E4 60            [ 4]  374 	ld	h, b
   01E5 29            [11]  375 	add	hl, hl
   01E6 09            [11]  376 	add	hl, bc
   01E7 29            [11]  377 	add	hl, hl
   01E8 09            [11]  378 	add	hl, bc
   01E9 4D            [ 4]  379 	ld	c, l
   01EA 44            [ 4]  380 	ld	b, h
   01EB 2Ar00r00      [16]  381 	ld	hl, (_trainList)
   01EE 09            [11]  382 	add	hl, bc
   01EF 23            [ 6]  383 	inc	hl
   01F0 23            [ 6]  384 	inc	hl
   01F1 36 00         [10]  385 	ld	(hl), #0x00
                            386 ;src/game/train.c:79: trainList[nbTrainList].wagon[2] = 0;
   01F3 ED 4Br00r00   [20]  387 	ld	bc, (_nbTrainList)
   01F7 06 00         [ 7]  388 	ld	b, #0x00
   01F9 69            [ 4]  389 	ld	l, c
   01FA 60            [ 4]  390 	ld	h, b
   01FB 29            [11]  391 	add	hl, hl
   01FC 09            [11]  392 	add	hl, bc
   01FD 29            [11]  393 	add	hl, hl
   01FE 09            [11]  394 	add	hl, bc
   01FF 4D            [ 4]  395 	ld	c, l
   0200 44            [ 4]  396 	ld	b, h
   0201 2Ar00r00      [16]  397 	ld	hl, (_trainList)
   0204 09            [11]  398 	add	hl, bc
   0205 23            [ 6]  399 	inc	hl
   0206 23            [ 6]  400 	inc	hl
   0207 23            [ 6]  401 	inc	hl
   0208 36 00         [10]  402 	ld	(hl), #0x00
                            403 ;src/game/train.c:81: CURSOR_MODE = PUTTRAIN;
   020A 21r00r00      [10]  404 	ld	hl,#_CURSOR_MODE + 0
   020D 36 01         [10]  405 	ld	(hl), #0x01
   020F                     406 00110$:
                            407 ;src/game/train.c:84: return returnChoice;
   020F DD 6E ED      [19]  408 	ld	l, -19 (ix)
   0212 DD F9         [10]  409 	ld	sp, ix
   0214 DD E1         [14]  410 	pop	ix
   0216 C9            [10]  411 	ret
   0217                     412 ___str_2:
   0217 00                  413 	.db 0x00
   0218                     414 ___str_3:
   0218 31 33 30 20 42      415 	.ascii "130 B"
   021D 00                  416 	.db 0x00
   021E                     417 ___str_4:
   021E 50 72 6F 70 75 6C   418 	.ascii "Propulsion: steam"
        73 69 6F 6E 3A 20
        73 74 65 61 6D
   022F 00                  419 	.db 0x00
   0230                     420 ___str_5:
   0230 45 6E 74 72 79 20   421 	.ascii "Entry of service: 1909"
        6F 66 20 73 65 72
        76 69 63 65 3A 20
        31 39 30 39
   0246 00                  422 	.db 0x00
   0247                     423 ___str_6:
   0247 4D 61 78 69 6D 75   424 	.ascii "Maximum speed: 80 km/h"
        6D 20 73 70 65 65
        64 3A 20 38 30 20
        6B 6D 2F 68
   025D 00                  425 	.db 0x00
   025E                     426 ___str_7:
   025E 50 72 69 63 65 3A   427 	.ascii "Price: 1000$"
        20 31 30 30 30 24
   026A 00                  428 	.db 0x00
   026B                     429 ___str_8:
   026B 31 34 31 20 54 41   430 	.ascii "141 TA"
   0271 00                  431 	.db 0x00
   0272                     432 ___str_9:
   0272 45 6E 74 72 79 20   433 	.ascii "Entry of service: 1911"
        6F 66 20 73 65 72
        76 69 63 65 3A 20
        31 39 31 31
   0288 00                  434 	.db 0x00
   0289                     435 ___str_10:
   0289 4D 61 78 69 6D 75   436 	.ascii "Maximum speed: 70 km/h"
        6D 20 73 70 65 65
        64 3A 20 37 30 20
        6B 6D 2F 68
   029F 00                  437 	.db 0x00
   02A0                     438 ___str_11:
   02A0 50 72 69 63 65 3A   439 	.ascii "Price: 900$"
        20 39 30 30 24
   02AB 00                  440 	.db 0x00
   02AC                     441 ___str_12:
   02AC 32 34 32 20 43 54   442 	.ascii "242 CT"
   02B2 00                  443 	.db 0x00
   02B3                     444 ___str_13:
   02B3 45 6E 74 72 79 20   445 	.ascii "Entry of service: 1930"
        6F 66 20 73 65 72
        76 69 63 65 3A 20
        31 39 33 30
   02C9 00                  446 	.db 0x00
   02CA                     447 ___str_14:
   02CA 4D 61 78 69 6D 75   448 	.ascii "Maximum speed: 85 km/h"
        6D 20 73 70 65 65
        64 3A 20 38 35 20
        6B 6D 2F 68
   02E0 00                  449 	.db 0x00
   02E1                     450 ___str_15:
   02E1 50 72 69 63 65 3A   451 	.ascii "Price: 1500$"
        20 31 35 30 30 24
   02ED 00                  452 	.db 0x00
   02EE                     453 ___str_16:
   02EE 31 34 31 20 50      454 	.ascii "141 P"
   02F3 00                  455 	.db 0x00
   02F4                     456 ___str_17:
   02F4 45 6E 74 72 79 20   457 	.ascii "Entry of service: 1942"
        6F 66 20 73 65 72
        76 69 63 65 3A 20
        31 39 34 32
   030A 00                  458 	.db 0x00
   030B                     459 ___str_18:
   030B 4D 61 78 69 6D 75   460 	.ascii "Maximum speed: 105 km/h"
        6D 20 73 70 65 65
        64 3A 20 31 30 35
        20 6B 6D 2F 68
   0322 00                  461 	.db 0x00
   0323                     462 ___str_19:
   0323 50 72 69 63 65 3A   463 	.ascii "Price: 2000$"
        20 32 30 30 30 24
   032F 00                  464 	.db 0x00
                            465 ;src/game/train.c:87: void buyTrain()
                            466 ;	---------------------------------
                            467 ; Function buyTrain
                            468 ; ---------------------------------
   0330                     469 _buyTrain::
   0330 DD E5         [15]  470 	push	ix
   0332 DD 21 00 00   [14]  471 	ld	ix,#0
   0336 DD 39         [15]  472 	add	ix,sp
   0338 21 E8 FF      [10]  473 	ld	hl, #-24
   033B 39            [11]  474 	add	hl, sp
   033C F9            [ 6]  475 	ld	sp, hl
                            476 ;src/game/train.c:89: const char *txtMenuLoco[] = { 
   033D 21 00 00      [10]  477 	ld	hl, #0x0000
   0340 39            [11]  478 	add	hl, sp
   0341 4D            [ 4]  479 	ld	c,l
   0342 44            [ 4]  480 	ld	b,h
   0343 36rCB         [10]  481 	ld	(hl), #<(___str_20)
   0345 23            [ 6]  482 	inc	hl
   0346 36s03         [10]  483 	ld	(hl), #>(___str_20)
   0348 69            [ 4]  484 	ld	l, c
   0349 60            [ 4]  485 	ld	h, b
   034A 23            [ 6]  486 	inc	hl
   034B 23            [ 6]  487 	inc	hl
   034C 11rD1r03      [10]  488 	ld	de, #___str_21+0
   034F 73            [ 7]  489 	ld	(hl), e
   0350 23            [ 6]  490 	inc	hl
   0351 72            [ 7]  491 	ld	(hl), d
   0352 21 04 00      [10]  492 	ld	hl, #0x0004
   0355 09            [11]  493 	add	hl, bc
   0356 11rD8r03      [10]  494 	ld	de, #___str_22+0
   0359 73            [ 7]  495 	ld	(hl), e
   035A 23            [ 6]  496 	inc	hl
   035B 72            [ 7]  497 	ld	(hl), d
   035C 21 06 00      [10]  498 	ld	hl, #0x0006
   035F 09            [11]  499 	add	hl, bc
   0360 11rDFr03      [10]  500 	ld	de, #___str_23+0
   0363 73            [ 7]  501 	ld	(hl), e
   0364 23            [ 6]  502 	inc	hl
   0365 72            [ 7]  503 	ld	(hl), d
   0366 21 08 00      [10]  504 	ld	hl, #0x0008
   0369 09            [11]  505 	add	hl, bc
   036A 11rE5r03      [10]  506 	ld	de, #___str_24+0
   036D 73            [ 7]  507 	ld	(hl), e
   036E 23            [ 6]  508 	inc	hl
   036F 72            [ 7]  509 	ld	(hl), d
   0370 21 0A 00      [10]  510 	ld	hl, #0x000a
   0373 09            [11]  511 	add	hl, bc
   0374 11rEEr03      [10]  512 	ld	de, #___str_25+0
   0377 73            [ 7]  513 	ld	(hl), e
   0378 23            [ 6]  514 	inc	hl
   0379 72            [ 7]  515 	ld	(hl), d
   037A 21 0C 00      [10]  516 	ld	hl, #0x000c
   037D 09            [11]  517 	add	hl, bc
   037E 11rF8r03      [10]  518 	ld	de, #___str_26+0
   0381 73            [ 7]  519 	ld	(hl), e
   0382 23            [ 6]  520 	inc	hl
   0383 72            [ 7]  521 	ld	(hl), d
   0384 21 0E 00      [10]  522 	ld	hl, #0x000e
   0387 09            [11]  523 	add	hl, bc
   0388 11r01r04      [10]  524 	ld	de, #___str_27+0
   038B 73            [ 7]  525 	ld	(hl), e
   038C 23            [ 6]  526 	inc	hl
   038D 72            [ 7]  527 	ld	(hl), d
   038E 21 10 00      [10]  528 	ld	hl, #0x0010
   0391 09            [11]  529 	add	hl, bc
   0392 11r0Ar04      [10]  530 	ld	de, #___str_28+0
   0395 73            [ 7]  531 	ld	(hl), e
   0396 23            [ 6]  532 	inc	hl
   0397 72            [ 7]  533 	ld	(hl), d
   0398 21 12 00      [10]  534 	ld	hl, #0x0012
   039B 09            [11]  535 	add	hl, bc
   039C 11r11r04      [10]  536 	ld	de, #___str_29+0
   039F 73            [ 7]  537 	ld	(hl), e
   03A0 23            [ 6]  538 	inc	hl
   03A1 72            [ 7]  539 	ld	(hl), d
   03A2 21 14 00      [10]  540 	ld	hl, #0x0014
   03A5 09            [11]  541 	add	hl, bc
   03A6 11r1Er04      [10]  542 	ld	de, #___str_30+0
   03A9 73            [ 7]  543 	ld	(hl), e
   03AA 23            [ 6]  544 	inc	hl
   03AB 72            [ 7]  545 	ld	(hl), d
   03AC 21 16 00      [10]  546 	ld	hl, #0x0016
   03AF 09            [11]  547 	add	hl, bc
   03B0 11r27r04      [10]  548 	ld	de, #___str_31+0
   03B3 73            [ 7]  549 	ld	(hl), e
   03B4 23            [ 6]  550 	inc	hl
   03B5 72            [ 7]  551 	ld	(hl), d
                            552 ;src/game/train.c:104: confirmBuyTrain( drawMenu(txtMenuLoco,12) );
   03B6 3E 0C         [ 7]  553 	ld	a, #0x0c
   03B8 F5            [11]  554 	push	af
   03B9 33            [ 6]  555 	inc	sp
   03BA C5            [11]  556 	push	bc
   03BB CDr00r00      [17]  557 	call	_drawMenu
   03BE F1            [10]  558 	pop	af
   03BF 33            [ 6]  559 	inc	sp
   03C0 45            [ 4]  560 	ld	b, l
   03C1 C5            [11]  561 	push	bc
   03C2 33            [ 6]  562 	inc	sp
   03C3 CDr52r00      [17]  563 	call	_confirmBuyTrain
   03C6 DD F9         [10]  564 	ld	sp,ix
   03C8 DD E1         [14]  565 	pop	ix
   03CA C9            [10]  566 	ret
   03CB                     567 ___str_20:
   03CB 31 33 30 20 42      568 	.ascii "130 B"
   03D0 00                  569 	.db 0x00
   03D1                     570 ___str_21:
   03D1 31 34 31 20 54 41   571 	.ascii "141 TA"
   03D7 00                  572 	.db 0x00
   03D8                     573 ___str_22:
   03D8 32 34 32 20 43 54   574 	.ascii "242 CT"
   03DE 00                  575 	.db 0x00
   03DF                     576 ___str_23:
   03DF 31 34 31 20 50      577 	.ascii "141 P"
   03E4 00                  578 	.db 0x00
   03E5                     579 ___str_24:
   03E5 42 42 20 36 33 30   580 	.ascii "BB 63000"
        30 30
   03ED 00                  581 	.db 0x00
   03EE                     582 ___str_25:
   03EE 52 65 20 34 2F 34   583 	.ascii "Re 4/4 II"
        20 49 49
   03F7 00                  584 	.db 0x00
   03F8                     585 ___str_26:
   03F8 42 42 20 36 37 30   586 	.ascii "BB 67000"
        30 30
   0400 00                  587 	.db 0x00
   0401                     588 ___str_27:
   0401 42 42 20 31 35 30   589 	.ascii "BB 15000"
        30 30
   0409 00                  590 	.db 0x00
   040A                     591 ___str_28:
   040A 52 65 20 34 36 30   592 	.ascii "Re 460"
   0410 00                  593 	.db 0x00
   0411                     594 ___str_29:
   0411 44 42 20 43 6C 61   595 	.ascii "DB Class 101"
        73 73 20 31 30 31
   041D 00                  596 	.db 0x00
   041E                     597 ___str_30:
   041E 42 42 20 32 37 30   598 	.ascii "BB 27000"
        30 30
   0426 00                  599 	.db 0x00
   0427                     600 ___str_31:
   0427 45 53 20 36 34 46   601 	.ascii "ES 64F4"
        34
   042E 00                  602 	.db 0x00
                            603 	.area _CODE
                            604 	.area _INITIALIZER
                            605 	.area _CABS (ABS)
