                              1 ;--------------------------------------------------------
                              2 ; File Created by SDCC : free open source ANSI-C Compiler
                              3 ; Version 3.5.4 #9329 (Linux)
                              4 ; This file was generated Mon Feb  8 17:23:06 2016
                              5 ;--------------------------------------------------------
                              6 	.module world
                              7 	.optsdcc -mz80
                              8 	
                              9 ;--------------------------------------------------------
                             10 ; Public variables in this module
                             11 ;--------------------------------------------------------
                             12 	.globl _cpct_setSeed_mxor
                             13 	.globl _cpct_getRandom_mxor_u16
                             14 	.globl _cpct_getRandom_mxor_u8
                             15 	.globl _cpct_getRandomUniform_u8_f
                             16 	.globl _cpct_getScreenPtr
                             17 	.globl _cpct_count2VSYNC
                             18 	.globl _cpct_drawSolidBox
                             19 	.globl _cpct_drawSprite
                             20 	.globl _cpct_px2byteM1
                             21 	.globl _cpct_getBit
                             22 	.globl _cpct_memset
                             23 	.globl _drawCursor
                             24 	.globl _patternTile
                             25 	.globl _generateWorld
                             26 	.globl _drawTile
                             27 	.globl _drawScrolls
                             28 	.globl _drawWorld
                             29 ;--------------------------------------------------------
                             30 ; special function registers
                             31 ;--------------------------------------------------------
                             32 ;--------------------------------------------------------
                             33 ; ram data
                             34 ;--------------------------------------------------------
                             35 	.area _DATA
                             36 ;--------------------------------------------------------
                             37 ; ram data
                             38 ;--------------------------------------------------------
                             39 	.area _INITIALIZED
                             40 ;--------------------------------------------------------
                             41 ; absolute external ram data
                             42 ;--------------------------------------------------------
                             43 	.area _DABS (ABS)
                             44 ;--------------------------------------------------------
                             45 ; global & static initialisations
                             46 ;--------------------------------------------------------
                             47 	.area _HOME
                             48 	.area _GSINIT
                             49 	.area _GSFINAL
                             50 	.area _GSINIT
                             51 ;--------------------------------------------------------
                             52 ; Home
                             53 ;--------------------------------------------------------
                             54 	.area _HOME
                             55 	.area _HOME
                             56 ;--------------------------------------------------------
                             57 ; code
                             58 ;--------------------------------------------------------
                             59 	.area _CODE
                             60 ;src/game/world.c:3: void drawCursor(u8 x, u8 y, u8 color)
                             61 ;	---------------------------------
                             62 ; Function drawCursor
                             63 ; ---------------------------------
   0000                      64 _drawCursor::
   0000 DD E5         [15]   65 	push	ix
   0002 DD 21 00 00   [14]   66 	ld	ix,#0
   0006 DD 39         [15]   67 	add	ix,sp
   0008 3B            [ 6]   68 	dec	sp
                             69 ;src/game/world.c:6: p_video = cpct_getScreenPtr(SCR_VMEM, x*TILESIZE_W, y*TILESIZE_H);
   0009 DD 7E 05      [19]   70 	ld	a,5 (ix)
   000C 07            [ 4]   71 	rlca
   000D 07            [ 4]   72 	rlca
   000E 07            [ 4]   73 	rlca
   000F 07            [ 4]   74 	rlca
   0010 E6 F0         [ 7]   75 	and	a,#0xF0
   0012 5F            [ 4]   76 	ld	e,a
   0013 DD 7E 04      [19]   77 	ld	a,4 (ix)
   0016 87            [ 4]   78 	add	a, a
   0017 87            [ 4]   79 	add	a, a
   0018 57            [ 4]   80 	ld	d,a
   0019 D5            [11]   81 	push	de
   001A 7B            [ 4]   82 	ld	a,e
   001B F5            [11]   83 	push	af
   001C 33            [ 6]   84 	inc	sp
   001D D5            [11]   85 	push	de
   001E 33            [ 6]   86 	inc	sp
   001F 21 00 C0      [10]   87 	ld	hl,#0xC000
   0022 E5            [11]   88 	push	hl
   0023 CDr00r00      [17]   89 	call	_cpct_getScreenPtr
   0026 D1            [10]   90 	pop	de
   0027 4D            [ 4]   91 	ld	c, l
   0028 44            [ 4]   92 	ld	b, h
                             93 ;src/game/world.c:8: switch(CURSOR_MODE)
   0029 3E 10         [ 7]   94 	ld	a,#0x10
   002B FD 21r00r00   [14]   95 	ld	iy,#_CURSOR_MODE
   002F FD 96 00      [19]   96 	sub	a, 0 (iy)
   0032 DAr31r02      [10]   97 	jp	C,00119$
   0035 D5            [11]   98 	push	de
   0036 FD 21r00r00   [14]   99 	ld	iy,#_CURSOR_MODE
   003A FD 5E 00      [19]  100 	ld	e,0 (iy)
   003D 16 00         [ 7]  101 	ld	d,#0x00
   003F 21r47r00      [10]  102 	ld	hl,#00125$
   0042 19            [11]  103 	add	hl,de
   0043 19            [11]  104 	add	hl,de
   0044 19            [11]  105 	add	hl,de
   0045 D1            [10]  106 	pop	de
   0046 E9            [ 4]  107 	jp	(hl)
   0047                     108 00125$:
   0047 C3r7Ar00      [10]  109 	jp	00101$
   004A C3r4Cr01      [10]  110 	jp	00102$
   004D C3r5Br01      [10]  111 	jp	00103$
   0050 C3r6Ar01      [10]  112 	jp	00104$
   0053 C3r79r01      [10]  113 	jp	00105$
   0056 C3r88r01      [10]  114 	jp	00106$
   0059 C3r97r01      [10]  115 	jp	00107$
   005C C3rA6r01      [10]  116 	jp	00108$
   005F C3rB5r01      [10]  117 	jp	00109$
   0062 C3rC3r01      [10]  118 	jp	00110$
   0065 C3rD1r01      [10]  119 	jp	00111$
   0068 C3rDFr01      [10]  120 	jp	00112$
   006B C3rEDr01      [10]  121 	jp	00113$
   006E C3rFBr01      [10]  122 	jp	00114$
   0071 C3r09r02      [10]  123 	jp	00115$
   0074 C3r17r02      [10]  124 	jp	00116$
   0077 C3r25r02      [10]  125 	jp	00117$
                            126 ;src/game/world.c:10: case NONE:
   007A                     127 00101$:
                            128 ;src/game/world.c:11: cpct_memset (p_video, cpct_px2byteM1(color,color,color,color), 4);
   007A C5            [11]  129 	push	bc
   007B D5            [11]  130 	push	de
   007C DD 66 06      [19]  131 	ld	h,6 (ix)
   007F DD 6E 06      [19]  132 	ld	l,6 (ix)
   0082 E5            [11]  133 	push	hl
   0083 DD 66 06      [19]  134 	ld	h,6 (ix)
   0086 DD 6E 06      [19]  135 	ld	l,6 (ix)
   0089 E5            [11]  136 	push	hl
   008A CDr00r00      [17]  137 	call	_cpct_px2byteM1
   008D F1            [10]  138 	pop	af
   008E F1            [10]  139 	pop	af
   008F DD 75 FF      [19]  140 	ld	-1 (ix),l
   0092 D1            [10]  141 	pop	de
   0093 C1            [10]  142 	pop	bc
   0094 D5            [11]  143 	push	de
   0095 21 04 00      [10]  144 	ld	hl,#0x0004
   0098 E5            [11]  145 	push	hl
   0099 DD 7E FF      [19]  146 	ld	a,-1 (ix)
   009C F5            [11]  147 	push	af
   009D 33            [ 6]  148 	inc	sp
   009E C5            [11]  149 	push	bc
   009F CDr00r00      [17]  150 	call	_cpct_memset
   00A2 D1            [10]  151 	pop	de
                            152 ;src/game/world.c:12: p_video = cpct_getScreenPtr(SCR_VMEM, x*TILESIZE_W, y*TILESIZE_H+1);
   00A3 63            [ 4]  153 	ld	h,e
   00A4 24            [ 4]  154 	inc	h
   00A5 D5            [11]  155 	push	de
   00A6 E5            [11]  156 	push	hl
   00A7 33            [ 6]  157 	inc	sp
   00A8 D5            [11]  158 	push	de
   00A9 33            [ 6]  159 	inc	sp
   00AA 21 00 C0      [10]  160 	ld	hl,#0xC000
   00AD E5            [11]  161 	push	hl
   00AE CDr00r00      [17]  162 	call	_cpct_getScreenPtr
   00B1 D1            [10]  163 	pop	de
                            164 ;src/game/world.c:13: cpct_memset (p_video, cpct_px2byteM1(color,color,color,color), 4);
   00B2 E5            [11]  165 	push	hl
   00B3 D5            [11]  166 	push	de
   00B4 DD 66 06      [19]  167 	ld	h,6 (ix)
   00B7 DD 6E 06      [19]  168 	ld	l,6 (ix)
   00BA E5            [11]  169 	push	hl
   00BB DD 66 06      [19]  170 	ld	h,6 (ix)
   00BE DD 6E 06      [19]  171 	ld	l,6 (ix)
   00C1 E5            [11]  172 	push	hl
   00C2 CDr00r00      [17]  173 	call	_cpct_px2byteM1
   00C5 F1            [10]  174 	pop	af
   00C6 F1            [10]  175 	pop	af
   00C7 5D            [ 4]  176 	ld	e,l
   00C8 F1            [10]  177 	pop	af
   00C9 57            [ 4]  178 	ld	d,a
   00CA C1            [10]  179 	pop	bc
   00CB D5            [11]  180 	push	de
   00CC 21 04 00      [10]  181 	ld	hl,#0x0004
   00CF E5            [11]  182 	push	hl
   00D0 7B            [ 4]  183 	ld	a,e
   00D1 F5            [11]  184 	push	af
   00D2 33            [ 6]  185 	inc	sp
   00D3 C5            [11]  186 	push	bc
   00D4 CDr00r00      [17]  187 	call	_cpct_memset
   00D7 D1            [10]  188 	pop	de
                            189 ;src/game/world.c:16: p_video = cpct_getScreenPtr(SCR_VMEM, x*TILESIZE_W, (y+1)*TILESIZE_H-1);
   00D8 DD 7E 05      [19]  190 	ld	a,5 (ix)
   00DB 3C            [ 4]  191 	inc	a
   00DC 07            [ 4]  192 	rlca
   00DD 07            [ 4]  193 	rlca
   00DE 07            [ 4]  194 	rlca
   00DF 07            [ 4]  195 	rlca
   00E0 E6 F0         [ 7]  196 	and	a,#0xF0
   00E2 5F            [ 4]  197 	ld	e,a
   00E3 63            [ 4]  198 	ld	h,e
   00E4 25            [ 4]  199 	dec	h
   00E5 D5            [11]  200 	push	de
   00E6 E5            [11]  201 	push	hl
   00E7 33            [ 6]  202 	inc	sp
   00E8 D5            [11]  203 	push	de
   00E9 33            [ 6]  204 	inc	sp
   00EA 21 00 C0      [10]  205 	ld	hl,#0xC000
   00ED E5            [11]  206 	push	hl
   00EE CDr00r00      [17]  207 	call	_cpct_getScreenPtr
   00F1 D1            [10]  208 	pop	de
                            209 ;src/game/world.c:17: cpct_memset (p_video, cpct_px2byteM1(color,color,color,color), 4);
   00F2 E5            [11]  210 	push	hl
   00F3 D5            [11]  211 	push	de
   00F4 DD 66 06      [19]  212 	ld	h,6 (ix)
   00F7 DD 6E 06      [19]  213 	ld	l,6 (ix)
   00FA E5            [11]  214 	push	hl
   00FB DD 66 06      [19]  215 	ld	h,6 (ix)
   00FE DD 6E 06      [19]  216 	ld	l,6 (ix)
   0101 E5            [11]  217 	push	hl
   0102 CDr00r00      [17]  218 	call	_cpct_px2byteM1
   0105 F1            [10]  219 	pop	af
   0106 F1            [10]  220 	pop	af
   0107 DD 75 FF      [19]  221 	ld	-1 (ix),l
   010A D1            [10]  222 	pop	de
   010B C1            [10]  223 	pop	bc
   010C D5            [11]  224 	push	de
   010D 21 04 00      [10]  225 	ld	hl,#0x0004
   0110 E5            [11]  226 	push	hl
   0111 DD 7E FF      [19]  227 	ld	a,-1 (ix)
   0114 F5            [11]  228 	push	af
   0115 33            [ 6]  229 	inc	sp
   0116 C5            [11]  230 	push	bc
   0117 CDr00r00      [17]  231 	call	_cpct_memset
   011A D1            [10]  232 	pop	de
                            233 ;src/game/world.c:18: p_video = cpct_getScreenPtr(SCR_VMEM, x*TILESIZE_W, (y+1)*TILESIZE_H-2);
   011B 63            [ 4]  234 	ld	h,e
   011C 25            [ 4]  235 	dec	h
   011D 25            [ 4]  236 	dec	h
   011E E5            [11]  237 	push	hl
   011F 33            [ 6]  238 	inc	sp
   0120 D5            [11]  239 	push	de
   0121 33            [ 6]  240 	inc	sp
   0122 21 00 C0      [10]  241 	ld	hl,#0xC000
   0125 E5            [11]  242 	push	hl
   0126 CDr00r00      [17]  243 	call	_cpct_getScreenPtr
                            244 ;src/game/world.c:19: cpct_memset (p_video, cpct_px2byteM1(color,color,color,color), 4);
   0129 E5            [11]  245 	push	hl
   012A DD 66 06      [19]  246 	ld	h,6 (ix)
   012D DD 6E 06      [19]  247 	ld	l,6 (ix)
   0130 E5            [11]  248 	push	hl
   0131 DD 66 06      [19]  249 	ld	h,6 (ix)
   0134 DD 6E 06      [19]  250 	ld	l,6 (ix)
   0137 E5            [11]  251 	push	hl
   0138 CDr00r00      [17]  252 	call	_cpct_px2byteM1
   013B F1            [10]  253 	pop	af
   013C F1            [10]  254 	pop	af
   013D 65            [ 4]  255 	ld	h,l
   013E D1            [10]  256 	pop	de
   013F 01 04 00      [10]  257 	ld	bc,#0x0004
   0142 C5            [11]  258 	push	bc
   0143 E5            [11]  259 	push	hl
   0144 33            [ 6]  260 	inc	sp
   0145 D5            [11]  261 	push	de
   0146 CDr00r00      [17]  262 	call	_cpct_memset
                            263 ;src/game/world.c:20: break;
   0149 C3r31r02      [10]  264 	jp	00119$
                            265 ;src/game/world.c:21: case T_SSNS:
   014C                     266 00102$:
                            267 ;src/game/world.c:22: cpct_drawSprite(station_small_ns, p_video, TILESIZE_W, TILESIZE_H);
   014C 11r00r00      [10]  268 	ld	de,#_station_small_ns
   014F 21 04 10      [10]  269 	ld	hl,#0x1004
   0152 E5            [11]  270 	push	hl
   0153 C5            [11]  271 	push	bc
   0154 D5            [11]  272 	push	de
   0155 CDr00r00      [17]  273 	call	_cpct_drawSprite
                            274 ;src/game/world.c:23: break;
   0158 C3r31r02      [10]  275 	jp	00119$
                            276 ;src/game/world.c:24: case T_SSEW:
   015B                     277 00103$:
                            278 ;src/game/world.c:25: cpct_drawSprite(station_small_ew, p_video, TILESIZE_W, TILESIZE_H);
   015B 11r00r00      [10]  279 	ld	de,#_station_small_ew
   015E 21 04 10      [10]  280 	ld	hl,#0x1004
   0161 E5            [11]  281 	push	hl
   0162 C5            [11]  282 	push	bc
   0163 D5            [11]  283 	push	de
   0164 CDr00r00      [17]  284 	call	_cpct_drawSprite
                            285 ;src/game/world.c:26: break;
   0167 C3r31r02      [10]  286 	jp	00119$
                            287 ;src/game/world.c:27: case T_SMNS:
   016A                     288 00104$:
                            289 ;src/game/world.c:28: cpct_drawSprite(station_medium_ns, p_video, TILESIZE_W, TILESIZE_H);
   016A 11r00r00      [10]  290 	ld	de,#_station_medium_ns
   016D 21 04 10      [10]  291 	ld	hl,#0x1004
   0170 E5            [11]  292 	push	hl
   0171 C5            [11]  293 	push	bc
   0172 D5            [11]  294 	push	de
   0173 CDr00r00      [17]  295 	call	_cpct_drawSprite
                            296 ;src/game/world.c:29: break;
   0176 C3r31r02      [10]  297 	jp	00119$
                            298 ;src/game/world.c:30: case T_SMEW:
   0179                     299 00105$:
                            300 ;src/game/world.c:31: cpct_drawSprite(station_medium_ew, p_video, TILESIZE_W, TILESIZE_H);
   0179 11r00r00      [10]  301 	ld	de,#_station_medium_ew
   017C 21 04 10      [10]  302 	ld	hl,#0x1004
   017F E5            [11]  303 	push	hl
   0180 C5            [11]  304 	push	bc
   0181 D5            [11]  305 	push	de
   0182 CDr00r00      [17]  306 	call	_cpct_drawSprite
                            307 ;src/game/world.c:32: break;
   0185 C3r31r02      [10]  308 	jp	00119$
                            309 ;src/game/world.c:33: case T_SLNS:
   0188                     310 00106$:
                            311 ;src/game/world.c:34: cpct_drawSprite(station_large_ns, p_video, TILESIZE_W, TILESIZE_H);
   0188 11r00r00      [10]  312 	ld	de,#_station_large_ns
   018B 21 04 10      [10]  313 	ld	hl,#0x1004
   018E E5            [11]  314 	push	hl
   018F C5            [11]  315 	push	bc
   0190 D5            [11]  316 	push	de
   0191 CDr00r00      [17]  317 	call	_cpct_drawSprite
                            318 ;src/game/world.c:35: break;
   0194 C3r31r02      [10]  319 	jp	00119$
                            320 ;src/game/world.c:36: case T_SLEW:
   0197                     321 00107$:
                            322 ;src/game/world.c:37: cpct_drawSprite(station_large_ew, p_video, TILESIZE_W, TILESIZE_H);
   0197 11r00r00      [10]  323 	ld	de,#_station_large_ew
   019A 21 04 10      [10]  324 	ld	hl,#0x1004
   019D E5            [11]  325 	push	hl
   019E C5            [11]  326 	push	bc
   019F D5            [11]  327 	push	de
   01A0 CDr00r00      [17]  328 	call	_cpct_drawSprite
                            329 ;src/game/world.c:38: break;
   01A3 C3r31r02      [10]  330 	jp	00119$
                            331 ;src/game/world.c:39: case T_REW:
   01A6                     332 00108$:
                            333 ;src/game/world.c:40: cpct_drawSprite(rail_ew, p_video, TILESIZE_W, TILESIZE_H);	
   01A6 11r00r00      [10]  334 	ld	de,#_rail_ew
   01A9 21 04 10      [10]  335 	ld	hl,#0x1004
   01AC E5            [11]  336 	push	hl
   01AD C5            [11]  337 	push	bc
   01AE D5            [11]  338 	push	de
   01AF CDr00r00      [17]  339 	call	_cpct_drawSprite
                            340 ;src/game/world.c:41: break;
   01B2 C3r31r02      [10]  341 	jp	00119$
                            342 ;src/game/world.c:42: case T_RNS:
   01B5                     343 00109$:
                            344 ;src/game/world.c:43: cpct_drawSprite(rail_ns, p_video, TILESIZE_W, TILESIZE_H);	
   01B5 11r00r00      [10]  345 	ld	de,#_rail_ns
   01B8 21 04 10      [10]  346 	ld	hl,#0x1004
   01BB E5            [11]  347 	push	hl
   01BC C5            [11]  348 	push	bc
   01BD D5            [11]  349 	push	de
   01BE CDr00r00      [17]  350 	call	_cpct_drawSprite
                            351 ;src/game/world.c:44: break;
   01C1 18 6E         [12]  352 	jr	00119$
                            353 ;src/game/world.c:45: case T_REN:
   01C3                     354 00110$:
                            355 ;src/game/world.c:46: cpct_drawSprite(rail_en, p_video, TILESIZE_W, TILESIZE_H);	
   01C3 11r00r00      [10]  356 	ld	de,#_rail_en
   01C6 21 04 10      [10]  357 	ld	hl,#0x1004
   01C9 E5            [11]  358 	push	hl
   01CA C5            [11]  359 	push	bc
   01CB D5            [11]  360 	push	de
   01CC CDr00r00      [17]  361 	call	_cpct_drawSprite
                            362 ;src/game/world.c:47: break;
   01CF 18 60         [12]  363 	jr	00119$
                            364 ;src/game/world.c:48: case T_RES:
   01D1                     365 00111$:
                            366 ;src/game/world.c:49: cpct_drawSprite(rail_es, p_video, TILESIZE_W, TILESIZE_H);	
   01D1 11r00r00      [10]  367 	ld	de,#_rail_es
   01D4 21 04 10      [10]  368 	ld	hl,#0x1004
   01D7 E5            [11]  369 	push	hl
   01D8 C5            [11]  370 	push	bc
   01D9 D5            [11]  371 	push	de
   01DA CDr00r00      [17]  372 	call	_cpct_drawSprite
                            373 ;src/game/world.c:50: break;
   01DD 18 52         [12]  374 	jr	00119$
                            375 ;src/game/world.c:51: case T_RWN:
   01DF                     376 00112$:
                            377 ;src/game/world.c:52: cpct_drawSprite(rail_wn, p_video, TILESIZE_W, TILESIZE_H);	
   01DF 11r00r00      [10]  378 	ld	de,#_rail_wn
   01E2 21 04 10      [10]  379 	ld	hl,#0x1004
   01E5 E5            [11]  380 	push	hl
   01E6 C5            [11]  381 	push	bc
   01E7 D5            [11]  382 	push	de
   01E8 CDr00r00      [17]  383 	call	_cpct_drawSprite
                            384 ;src/game/world.c:53: break;
   01EB 18 44         [12]  385 	jr	00119$
                            386 ;src/game/world.c:54: case T_RWS:
   01ED                     387 00113$:
                            388 ;src/game/world.c:55: cpct_drawSprite(rail_ws, p_video, TILESIZE_W, TILESIZE_H);	
   01ED 11r00r00      [10]  389 	ld	de,#_rail_ws
   01F0 21 04 10      [10]  390 	ld	hl,#0x1004
   01F3 E5            [11]  391 	push	hl
   01F4 C5            [11]  392 	push	bc
   01F5 D5            [11]  393 	push	de
   01F6 CDr00r00      [17]  394 	call	_cpct_drawSprite
                            395 ;src/game/world.c:56: break;
   01F9 18 36         [12]  396 	jr	00119$
                            397 ;src/game/world.c:57: case T_REWN:
   01FB                     398 00114$:
                            399 ;src/game/world.c:58: cpct_drawSprite(rail_ew_n, p_video, TILESIZE_W, TILESIZE_H);	
   01FB 11r00r00      [10]  400 	ld	de,#_rail_ew_n
   01FE 21 04 10      [10]  401 	ld	hl,#0x1004
   0201 E5            [11]  402 	push	hl
   0202 C5            [11]  403 	push	bc
   0203 D5            [11]  404 	push	de
   0204 CDr00r00      [17]  405 	call	_cpct_drawSprite
                            406 ;src/game/world.c:59: break;
   0207 18 28         [12]  407 	jr	00119$
                            408 ;src/game/world.c:60: case T_REWS:
   0209                     409 00115$:
                            410 ;src/game/world.c:61: cpct_drawSprite(rail_ew_s, p_video, TILESIZE_W, TILESIZE_H);	
   0209 11r00r00      [10]  411 	ld	de,#_rail_ew_s
   020C 21 04 10      [10]  412 	ld	hl,#0x1004
   020F E5            [11]  413 	push	hl
   0210 C5            [11]  414 	push	bc
   0211 D5            [11]  415 	push	de
   0212 CDr00r00      [17]  416 	call	_cpct_drawSprite
                            417 ;src/game/world.c:62: break;
   0215 18 1A         [12]  418 	jr	00119$
                            419 ;src/game/world.c:63: case T_RNSE:
   0217                     420 00116$:
                            421 ;src/game/world.c:64: cpct_drawSprite(rail_ns_e, p_video, TILESIZE_W, TILESIZE_H);	
   0217 11r00r00      [10]  422 	ld	de,#_rail_ns_e
   021A 21 04 10      [10]  423 	ld	hl,#0x1004
   021D E5            [11]  424 	push	hl
   021E C5            [11]  425 	push	bc
   021F D5            [11]  426 	push	de
   0220 CDr00r00      [17]  427 	call	_cpct_drawSprite
                            428 ;src/game/world.c:65: break;
   0223 18 0C         [12]  429 	jr	00119$
                            430 ;src/game/world.c:66: case T_RNSW:
   0225                     431 00117$:
                            432 ;src/game/world.c:67: cpct_drawSprite(rail_ns_w, p_video, TILESIZE_W, TILESIZE_H);
   0225 11r00r00      [10]  433 	ld	de,#_rail_ns_w
   0228 21 04 10      [10]  434 	ld	hl,#0x1004
   022B E5            [11]  435 	push	hl
   022C C5            [11]  436 	push	bc
   022D D5            [11]  437 	push	de
   022E CDr00r00      [17]  438 	call	_cpct_drawSprite
                            439 ;src/game/world.c:69: }
   0231                     440 00119$:
   0231 33            [ 6]  441 	inc	sp
   0232 DD E1         [14]  442 	pop	ix
   0234 C9            [10]  443 	ret
                            444 ;src/game/world.c:72: void patternTile(u8 tileType, int index, u8 nBitsX, u8 nBitsY, u8 *pattern)
                            445 ;	---------------------------------
                            446 ; Function patternTile
                            447 ; ---------------------------------
   0235                     448 _patternTile::
   0235 DD E5         [15]  449 	push	ix
   0237 DD 21 00 00   [14]  450 	ld	ix,#0
   023B DD 39         [15]  451 	add	ix,sp
   023D 21 F5 FF      [10]  452 	ld	hl,#-11
   0240 39            [11]  453 	add	hl,sp
   0241 F9            [ 6]  454 	ld	sp,hl
                            455 ;src/game/world.c:77: for(iy=0; iy<nBitsY; iy++)
   0242 DD 7E 04      [19]  456 	ld	a,4 (ix)
   0245 D6 08         [ 7]  457 	sub	a, #0x08
   0247 20 04         [12]  458 	jr	NZ,00153$
   0249 3E 01         [ 7]  459 	ld	a,#0x01
   024B 18 01         [12]  460 	jr	00154$
   024D                     461 00153$:
   024D AF            [ 4]  462 	xor	a,a
   024E                     463 00154$:
   024E DD 77 FF      [19]  464 	ld	-1 (ix),a
   0251 DD 7E 04      [19]  465 	ld	a,4 (ix)
   0254 D6 02         [ 7]  466 	sub	a, #0x02
   0256 20 04         [12]  467 	jr	NZ,00155$
   0258 3E 01         [ 7]  468 	ld	a,#0x01
   025A 18 01         [12]  469 	jr	00156$
   025C                     470 00155$:
   025C AF            [ 4]  471 	xor	a,a
   025D                     472 00156$:
   025D DD 77 FC      [19]  473 	ld	-4 (ix),a
   0260 DD 36 F5 00   [19]  474 	ld	-11 (ix),#0x00
   0264 11 00 00      [10]  475 	ld	de,#0x0000
   0267                     476 00115$:
   0267 DD 7E F5      [19]  477 	ld	a,-11 (ix)
   026A DD 96 08      [19]  478 	sub	a, 8 (ix)
   026D D2r2Dr03      [10]  479 	jp	NC,00117$
                            480 ;src/game/world.c:79: for(ix=0; ix<nBitsX; ix++)
   0270 DD 7E 05      [19]  481 	ld	a,5 (ix)
   0273 83            [ 4]  482 	add	a, e
   0274 DD 77 FD      [19]  483 	ld	-3 (ix),a
   0277 DD 7E 06      [19]  484 	ld	a,6 (ix)
   027A 8A            [ 4]  485 	adc	a, d
   027B DD 77 FE      [19]  486 	ld	-2 (ix),a
   027E D5            [11]  487 	push	de
   027F DD 5E 07      [19]  488 	ld	e,7 (ix)
   0282 DD 66 F5      [19]  489 	ld	h,-11 (ix)
   0285 2E 00         [ 7]  490 	ld	l, #0x00
   0287 55            [ 4]  491 	ld	d, l
   0288 06 08         [ 7]  492 	ld	b, #0x08
   028A                     493 00157$:
   028A 29            [11]  494 	add	hl,hl
   028B 30 01         [12]  495 	jr	NC,00158$
   028D 19            [11]  496 	add	hl,de
   028E                     497 00158$:
   028E 10 FA         [13]  498 	djnz	00157$
   0290 D1            [10]  499 	pop	de
   0291 DD 75 FA      [19]  500 	ld	-6 (ix),l
   0294 DD 74 FB      [19]  501 	ld	-5 (ix),h
   0297 DD 36 F6 00   [19]  502 	ld	-10 (ix),#0x00
   029B                     503 00112$:
   029B DD 7E F6      [19]  504 	ld	a,-10 (ix)
   029E DD 96 07      [19]  505 	sub	a, 7 (ix)
   02A1 D2r22r03      [10]  506 	jp	NC,00116$
                            507 ;src/game/world.c:81: if(cpct_getBit (pattern, iy*nBitsX+ix)!=0 && index+iy*WIDTH+ix < WIDTH*HEIGHT)
   02A4 DD 7E F6      [19]  508 	ld	a,-10 (ix)
   02A7 DD 77 F7      [19]  509 	ld	-9 (ix),a
   02AA DD 36 F8 00   [19]  510 	ld	-8 (ix),#0x00
   02AE DD 7E FA      [19]  511 	ld	a,-6 (ix)
   02B1 DD 86 F7      [19]  512 	add	a, -9 (ix)
   02B4 6F            [ 4]  513 	ld	l,a
   02B5 DD 7E FB      [19]  514 	ld	a,-5 (ix)
   02B8 DD 8E F8      [19]  515 	adc	a, -8 (ix)
   02BB 67            [ 4]  516 	ld	h,a
   02BC DD 4E 09      [19]  517 	ld	c,9 (ix)
   02BF DD 46 0A      [19]  518 	ld	b,10 (ix)
   02C2 D5            [11]  519 	push	de
   02C3 E5            [11]  520 	push	hl
   02C4 C5            [11]  521 	push	bc
   02C5 CDr00r00      [17]  522 	call	_cpct_getBit
   02C8 DD 75 F9      [19]  523 	ld	-7 (ix),l
   02CB D1            [10]  524 	pop	de
   02CC DD 7E F9      [19]  525 	ld	a,-7 (ix)
   02CF B7            [ 4]  526 	or	a, a
   02D0 28 4A         [12]  527 	jr	Z,00113$
   02D2 DD 7E FD      [19]  528 	ld	a,-3 (ix)
   02D5 DD 86 F7      [19]  529 	add	a, -9 (ix)
   02D8 4F            [ 4]  530 	ld	c,a
   02D9 DD 7E FE      [19]  531 	ld	a,-2 (ix)
   02DC DD 8E F8      [19]  532 	adc	a, -8 (ix)
   02DF 47            [ 4]  533 	ld	b,a
   02E0 EE 80         [ 7]  534 	xor	a, #0x80
   02E2 D6 8F         [ 7]  535 	sub	a, #0x8F
   02E4 30 36         [12]  536 	jr	NC,00113$
                            537 ;src/game/world.c:84: p_world[index+iy*WIDTH+ix] = tileType;
   02E6 21r00r00      [10]  538 	ld	hl,#_p_world
   02E9 09            [11]  539 	add	hl,bc
   02EA 4D            [ 4]  540 	ld	c,l
   02EB 44            [ 4]  541 	ld	b,h
                            542 ;src/game/world.c:83: if(tileType == FOREST)
   02EC DD 7E FF      [19]  543 	ld	a,-1 (ix)
   02EF B7            [ 4]  544 	or	a, a
   02F0 28 06         [12]  545 	jr	Z,00104$
                            546 ;src/game/world.c:84: p_world[index+iy*WIDTH+ix] = tileType;
   02F2 DD 7E 04      [19]  547 	ld	a,4 (ix)
   02F5 02            [ 7]  548 	ld	(bc),a
   02F6 18 24         [12]  549 	jr	00113$
   02F8                     550 00104$:
                            551 ;src/game/world.c:85: else if(tileType==DWELLINGS1)
   02F8 DD 7E FC      [19]  552 	ld	a,-4 (ix)
   02FB B7            [ 4]  553 	or	a, a
   02FC 28 1E         [12]  554 	jr	Z,00113$
                            555 ;src/game/world.c:86: p_world[index+iy*WIDTH+ix] = (u8)cpct_getRandomUniform_u8_f(cpct_count2VSYNC ()%256)%3+2;
   02FE C5            [11]  556 	push	bc
   02FF D5            [11]  557 	push	de
   0300 CDr00r00      [17]  558 	call	_cpct_count2VSYNC
   0303 CDr00r00      [17]  559 	call	_cpct_getRandomUniform_u8_f
   0306 DD 75 F9      [19]  560 	ld	-7 (ix),l
   0309 3E 03         [ 7]  561 	ld	a,#0x03
   030B F5            [11]  562 	push	af
   030C 33            [ 6]  563 	inc	sp
   030D DD 7E F9      [19]  564 	ld	a,-7 (ix)
   0310 F5            [11]  565 	push	af
   0311 33            [ 6]  566 	inc	sp
   0312 CDr00r00      [17]  567 	call	__moduchar
   0315 F1            [10]  568 	pop	af
   0316 7D            [ 4]  569 	ld	a,l
   0317 D1            [10]  570 	pop	de
   0318 C1            [10]  571 	pop	bc
   0319 C6 02         [ 7]  572 	add	a, #0x02
   031B 02            [ 7]  573 	ld	(bc),a
   031C                     574 00113$:
                            575 ;src/game/world.c:79: for(ix=0; ix<nBitsX; ix++)
   031C DD 34 F6      [23]  576 	inc	-10 (ix)
   031F C3r9Br02      [10]  577 	jp	00112$
   0322                     578 00116$:
                            579 ;src/game/world.c:77: for(iy=0; iy<nBitsY; iy++)
   0322 21 50 00      [10]  580 	ld	hl,#0x0050
   0325 19            [11]  581 	add	hl,de
   0326 EB            [ 4]  582 	ex	de,hl
   0327 DD 34 F5      [23]  583 	inc	-11 (ix)
   032A C3r67r02      [10]  584 	jp	00115$
   032D                     585 00117$:
   032D DD F9         [10]  586 	ld	sp, ix
   032F DD E1         [14]  587 	pop	ix
   0331 C9            [10]  588 	ret
                            589 ;src/game/world.c:93: void generateWorld()
                            590 ;	---------------------------------
                            591 ; Function generateWorld
                            592 ; ---------------------------------
   0332                     593 _generateWorld::
   0332 DD E5         [15]  594 	push	ix
   0334 DD 21 00 00   [14]  595 	ld	ix,#0
   0338 DD 39         [15]  596 	add	ix,sp
   033A 21 E5 FF      [10]  597 	ld	hl,#-27
   033D 39            [11]  598 	add	hl,sp
   033E F9            [ 6]  599 	ld	sp,hl
                            600 ;src/game/world.c:100: CURSOR_MODE = NONE;
   033F FD 21r00r00   [14]  601 	ld	iy,#_CURSOR_MODE
   0343 FD 36 00 00   [19]  602 	ld	0 (iy),#0x00
                            603 ;src/game/world.c:103: cpct_srand((u32)cpct_count2VSYNC());
   0347 CDr00r00      [17]  604 	call	_cpct_count2VSYNC
   034A 11 00 00      [10]  605 	ld	de,#0x0000
   034D CDr00r00      [17]  606 	call	_cpct_setSeed_mxor
                            607 ;src/game/world.c:107: for(iy=0; iy<HEIGHT*WIDTH;iy++)
   0350 11 00 00      [10]  608 	ld	de,#0x0000
   0353                     609 00119$:
                            610 ;src/game/world.c:109: p_world[iy] = cpct_rand()%2;
   0353 21r00r00      [10]  611 	ld	hl,#_p_world
   0356 19            [11]  612 	add	hl,de
   0357 E5            [11]  613 	push	hl
   0358 D5            [11]  614 	push	de
   0359 CDr00r00      [17]  615 	call	_cpct_getRandom_mxor_u8
   035C 7D            [ 4]  616 	ld	a,l
   035D D1            [10]  617 	pop	de
   035E E1            [10]  618 	pop	hl
   035F E6 01         [ 7]  619 	and	a, #0x01
   0361 77            [ 7]  620 	ld	(hl),a
                            621 ;src/game/world.c:107: for(iy=0; iy<HEIGHT*WIDTH;iy++)
   0362 13            [ 6]  622 	inc	de
   0363 7A            [ 4]  623 	ld	a,d
   0364 EE 80         [ 7]  624 	xor	a, #0x80
   0366 D6 8F         [ 7]  625 	sub	a, #0x8F
   0368 38 E9         [12]  626 	jr	C,00119$
                            627 ;src/game/world.c:113: for(ix=0; ix<NBFOREST; ix++)
   036A 21 00 00      [10]  628 	ld	hl,#0x0000
   036D 39            [11]  629 	add	hl,sp
   036E DD 75 F5      [19]  630 	ld	-11 (ix),l
   0371 DD 74 F6      [19]  631 	ld	-10 (ix),h
   0374 01 00 00      [10]  632 	ld	bc,#0x0000
   0377                     633 00121$:
                            634 ;src/game/world.c:115: iy = cpct_rand16()%(WIDTH*HEIGHT);
   0377 C5            [11]  635 	push	bc
   0378 CDr00r00      [17]  636 	call	_cpct_getRandom_mxor_u16
   037B 11 00 0F      [10]  637 	ld	de,#0x0F00
   037E D5            [11]  638 	push	de
   037F E5            [11]  639 	push	hl
   0380 CDr00r00      [17]  640 	call	__moduint
   0383 F1            [10]  641 	pop	af
   0384 F1            [10]  642 	pop	af
   0385 C1            [10]  643 	pop	bc
   0386 DD 75 FB      [19]  644 	ld	-5 (ix),l
   0389 DD 74 FC      [19]  645 	ld	-4 (ix),h
                            646 ;src/game/world.c:117: switch(cpct_rand()%4)
   038C C5            [11]  647 	push	bc
   038D CDr00r00      [17]  648 	call	_cpct_getRandom_mxor_u8
   0390 7D            [ 4]  649 	ld	a,l
   0391 C1            [10]  650 	pop	bc
   0392 E6 03         [ 7]  651 	and	a, #0x03
   0394 DD 77 FD      [19]  652 	ld	-3 (ix),a
   0397 3E 03         [ 7]  653 	ld	a,#0x03
   0399 DD 96 FD      [19]  654 	sub	a, -3 (ix)
   039C DAr00r05      [10]  655 	jp	C,00106$
                            656 ;src/game/world.c:121: p_forest[1] = 0b11000111;
   039F E5            [11]  657 	push	hl
   03A0 DD 6E F5      [19]  658 	ld	l,-11 (ix)
   03A3 DD 66 F6      [19]  659 	ld	h,-10 (ix)
   03A6 23            [ 6]  660 	inc	hl
   03A7 E5            [11]  661 	push	hl
   03A8 FD E1         [14]  662 	pop	iy
   03AA E1            [10]  663 	pop	hl
                            664 ;src/game/world.c:122: p_forest[2] = 0b11011110;
   03AB DD 5E F5      [19]  665 	ld	e,-11 (ix)
   03AE DD 56 F6      [19]  666 	ld	d,-10 (ix)
   03B1 13            [ 6]  667 	inc	de
   03B2 13            [ 6]  668 	inc	de
                            669 ;src/game/world.c:123: p_forest[3] = 0b01111110;
   03B3 DD 7E F5      [19]  670 	ld	a,-11 (ix)
   03B6 C6 03         [ 7]  671 	add	a, #0x03
   03B8 DD 77 F3      [19]  672 	ld	-13 (ix),a
   03BB DD 7E F6      [19]  673 	ld	a,-10 (ix)
   03BE CE 00         [ 7]  674 	adc	a, #0x00
   03C0 DD 77 F4      [19]  675 	ld	-12 (ix),a
                            676 ;src/game/world.c:124: p_forest[4] = 0b11111110; 
   03C3 DD 7E F5      [19]  677 	ld	a,-11 (ix)
   03C6 C6 04         [ 7]  678 	add	a, #0x04
   03C8 DD 77 F9      [19]  679 	ld	-7 (ix),a
   03CB DD 7E F6      [19]  680 	ld	a,-10 (ix)
   03CE CE 00         [ 7]  681 	adc	a, #0x00
   03D0 DD 77 FA      [19]  682 	ld	-6 (ix),a
                            683 ;src/game/world.c:125: p_forest[5] = 0b01111111;
   03D3 DD 7E F5      [19]  684 	ld	a,-11 (ix)
   03D6 C6 05         [ 7]  685 	add	a, #0x05
   03D8 DD 77 F7      [19]  686 	ld	-9 (ix),a
   03DB DD 7E F6      [19]  687 	ld	a,-10 (ix)
   03DE CE 00         [ 7]  688 	adc	a, #0x00
   03E0 DD 77 F8      [19]  689 	ld	-8 (ix),a
                            690 ;src/game/world.c:126: p_forest[6] = 0b11101111;
   03E3 DD 7E F5      [19]  691 	ld	a,-11 (ix)
   03E6 C6 06         [ 7]  692 	add	a, #0x06
   03E8 DD 77 F1      [19]  693 	ld	-15 (ix),a
   03EB DD 7E F6      [19]  694 	ld	a,-10 (ix)
   03EE CE 00         [ 7]  695 	adc	a, #0x00
   03F0 DD 77 F2      [19]  696 	ld	-14 (ix),a
                            697 ;src/game/world.c:127: p_forest[7] = 0b11001111;
   03F3 DD 7E F5      [19]  698 	ld	a,-11 (ix)
   03F6 C6 07         [ 7]  699 	add	a, #0x07
   03F8 DD 77 FE      [19]  700 	ld	-2 (ix),a
   03FB DD 7E F6      [19]  701 	ld	a,-10 (ix)
   03FE CE 00         [ 7]  702 	adc	a, #0x00
   0400 DD 77 FF      [19]  703 	ld	-1 (ix),a
                            704 ;src/game/world.c:117: switch(cpct_rand()%4)
   0403 D5            [11]  705 	push	de
   0404 DD 5E FD      [19]  706 	ld	e,-3 (ix)
   0407 16 00         [ 7]  707 	ld	d,#0x00
   0409 21r11r04      [10]  708 	ld	hl,#00195$
   040C 19            [11]  709 	add	hl,de
   040D 19            [11]  710 	add	hl,de
   040E 19            [11]  711 	add	hl,de
   040F D1            [10]  712 	pop	de
   0410 E9            [ 4]  713 	jp	(hl)
   0411                     714 00195$:
   0411 C3r1Dr04      [10]  715 	jp	00102$
   0414 C3r57r04      [10]  716 	jp	00103$
   0417 C3r90r04      [10]  717 	jp	00104$
   041A C3rC9r04      [10]  718 	jp	00105$
                            719 ;src/game/world.c:119: case 0:
   041D                     720 00102$:
                            721 ;src/game/world.c:120: p_forest[0] = 0b10000100;
   041D DD 6E F5      [19]  722 	ld	l,-11 (ix)
   0420 DD 66 F6      [19]  723 	ld	h,-10 (ix)
   0423 36 84         [10]  724 	ld	(hl),#0x84
                            725 ;src/game/world.c:121: p_forest[1] = 0b11000111;
   0425 FD 36 00 C7   [19]  726 	ld	0 (iy), #0xC7
                            727 ;src/game/world.c:122: p_forest[2] = 0b11011110;
   0429 3E DE         [ 7]  728 	ld	a,#0xDE
   042B 12            [ 7]  729 	ld	(de),a
                            730 ;src/game/world.c:123: p_forest[3] = 0b01111110;
   042C DD 6E F3      [19]  731 	ld	l,-13 (ix)
   042F DD 66 F4      [19]  732 	ld	h,-12 (ix)
   0432 36 7E         [10]  733 	ld	(hl),#0x7E
                            734 ;src/game/world.c:124: p_forest[4] = 0b11111110; 
   0434 DD 6E F9      [19]  735 	ld	l,-7 (ix)
   0437 DD 66 FA      [19]  736 	ld	h,-6 (ix)
   043A 36 FE         [10]  737 	ld	(hl),#0xFE
                            738 ;src/game/world.c:125: p_forest[5] = 0b01111111;
   043C DD 6E F7      [19]  739 	ld	l,-9 (ix)
   043F DD 66 F8      [19]  740 	ld	h,-8 (ix)
   0442 36 7F         [10]  741 	ld	(hl),#0x7F
                            742 ;src/game/world.c:126: p_forest[6] = 0b11101111;
   0444 DD 6E F1      [19]  743 	ld	l,-15 (ix)
   0447 DD 66 F2      [19]  744 	ld	h,-14 (ix)
   044A 36 EF         [10]  745 	ld	(hl),#0xEF
                            746 ;src/game/world.c:127: p_forest[7] = 0b11001111;
   044C DD 6E FE      [19]  747 	ld	l,-2 (ix)
   044F DD 66 FF      [19]  748 	ld	h,-1 (ix)
   0452 36 CF         [10]  749 	ld	(hl),#0xCF
                            750 ;src/game/world.c:128: break;
   0454 C3r00r05      [10]  751 	jp	00106$
                            752 ;src/game/world.c:129: case 1:
   0457                     753 00103$:
                            754 ;src/game/world.c:130: p_forest[0] = 0b00001100;
   0457 DD 6E F5      [19]  755 	ld	l,-11 (ix)
   045A DD 66 F6      [19]  756 	ld	h,-10 (ix)
   045D 36 0C         [10]  757 	ld	(hl),#0x0C
                            758 ;src/game/world.c:131: p_forest[1] = 0b11111000;
   045F FD 36 00 F8   [19]  759 	ld	0 (iy), #0xF8
                            760 ;src/game/world.c:132: p_forest[2] = 0b00111111;
   0463 3E 3F         [ 7]  761 	ld	a,#0x3F
   0465 12            [ 7]  762 	ld	(de),a
                            763 ;src/game/world.c:133: p_forest[3] = 0b01111110;
   0466 DD 6E F3      [19]  764 	ld	l,-13 (ix)
   0469 DD 66 F4      [19]  765 	ld	h,-12 (ix)
   046C 36 7E         [10]  766 	ld	(hl),#0x7E
                            767 ;src/game/world.c:134: p_forest[4] = 0b11111110; 
   046E DD 6E F9      [19]  768 	ld	l,-7 (ix)
   0471 DD 66 FA      [19]  769 	ld	h,-6 (ix)
   0474 36 FE         [10]  770 	ld	(hl),#0xFE
                            771 ;src/game/world.c:135: p_forest[5] = 0b01011111;
   0476 DD 6E F7      [19]  772 	ld	l,-9 (ix)
   0479 DD 66 F8      [19]  773 	ld	h,-8 (ix)
   047C 36 5F         [10]  774 	ld	(hl),#0x5F
                            775 ;src/game/world.c:136: p_forest[6] = 0b11001111;
   047E DD 6E F1      [19]  776 	ld	l,-15 (ix)
   0481 DD 66 F2      [19]  777 	ld	h,-14 (ix)
   0484 36 CF         [10]  778 	ld	(hl),#0xCF
                            779 ;src/game/world.c:137: p_forest[7] = 0b10001100;
   0486 DD 6E FE      [19]  780 	ld	l,-2 (ix)
   0489 DD 66 FF      [19]  781 	ld	h,-1 (ix)
   048C 36 8C         [10]  782 	ld	(hl),#0x8C
                            783 ;src/game/world.c:138: break;
   048E 18 70         [12]  784 	jr	00106$
                            785 ;src/game/world.c:139: case 2:
   0490                     786 00104$:
                            787 ;src/game/world.c:140: p_forest[0] = 0b00110000;
   0490 DD 6E F5      [19]  788 	ld	l,-11 (ix)
   0493 DD 66 F6      [19]  789 	ld	h,-10 (ix)
   0496 36 30         [10]  790 	ld	(hl),#0x30
                            791 ;src/game/world.c:141: p_forest[1] = 0b11110100;
   0498 FD 36 00 F4   [19]  792 	ld	0 (iy), #0xF4
                            793 ;src/game/world.c:142: p_forest[2] = 0b11111111;
   049C 3E FF         [ 7]  794 	ld	a,#0xFF
   049E 12            [ 7]  795 	ld	(de),a
                            796 ;src/game/world.c:143: p_forest[3] = 0b11111111;
   049F DD 6E F3      [19]  797 	ld	l,-13 (ix)
   04A2 DD 66 F4      [19]  798 	ld	h,-12 (ix)
   04A5 36 FF         [10]  799 	ld	(hl),#0xFF
                            800 ;src/game/world.c:144: p_forest[4] = 0b01111100;
   04A7 DD 6E F9      [19]  801 	ld	l,-7 (ix)
   04AA DD 66 FA      [19]  802 	ld	h,-6 (ix)
   04AD 36 7C         [10]  803 	ld	(hl),#0x7C
                            804 ;src/game/world.c:145: p_forest[5] = 0b01111110;
   04AF DD 6E F7      [19]  805 	ld	l,-9 (ix)
   04B2 DD 66 F8      [19]  806 	ld	h,-8 (ix)
   04B5 36 7E         [10]  807 	ld	(hl),#0x7E
                            808 ;src/game/world.c:146: p_forest[6] = 0b00111110;
   04B7 DD 6E F1      [19]  809 	ld	l,-15 (ix)
   04BA DD 66 F2      [19]  810 	ld	h,-14 (ix)
   04BD 36 3E         [10]  811 	ld	(hl),#0x3E
                            812 ;src/game/world.c:147: p_forest[7] = 0b00011000;
   04BF DD 6E FE      [19]  813 	ld	l,-2 (ix)
   04C2 DD 66 FF      [19]  814 	ld	h,-1 (ix)
   04C5 36 18         [10]  815 	ld	(hl),#0x18
                            816 ;src/game/world.c:148: break;
   04C7 18 37         [12]  817 	jr	00106$
                            818 ;src/game/world.c:149: case 3:
   04C9                     819 00105$:
                            820 ;src/game/world.c:150: p_forest[0] = 0b11000000; 
   04C9 DD 6E F5      [19]  821 	ld	l,-11 (ix)
   04CC DD 66 F6      [19]  822 	ld	h,-10 (ix)
   04CF 36 C0         [10]  823 	ld	(hl),#0xC0
                            824 ;src/game/world.c:151: p_forest[1] = 0b11100111;
   04D1 FD 36 00 E7   [19]  825 	ld	0 (iy), #0xE7
                            826 ;src/game/world.c:152: p_forest[2] = 0b01111110;
   04D5 3E 7E         [ 7]  827 	ld	a,#0x7E
   04D7 12            [ 7]  828 	ld	(de),a
                            829 ;src/game/world.c:153: p_forest[3] = 0b01111110;
   04D8 DD 6E F3      [19]  830 	ld	l,-13 (ix)
   04DB DD 66 F4      [19]  831 	ld	h,-12 (ix)
   04DE 36 7E         [10]  832 	ld	(hl),#0x7E
                            833 ;src/game/world.c:154: p_forest[4] = 0b11111110;
   04E0 DD 6E F9      [19]  834 	ld	l,-7 (ix)
   04E3 DD 66 FA      [19]  835 	ld	h,-6 (ix)
   04E6 36 FE         [10]  836 	ld	(hl),#0xFE
                            837 ;src/game/world.c:155: p_forest[5] = 0b11111100;
   04E8 DD 6E F7      [19]  838 	ld	l,-9 (ix)
   04EB DD 66 F8      [19]  839 	ld	h,-8 (ix)
   04EE 36 FC         [10]  840 	ld	(hl),#0xFC
                            841 ;src/game/world.c:156: p_forest[6] = 0b01111000;
   04F0 DD 6E F1      [19]  842 	ld	l,-15 (ix)
   04F3 DD 66 F2      [19]  843 	ld	h,-14 (ix)
   04F6 36 78         [10]  844 	ld	(hl),#0x78
                            845 ;src/game/world.c:157: p_forest[7] = 0b00110000;
   04F8 DD 6E FE      [19]  846 	ld	l,-2 (ix)
   04FB DD 66 FF      [19]  847 	ld	h,-1 (ix)
   04FE 36 30         [10]  848 	ld	(hl),#0x30
                            849 ;src/game/world.c:159: }
   0500                     850 00106$:
                            851 ;src/game/world.c:160: patternTile(FOREST, iy, 8, 8, p_forest);
   0500 DD 6E F5      [19]  852 	ld	l,-11 (ix)
   0503 DD 66 F6      [19]  853 	ld	h,-10 (ix)
   0506 C5            [11]  854 	push	bc
   0507 E5            [11]  855 	push	hl
   0508 21 08 08      [10]  856 	ld	hl,#0x0808
   050B E5            [11]  857 	push	hl
   050C DD 6E FB      [19]  858 	ld	l,-5 (ix)
   050F DD 66 FC      [19]  859 	ld	h,-4 (ix)
   0512 E5            [11]  860 	push	hl
   0513 3E 08         [ 7]  861 	ld	a,#0x08
   0515 F5            [11]  862 	push	af
   0516 33            [ 6]  863 	inc	sp
   0517 CDr35r02      [17]  864 	call	_patternTile
   051A 21 07 00      [10]  865 	ld	hl,#7
   051D 39            [11]  866 	add	hl,sp
   051E F9            [ 6]  867 	ld	sp,hl
   051F C1            [10]  868 	pop	bc
                            869 ;src/game/world.c:113: for(ix=0; ix<NBFOREST; ix++)
   0520 03            [ 6]  870 	inc	bc
   0521 79            [ 4]  871 	ld	a,c
   0522 D6 32         [ 7]  872 	sub	a, #0x32
   0524 78            [ 4]  873 	ld	a,b
   0525 17            [ 4]  874 	rla
   0526 3F            [ 4]  875 	ccf
   0527 1F            [ 4]  876 	rra
   0528 DE 80         [ 7]  877 	sbc	a, #0x80
   052A DAr77r03      [10]  878 	jp	C,00121$
                            879 ;src/game/world.c:166: for(ix=0; ix<NBFARM; ix++)
   052D 11 3C 00      [10]  880 	ld	de,#0x003C
   0530                     881 00125$:
                            882 ;src/game/world.c:168: iy = cpct_rand16()%(WIDTH*HEIGHT);
   0530 D5            [11]  883 	push	de
   0531 CDr00r00      [17]  884 	call	_cpct_getRandom_mxor_u16
   0534 D1            [10]  885 	pop	de
   0535 D5            [11]  886 	push	de
   0536 01 00 0F      [10]  887 	ld	bc,#0x0F00
   0539 C5            [11]  888 	push	bc
   053A E5            [11]  889 	push	hl
   053B CDr00r00      [17]  890 	call	__moduint
   053E F1            [10]  891 	pop	af
   053F F1            [10]  892 	pop	af
   0540 D1            [10]  893 	pop	de
                            894 ;src/game/world.c:169: p_world[iy] = cpct_rand()%2+5;
   0541 01r00r00      [10]  895 	ld	bc,#_p_world
   0544 09            [11]  896 	add	hl,bc
   0545 E5            [11]  897 	push	hl
   0546 D5            [11]  898 	push	de
   0547 CDr00r00      [17]  899 	call	_cpct_getRandom_mxor_u8
   054A 7D            [ 4]  900 	ld	a,l
   054B D1            [10]  901 	pop	de
   054C E1            [10]  902 	pop	hl
   054D E6 01         [ 7]  903 	and	a, #0x01
   054F C6 05         [ 7]  904 	add	a, #0x05
   0551 77            [ 7]  905 	ld	(hl),a
   0552 1B            [ 6]  906 	dec	de
                            907 ;src/game/world.c:166: for(ix=0; ix<NBFARM; ix++)
   0553 7A            [ 4]  908 	ld	a,d
   0554 B3            [ 4]  909 	or	a,e
   0555 20 D9         [12]  910 	jr	NZ,00125$
                            911 ;src/game/world.c:174: for(ix=0; ix<NBURBAN; ix++)
   0557 11 14 00      [10]  912 	ld	de,#0x0014
   055A                     913 00128$:
                            914 ;src/game/world.c:176: iy = cpct_rand16()%(WIDTH*HEIGHT);
   055A D5            [11]  915 	push	de
   055B CDr00r00      [17]  916 	call	_cpct_getRandom_mxor_u16
   055E D1            [10]  917 	pop	de
   055F D5            [11]  918 	push	de
   0560 01 00 0F      [10]  919 	ld	bc,#0x0F00
   0563 C5            [11]  920 	push	bc
   0564 E5            [11]  921 	push	hl
   0565 CDr00r00      [17]  922 	call	__moduint
   0568 F1            [10]  923 	pop	af
   0569 F1            [10]  924 	pop	af
   056A D1            [10]  925 	pop	de
                            926 ;src/game/world.c:177: p_world[iy] = cpct_rand()%3+2;
   056B 3Er00         [ 7]  927 	ld	a,#<(_p_world)
   056D 85            [ 4]  928 	add	a, l
   056E DD 77 FE      [19]  929 	ld	-2 (ix),a
   0571 3Es00         [ 7]  930 	ld	a,#>(_p_world)
   0573 8C            [ 4]  931 	adc	a, h
   0574 DD 77 FF      [19]  932 	ld	-1 (ix),a
   0577 D5            [11]  933 	push	de
   0578 CDr00r00      [17]  934 	call	_cpct_getRandom_mxor_u8
   057B 45            [ 4]  935 	ld	b,l
   057C D1            [10]  936 	pop	de
   057D D5            [11]  937 	push	de
   057E 3E 03         [ 7]  938 	ld	a,#0x03
   0580 F5            [11]  939 	push	af
   0581 33            [ 6]  940 	inc	sp
   0582 C5            [11]  941 	push	bc
   0583 33            [ 6]  942 	inc	sp
   0584 CDr00r00      [17]  943 	call	__moduchar
   0587 F1            [10]  944 	pop	af
   0588 7D            [ 4]  945 	ld	a,l
   0589 D1            [10]  946 	pop	de
   058A C6 02         [ 7]  947 	add	a, #0x02
   058C DD 6E FE      [19]  948 	ld	l,-2 (ix)
   058F DD 66 FF      [19]  949 	ld	h,-1 (ix)
   0592 77            [ 7]  950 	ld	(hl),a
   0593 1B            [ 6]  951 	dec	de
                            952 ;src/game/world.c:174: for(ix=0; ix<NBURBAN; ix++)
   0594 7A            [ 4]  953 	ld	a,d
   0595 B3            [ 4]  954 	or	a,e
   0596 20 C2         [12]  955 	jr	NZ,00128$
                            956 ;src/game/world.c:180: for(ix=0; ix<NBURBAN; ix++)
   0598 21 0A 00      [10]  957 	ld	hl,#0x000A
   059B 39            [11]  958 	add	hl,sp
   059C 4D            [ 4]  959 	ld	c,l
   059D 44            [ 4]  960 	ld	b,h
   059E DD 36 ED 00   [19]  961 	ld	-19 (ix),#0x00
   05A2 DD 36 EE 00   [19]  962 	ld	-18 (ix),#0x00
   05A6                     963 00129$:
                            964 ;src/game/world.c:182: iy = cpct_rand16()%(WIDTH*HEIGHT);
   05A6 C5            [11]  965 	push	bc
   05A7 CDr00r00      [17]  966 	call	_cpct_getRandom_mxor_u16
   05AA 11 00 0F      [10]  967 	ld	de,#0x0F00
   05AD D5            [11]  968 	push	de
   05AE E5            [11]  969 	push	hl
   05AF CDr00r00      [17]  970 	call	__moduint
   05B2 F1            [10]  971 	pop	af
   05B3 F1            [10]  972 	pop	af
   05B4 C1            [10]  973 	pop	bc
   05B5 DD 75 FE      [19]  974 	ld	-2 (ix),l
   05B8 DD 74 FF      [19]  975 	ld	-1 (ix),h
                            976 ;src/game/world.c:184: switch(cpct_rand()%6)
   05BB C5            [11]  977 	push	bc
   05BC CDr00r00      [17]  978 	call	_cpct_getRandom_mxor_u8
   05BF 55            [ 4]  979 	ld	d,l
   05C0 3E 06         [ 7]  980 	ld	a,#0x06
   05C2 F5            [11]  981 	push	af
   05C3 33            [ 6]  982 	inc	sp
   05C4 D5            [11]  983 	push	de
   05C5 33            [ 6]  984 	inc	sp
   05C6 CDr00r00      [17]  985 	call	__moduchar
   05C9 F1            [10]  986 	pop	af
   05CA 5D            [ 4]  987 	ld	e,l
   05CB C1            [10]  988 	pop	bc
   05CC 3E 05         [ 7]  989 	ld	a,#0x05
   05CE 93            [ 4]  990 	sub	a, e
   05CF 38 6A         [12]  991 	jr	C,00116$
                            992 ;src/game/world.c:188: p_cities[1] = 0b01000110; // 01100010;
   05D1 21 01 00      [10]  993 	ld	hl,#0x0001
   05D4 09            [11]  994 	add	hl,bc
   05D5 DD 75 F1      [19]  995 	ld	-15 (ix),l
   05D8 DD 74 F2      [19]  996 	ld	-14 (ix),h
                            997 ;src/game/world.c:184: switch(cpct_rand()%6)
   05DB 16 00         [ 7]  998 	ld	d,#0x00
   05DD 21rE3r05      [10]  999 	ld	hl,#00196$
   05E0 19            [11] 1000 	add	hl,de
   05E1 19            [11] 1001 	add	hl,de
                           1002 ;src/game/world.c:186: case 0:
   05E2 E9            [ 4] 1003 	jp	(hl)
   05E3                    1004 00196$:
   05E3 18 0A         [12] 1005 	jr	00110$
   05E5 18 15         [12] 1006 	jr	00111$
   05E7 18 20         [12] 1007 	jr	00112$
   05E9 18 2B         [12] 1008 	jr	00113$
   05EB 18 36         [12] 1009 	jr	00114$
   05ED 18 41         [12] 1010 	jr	00115$
   05EF                    1011 00110$:
                           1012 ;src/game/world.c:187: p_cities[0] = 0b01110010; // 01001110;
   05EF 3E 72         [ 7] 1013 	ld	a,#0x72
   05F1 02            [ 7] 1014 	ld	(bc),a
                           1015 ;src/game/world.c:188: p_cities[1] = 0b01000110; // 01100010;
   05F2 DD 6E F1      [19] 1016 	ld	l,-15 (ix)
   05F5 DD 66 F2      [19] 1017 	ld	h,-14 (ix)
   05F8 36 46         [10] 1018 	ld	(hl),#0x46
                           1019 ;src/game/world.c:189: break;
   05FA 18 3F         [12] 1020 	jr	00116$
                           1021 ;src/game/world.c:191: case 1:
   05FC                    1022 00111$:
                           1023 ;src/game/world.c:192: p_cities[0] = 0b01100000; // 00000110;
   05FC 3E 60         [ 7] 1024 	ld	a,#0x60
   05FE 02            [ 7] 1025 	ld	(bc),a
                           1026 ;src/game/world.c:193: p_cities[1] = 0b00000110; // 01100000;
   05FF DD 6E F1      [19] 1027 	ld	l,-15 (ix)
   0602 DD 66 F2      [19] 1028 	ld	h,-14 (ix)
   0605 36 06         [10] 1029 	ld	(hl),#0x06
                           1030 ;src/game/world.c:194: break;
   0607 18 32         [12] 1031 	jr	00116$
                           1032 ;src/game/world.c:196: case 2:
   0609                    1033 00112$:
                           1034 ;src/game/world.c:197: p_cities[0] = 0b00010000; // 00001000;
   0609 3E 10         [ 7] 1035 	ld	a,#0x10
   060B 02            [ 7] 1036 	ld	(bc),a
                           1037 ;src/game/world.c:198: p_cities[1] = 0b00000110; // 01100000;
   060C DD 6E F1      [19] 1038 	ld	l,-15 (ix)
   060F DD 66 F2      [19] 1039 	ld	h,-14 (ix)
   0612 36 06         [10] 1040 	ld	(hl),#0x06
                           1041 ;src/game/world.c:199: break;
   0614 18 25         [12] 1042 	jr	00116$
                           1043 ;src/game/world.c:201: case 3:
   0616                    1044 00113$:
                           1045 ;src/game/world.c:202: p_cities[0] = 0b11000000; // 00000011;
   0616 3E C0         [ 7] 1046 	ld	a,#0xC0
   0618 02            [ 7] 1047 	ld	(bc),a
                           1048 ;src/game/world.c:203: p_cities[1] = 0b00110001; // 10001100;
   0619 DD 6E F1      [19] 1049 	ld	l,-15 (ix)
   061C DD 66 F2      [19] 1050 	ld	h,-14 (ix)
   061F 36 31         [10] 1051 	ld	(hl),#0x31
                           1052 ;src/game/world.c:204: break;
   0621 18 18         [12] 1053 	jr	00116$
                           1054 ;src/game/world.c:206: case 4:
   0623                    1055 00114$:
                           1056 ;src/game/world.c:207: p_cities[0] = 0b11000100; // 00100011;
   0623 3E C4         [ 7] 1057 	ld	a,#0xC4
   0625 02            [ 7] 1058 	ld	(bc),a
                           1059 ;src/game/world.c:208: p_cities[1] = 0b00001110; // 01110000;
   0626 DD 6E F1      [19] 1060 	ld	l,-15 (ix)
   0629 DD 66 F2      [19] 1061 	ld	h,-14 (ix)
   062C 36 0E         [10] 1062 	ld	(hl),#0x0E
                           1063 ;src/game/world.c:209: break;
   062E 18 0B         [12] 1064 	jr	00116$
                           1065 ;src/game/world.c:211: case 5:
   0630                    1066 00115$:
                           1067 ;src/game/world.c:212: p_cities[0] = 0b01000000; // 00000010;
   0630 3E 40         [ 7] 1068 	ld	a,#0x40
   0632 02            [ 7] 1069 	ld	(bc),a
                           1070 ;src/game/world.c:213: p_cities[1] = 0b01001110; // 01110010;
   0633 DD 6E F1      [19] 1071 	ld	l,-15 (ix)
   0636 DD 66 F2      [19] 1072 	ld	h,-14 (ix)
   0639 36 4E         [10] 1073 	ld	(hl),#0x4E
                           1074 ;src/game/world.c:215: }
   063B                    1075 00116$:
                           1076 ;src/game/world.c:217: patternTile(DWELLINGS1, iy, 4, 4, p_cities);
   063B 69            [ 4] 1077 	ld	l, c
   063C 60            [ 4] 1078 	ld	h, b
   063D C5            [11] 1079 	push	bc
   063E E5            [11] 1080 	push	hl
   063F 21 04 04      [10] 1081 	ld	hl,#0x0404
   0642 E5            [11] 1082 	push	hl
   0643 DD 6E FE      [19] 1083 	ld	l,-2 (ix)
   0646 DD 66 FF      [19] 1084 	ld	h,-1 (ix)
   0649 E5            [11] 1085 	push	hl
   064A 3E 02         [ 7] 1086 	ld	a,#0x02
   064C F5            [11] 1087 	push	af
   064D 33            [ 6] 1088 	inc	sp
   064E CDr35r02      [17] 1089 	call	_patternTile
   0651 21 07 00      [10] 1090 	ld	hl,#7
   0654 39            [11] 1091 	add	hl,sp
   0655 F9            [ 6] 1092 	ld	sp,hl
   0656 C1            [10] 1093 	pop	bc
                           1094 ;src/game/world.c:180: for(ix=0; ix<NBURBAN; ix++)
   0657 DD 34 ED      [23] 1095 	inc	-19 (ix)
   065A 20 03         [12] 1096 	jr	NZ,00197$
   065C DD 34 EE      [23] 1097 	inc	-18 (ix)
   065F                    1098 00197$:
   065F DD 7E ED      [19] 1099 	ld	a,-19 (ix)
   0662 D6 14         [ 7] 1100 	sub	a, #0x14
   0664 DD 7E EE      [19] 1101 	ld	a,-18 (ix)
   0667 17            [ 4] 1102 	rla
   0668 3F            [ 4] 1103 	ccf
   0669 1F            [ 4] 1104 	rra
   066A DE 80         [ 7] 1105 	sbc	a, #0x80
   066C DArA6r05      [10] 1106 	jp	C,00129$
                           1107 ;src/game/world.c:222: for(ix=0; ix<NBLIVESTOCK; ix++)
   066F 11 13 00      [10] 1108 	ld	de,#0x0013
   0672                    1109 00133$:
                           1110 ;src/game/world.c:224: iy = cpct_rand16()%(WIDTH*HEIGHT);
   0672 D5            [11] 1111 	push	de
   0673 CDr00r00      [17] 1112 	call	_cpct_getRandom_mxor_u16
   0676 D1            [10] 1113 	pop	de
   0677 D5            [11] 1114 	push	de
   0678 01 00 0F      [10] 1115 	ld	bc,#0x0F00
   067B C5            [11] 1116 	push	bc
   067C E5            [11] 1117 	push	hl
   067D CDr00r00      [17] 1118 	call	__moduint
   0680 F1            [10] 1119 	pop	af
   0681 F1            [10] 1120 	pop	af
   0682 D1            [10] 1121 	pop	de
                           1122 ;src/game/world.c:225: p_world[iy] = LIVESTOCK;
   0683 01r00r00      [10] 1123 	ld	bc,#_p_world
   0686 09            [11] 1124 	add	hl,bc
   0687 36 09         [10] 1125 	ld	(hl),#0x09
   0689 1B            [ 6] 1126 	dec	de
                           1127 ;src/game/world.c:222: for(ix=0; ix<NBLIVESTOCK; ix++)
   068A 7A            [ 4] 1128 	ld	a,d
   068B B3            [ 4] 1129 	or	a,e
   068C 20 E4         [12] 1130 	jr	NZ,00133$
   068E DD F9         [10] 1131 	ld	sp, ix
   0690 DD E1         [14] 1132 	pop	ix
   0692 C9            [10] 1133 	ret
                           1134 ;src/game/world.c:229: void drawTile(u8 x_, u8 y_, u8 ix, u8 iy)
                           1135 ;	---------------------------------
                           1136 ; Function drawTile
                           1137 ; ---------------------------------
   0693                    1138 _drawTile::
   0693 DD E5         [15] 1139 	push	ix
   0695 DD 21 00 00   [14] 1140 	ld	ix,#0
   0699 DD 39         [15] 1141 	add	ix,sp
                           1142 ;src/game/world.c:232: int adress = (y_+iy)*WIDTH+x_+ix;
   069B DD 6E 05      [19] 1143 	ld	l,5 (ix)
   069E 26 00         [ 7] 1144 	ld	h,#0x00
   06A0 DD 5E 07      [19] 1145 	ld	e,7 (ix)
   06A3 16 00         [ 7] 1146 	ld	d,#0x00
   06A5 19            [11] 1147 	add	hl,de
   06A6 4D            [ 4] 1148 	ld	c, l
   06A7 44            [ 4] 1149 	ld	b, h
   06A8 29            [11] 1150 	add	hl, hl
   06A9 29            [11] 1151 	add	hl, hl
   06AA 09            [11] 1152 	add	hl, bc
   06AB 29            [11] 1153 	add	hl, hl
   06AC 29            [11] 1154 	add	hl, hl
   06AD 29            [11] 1155 	add	hl, hl
   06AE 29            [11] 1156 	add	hl, hl
   06AF DD 5E 04      [19] 1157 	ld	e,4 (ix)
   06B2 16 00         [ 7] 1158 	ld	d,#0x00
   06B4 19            [11] 1159 	add	hl,de
   06B5 DD 5E 06      [19] 1160 	ld	e,6 (ix)
   06B8 16 00         [ 7] 1161 	ld	d,#0x00
   06BA 19            [11] 1162 	add	hl,de
   06BB 5D            [ 4] 1163 	ld	e, l
   06BC 54            [ 4] 1164 	ld	d, h
                           1165 ;src/game/world.c:234: p_video = cpct_getScreenPtr(SCR_VMEM, ix*TILESIZE_W, iy*TILESIZE_H);
   06BD DD 7E 07      [19] 1166 	ld	a,7 (ix)
   06C0 07            [ 4] 1167 	rlca
   06C1 07            [ 4] 1168 	rlca
   06C2 07            [ 4] 1169 	rlca
   06C3 07            [ 4] 1170 	rlca
   06C4 E6 F0         [ 7] 1171 	and	a,#0xF0
   06C6 67            [ 4] 1172 	ld	h,a
   06C7 DD 7E 06      [19] 1173 	ld	a,6 (ix)
   06CA 87            [ 4] 1174 	add	a, a
   06CB 87            [ 4] 1175 	add	a, a
   06CC D5            [11] 1176 	push	de
   06CD E5            [11] 1177 	push	hl
   06CE 33            [ 6] 1178 	inc	sp
   06CF F5            [11] 1179 	push	af
   06D0 33            [ 6] 1180 	inc	sp
   06D1 21 00 C0      [10] 1181 	ld	hl,#0xC000
   06D4 E5            [11] 1182 	push	hl
   06D5 CDr00r00      [17] 1183 	call	_cpct_getScreenPtr
   06D8 D1            [10] 1184 	pop	de
   06D9 4D            [ 4] 1185 	ld	c, l
   06DA 44            [ 4] 1186 	ld	b, h
                           1187 ;src/game/world.c:236: switch(p_world[adress])
   06DB 21r00r00      [10] 1188 	ld	hl,#_p_world
   06DE 19            [11] 1189 	add	hl,de
   06DF 5E            [ 7] 1190 	ld	e,(hl)
   06E0 3E 19         [ 7] 1191 	ld	a,#0x19
   06E2 93            [ 4] 1192 	sub	a, e
   06E3 DArB8r08      [10] 1193 	jp	C,00128$
   06E6 16 00         [ 7] 1194 	ld	d,#0x00
   06E8 21rEFr06      [10] 1195 	ld	hl,#00134$
   06EB 19            [11] 1196 	add	hl,de
   06EC 19            [11] 1197 	add	hl,de
   06ED 19            [11] 1198 	add	hl,de
   06EE E9            [ 4] 1199 	jp	(hl)
   06EF                    1200 00134$:
   06EF C3r3Dr07      [10] 1201 	jp	00101$
   06F2 C3r4Cr07      [10] 1202 	jp	00102$
   06F5 C3r5Br07      [10] 1203 	jp	00103$
   06F8 C3r6Ar07      [10] 1204 	jp	00104$
   06FB C3r79r07      [10] 1205 	jp	00105$
   06FE C3r88r07      [10] 1206 	jp	00106$
   0701 C3r97r07      [10] 1207 	jp	00107$
   0704 C3rA6r07      [10] 1208 	jp	00108$
   0707 C3rB5r07      [10] 1209 	jp	00109$
   070A C3rC4r07      [10] 1210 	jp	00110$
   070D C3rD3r07      [10] 1211 	jp	00111$
   0710 C3rE2r07      [10] 1212 	jp	00112$
   0713 C3rF1r07      [10] 1213 	jp	00113$
   0716 C3r00r08      [10] 1214 	jp	00114$
   0719 C3r0Fr08      [10] 1215 	jp	00115$
   071C C3r1Er08      [10] 1216 	jp	00116$
   071F C3r2Dr08      [10] 1217 	jp	00117$
   0722 C3r3Cr08      [10] 1218 	jp	00118$
   0725 C3r4Ar08      [10] 1219 	jp	00119$
   0728 C3r58r08      [10] 1220 	jp	00120$
   072B C3r66r08      [10] 1221 	jp	00121$
   072E C3r74r08      [10] 1222 	jp	00122$
   0731 C3r82r08      [10] 1223 	jp	00123$
   0734 C3r90r08      [10] 1224 	jp	00124$
   0737 C3r9Er08      [10] 1225 	jp	00125$
   073A C3rACr08      [10] 1226 	jp	00126$
                           1227 ;src/game/world.c:238: case GRASS1:
   073D                    1228 00101$:
                           1229 ;src/game/world.c:239: cpct_drawSprite(grass1, p_video, TILESIZE_W, TILESIZE_H);
   073D 11r00r00      [10] 1230 	ld	de,#_grass1
   0740 21 04 10      [10] 1231 	ld	hl,#0x1004
   0743 E5            [11] 1232 	push	hl
   0744 C5            [11] 1233 	push	bc
   0745 D5            [11] 1234 	push	de
   0746 CDr00r00      [17] 1235 	call	_cpct_drawSprite
                           1236 ;src/game/world.c:240: break;
   0749 C3rB8r08      [10] 1237 	jp	00128$
                           1238 ;src/game/world.c:241: case GRASS2:
   074C                    1239 00102$:
                           1240 ;src/game/world.c:242: cpct_drawSprite(grass2, p_video, TILESIZE_W, TILESIZE_H);
   074C 11r00r00      [10] 1241 	ld	de,#_grass2
   074F 21 04 10      [10] 1242 	ld	hl,#0x1004
   0752 E5            [11] 1243 	push	hl
   0753 C5            [11] 1244 	push	bc
   0754 D5            [11] 1245 	push	de
   0755 CDr00r00      [17] 1246 	call	_cpct_drawSprite
                           1247 ;src/game/world.c:243: break;
   0758 C3rB8r08      [10] 1248 	jp	00128$
                           1249 ;src/game/world.c:244: case DWELLINGS1:
   075B                    1250 00103$:
                           1251 ;src/game/world.c:245: cpct_drawSprite(dwellings1, p_video, TILESIZE_W, TILESIZE_H);
   075B 11r00r00      [10] 1252 	ld	de,#_dwellings1
   075E 21 04 10      [10] 1253 	ld	hl,#0x1004
   0761 E5            [11] 1254 	push	hl
   0762 C5            [11] 1255 	push	bc
   0763 D5            [11] 1256 	push	de
   0764 CDr00r00      [17] 1257 	call	_cpct_drawSprite
                           1258 ;src/game/world.c:246: break;
   0767 C3rB8r08      [10] 1259 	jp	00128$
                           1260 ;src/game/world.c:247: case DWELLINGS2:
   076A                    1261 00104$:
                           1262 ;src/game/world.c:248: cpct_drawSprite(dwellings2, p_video, TILESIZE_W, TILESIZE_H);
   076A 11r00r00      [10] 1263 	ld	de,#_dwellings2
   076D 21 04 10      [10] 1264 	ld	hl,#0x1004
   0770 E5            [11] 1265 	push	hl
   0771 C5            [11] 1266 	push	bc
   0772 D5            [11] 1267 	push	de
   0773 CDr00r00      [17] 1268 	call	_cpct_drawSprite
                           1269 ;src/game/world.c:249: break;
   0776 C3rB8r08      [10] 1270 	jp	00128$
                           1271 ;src/game/world.c:250: case DWELLINGS3:
   0779                    1272 00105$:
                           1273 ;src/game/world.c:251: cpct_drawSprite(dwellings3, p_video, TILESIZE_W, TILESIZE_H);
   0779 11r00r00      [10] 1274 	ld	de,#_dwellings3
   077C 21 04 10      [10] 1275 	ld	hl,#0x1004
   077F E5            [11] 1276 	push	hl
   0780 C5            [11] 1277 	push	bc
   0781 D5            [11] 1278 	push	de
   0782 CDr00r00      [17] 1279 	call	_cpct_drawSprite
                           1280 ;src/game/world.c:252: break;
   0785 C3rB8r08      [10] 1281 	jp	00128$
                           1282 ;src/game/world.c:253: case FARM1:
   0788                    1283 00106$:
                           1284 ;src/game/world.c:254: cpct_drawSprite(farm1, p_video, TILESIZE_W, TILESIZE_H);
   0788 11r00r00      [10] 1285 	ld	de,#_farm1
   078B 21 04 10      [10] 1286 	ld	hl,#0x1004
   078E E5            [11] 1287 	push	hl
   078F C5            [11] 1288 	push	bc
   0790 D5            [11] 1289 	push	de
   0791 CDr00r00      [17] 1290 	call	_cpct_drawSprite
                           1291 ;src/game/world.c:255: break;
   0794 C3rB8r08      [10] 1292 	jp	00128$
                           1293 ;src/game/world.c:256: case FARM2:
   0797                    1294 00107$:
                           1295 ;src/game/world.c:257: cpct_drawSprite(farm2, p_video, TILESIZE_W, TILESIZE_H);
   0797 11r00r00      [10] 1296 	ld	de,#_farm2
   079A 21 04 10      [10] 1297 	ld	hl,#0x1004
   079D E5            [11] 1298 	push	hl
   079E C5            [11] 1299 	push	bc
   079F D5            [11] 1300 	push	de
   07A0 CDr00r00      [17] 1301 	call	_cpct_drawSprite
                           1302 ;src/game/world.c:258: break;
   07A3 C3rB8r08      [10] 1303 	jp	00128$
                           1304 ;src/game/world.c:259: case WATER:
   07A6                    1305 00108$:
                           1306 ;src/game/world.c:260: cpct_drawSprite(water, p_video, TILESIZE_W, TILESIZE_H);
   07A6 11r00r00      [10] 1307 	ld	de,#_water
   07A9 21 04 10      [10] 1308 	ld	hl,#0x1004
   07AC E5            [11] 1309 	push	hl
   07AD C5            [11] 1310 	push	bc
   07AE D5            [11] 1311 	push	de
   07AF CDr00r00      [17] 1312 	call	_cpct_drawSprite
                           1313 ;src/game/world.c:261: break;
   07B2 C3rB8r08      [10] 1314 	jp	00128$
                           1315 ;src/game/world.c:262: case FOREST:
   07B5                    1316 00109$:
                           1317 ;src/game/world.c:263: cpct_drawSprite(forest, p_video, TILESIZE_W, TILESIZE_H);
   07B5 11r00r00      [10] 1318 	ld	de,#_forest
   07B8 21 04 10      [10] 1319 	ld	hl,#0x1004
   07BB E5            [11] 1320 	push	hl
   07BC C5            [11] 1321 	push	bc
   07BD D5            [11] 1322 	push	de
   07BE CDr00r00      [17] 1323 	call	_cpct_drawSprite
                           1324 ;src/game/world.c:264: break;
   07C1 C3rB8r08      [10] 1325 	jp	00128$
                           1326 ;src/game/world.c:265: case LIVESTOCK:
   07C4                    1327 00110$:
                           1328 ;src/game/world.c:266: cpct_drawSprite(livestock, p_video, TILESIZE_W, TILESIZE_H);
   07C4 11r00r00      [10] 1329 	ld	de,#_livestock
   07C7 21 04 10      [10] 1330 	ld	hl,#0x1004
   07CA E5            [11] 1331 	push	hl
   07CB C5            [11] 1332 	push	bc
   07CC D5            [11] 1333 	push	de
   07CD CDr00r00      [17] 1334 	call	_cpct_drawSprite
                           1335 ;src/game/world.c:267: break;
   07D0 C3rB8r08      [10] 1336 	jp	00128$
                           1337 ;src/game/world.c:268: case SSNS:
   07D3                    1338 00111$:
                           1339 ;src/game/world.c:269: cpct_drawSprite(station_small_ns, p_video, TILESIZE_W, TILESIZE_H);
   07D3 11r00r00      [10] 1340 	ld	de,#_station_small_ns
   07D6 21 04 10      [10] 1341 	ld	hl,#0x1004
   07D9 E5            [11] 1342 	push	hl
   07DA C5            [11] 1343 	push	bc
   07DB D5            [11] 1344 	push	de
   07DC CDr00r00      [17] 1345 	call	_cpct_drawSprite
                           1346 ;src/game/world.c:270: break;
   07DF C3rB8r08      [10] 1347 	jp	00128$
                           1348 ;src/game/world.c:271: case SSEW:
   07E2                    1349 00112$:
                           1350 ;src/game/world.c:272: cpct_drawSprite(station_small_ew, p_video, TILESIZE_W, TILESIZE_H);
   07E2 11r00r00      [10] 1351 	ld	de,#_station_small_ew
   07E5 21 04 10      [10] 1352 	ld	hl,#0x1004
   07E8 E5            [11] 1353 	push	hl
   07E9 C5            [11] 1354 	push	bc
   07EA D5            [11] 1355 	push	de
   07EB CDr00r00      [17] 1356 	call	_cpct_drawSprite
                           1357 ;src/game/world.c:273: break;
   07EE C3rB8r08      [10] 1358 	jp	00128$
                           1359 ;src/game/world.c:274: case SMNS:
   07F1                    1360 00113$:
                           1361 ;src/game/world.c:275: cpct_drawSprite(station_medium_ns, p_video, TILESIZE_W, TILESIZE_H);
   07F1 11r00r00      [10] 1362 	ld	de,#_station_medium_ns
   07F4 21 04 10      [10] 1363 	ld	hl,#0x1004
   07F7 E5            [11] 1364 	push	hl
   07F8 C5            [11] 1365 	push	bc
   07F9 D5            [11] 1366 	push	de
   07FA CDr00r00      [17] 1367 	call	_cpct_drawSprite
                           1368 ;src/game/world.c:276: break;
   07FD C3rB8r08      [10] 1369 	jp	00128$
                           1370 ;src/game/world.c:277: case SMEW:
   0800                    1371 00114$:
                           1372 ;src/game/world.c:278: cpct_drawSprite(station_medium_ew, p_video, TILESIZE_W, TILESIZE_H);
   0800 11r00r00      [10] 1373 	ld	de,#_station_medium_ew
   0803 21 04 10      [10] 1374 	ld	hl,#0x1004
   0806 E5            [11] 1375 	push	hl
   0807 C5            [11] 1376 	push	bc
   0808 D5            [11] 1377 	push	de
   0809 CDr00r00      [17] 1378 	call	_cpct_drawSprite
                           1379 ;src/game/world.c:279: break;
   080C C3rB8r08      [10] 1380 	jp	00128$
                           1381 ;src/game/world.c:280: case SLNS:
   080F                    1382 00115$:
                           1383 ;src/game/world.c:281: cpct_drawSprite(station_large_ns, p_video, TILESIZE_W, TILESIZE_H);
   080F 11r00r00      [10] 1384 	ld	de,#_station_large_ns
   0812 21 04 10      [10] 1385 	ld	hl,#0x1004
   0815 E5            [11] 1386 	push	hl
   0816 C5            [11] 1387 	push	bc
   0817 D5            [11] 1388 	push	de
   0818 CDr00r00      [17] 1389 	call	_cpct_drawSprite
                           1390 ;src/game/world.c:282: break;
   081B C3rB8r08      [10] 1391 	jp	00128$
                           1392 ;src/game/world.c:283: case SLEW:
   081E                    1393 00116$:
                           1394 ;src/game/world.c:284: cpct_drawSprite(station_large_ew, p_video, TILESIZE_W, TILESIZE_H);
   081E 11r00r00      [10] 1395 	ld	de,#_station_large_ew
   0821 21 04 10      [10] 1396 	ld	hl,#0x1004
   0824 E5            [11] 1397 	push	hl
   0825 C5            [11] 1398 	push	bc
   0826 D5            [11] 1399 	push	de
   0827 CDr00r00      [17] 1400 	call	_cpct_drawSprite
                           1401 ;src/game/world.c:285: break;
   082A C3rB8r08      [10] 1402 	jp	00128$
                           1403 ;src/game/world.c:286: case REW:
   082D                    1404 00117$:
                           1405 ;src/game/world.c:287: cpct_drawSprite(rail_ew, p_video, TILESIZE_W, TILESIZE_H);	
   082D 11r00r00      [10] 1406 	ld	de,#_rail_ew
   0830 21 04 10      [10] 1407 	ld	hl,#0x1004
   0833 E5            [11] 1408 	push	hl
   0834 C5            [11] 1409 	push	bc
   0835 D5            [11] 1410 	push	de
   0836 CDr00r00      [17] 1411 	call	_cpct_drawSprite
                           1412 ;src/game/world.c:288: break;
   0839 C3rB8r08      [10] 1413 	jp	00128$
                           1414 ;src/game/world.c:289: case RNS:
   083C                    1415 00118$:
                           1416 ;src/game/world.c:290: cpct_drawSprite(rail_ns, p_video, TILESIZE_W, TILESIZE_H);	
   083C 11r00r00      [10] 1417 	ld	de,#_rail_ns
   083F 21 04 10      [10] 1418 	ld	hl,#0x1004
   0842 E5            [11] 1419 	push	hl
   0843 C5            [11] 1420 	push	bc
   0844 D5            [11] 1421 	push	de
   0845 CDr00r00      [17] 1422 	call	_cpct_drawSprite
                           1423 ;src/game/world.c:291: break;
   0848 18 6E         [12] 1424 	jr	00128$
                           1425 ;src/game/world.c:292: case REN:
   084A                    1426 00119$:
                           1427 ;src/game/world.c:293: cpct_drawSprite(rail_en, p_video, TILESIZE_W, TILESIZE_H);	
   084A 11r00r00      [10] 1428 	ld	de,#_rail_en
   084D 21 04 10      [10] 1429 	ld	hl,#0x1004
   0850 E5            [11] 1430 	push	hl
   0851 C5            [11] 1431 	push	bc
   0852 D5            [11] 1432 	push	de
   0853 CDr00r00      [17] 1433 	call	_cpct_drawSprite
                           1434 ;src/game/world.c:294: break;
   0856 18 60         [12] 1435 	jr	00128$
                           1436 ;src/game/world.c:295: case RES:
   0858                    1437 00120$:
                           1438 ;src/game/world.c:296: cpct_drawSprite(rail_es, p_video, TILESIZE_W, TILESIZE_H);	
   0858 11r00r00      [10] 1439 	ld	de,#_rail_es
   085B 21 04 10      [10] 1440 	ld	hl,#0x1004
   085E E5            [11] 1441 	push	hl
   085F C5            [11] 1442 	push	bc
   0860 D5            [11] 1443 	push	de
   0861 CDr00r00      [17] 1444 	call	_cpct_drawSprite
                           1445 ;src/game/world.c:297: break;
   0864 18 52         [12] 1446 	jr	00128$
                           1447 ;src/game/world.c:298: case RWN:
   0866                    1448 00121$:
                           1449 ;src/game/world.c:299: cpct_drawSprite(rail_wn, p_video, TILESIZE_W, TILESIZE_H);	
   0866 11r00r00      [10] 1450 	ld	de,#_rail_wn
   0869 21 04 10      [10] 1451 	ld	hl,#0x1004
   086C E5            [11] 1452 	push	hl
   086D C5            [11] 1453 	push	bc
   086E D5            [11] 1454 	push	de
   086F CDr00r00      [17] 1455 	call	_cpct_drawSprite
                           1456 ;src/game/world.c:300: break;
   0872 18 44         [12] 1457 	jr	00128$
                           1458 ;src/game/world.c:301: case RWS:
   0874                    1459 00122$:
                           1460 ;src/game/world.c:302: cpct_drawSprite(rail_ws, p_video, TILESIZE_W, TILESIZE_H);	
   0874 11r00r00      [10] 1461 	ld	de,#_rail_ws
   0877 21 04 10      [10] 1462 	ld	hl,#0x1004
   087A E5            [11] 1463 	push	hl
   087B C5            [11] 1464 	push	bc
   087C D5            [11] 1465 	push	de
   087D CDr00r00      [17] 1466 	call	_cpct_drawSprite
                           1467 ;src/game/world.c:303: break;
   0880 18 36         [12] 1468 	jr	00128$
                           1469 ;src/game/world.c:304: case REWN:
   0882                    1470 00123$:
                           1471 ;src/game/world.c:305: cpct_drawSprite(rail_ew_n, p_video, TILESIZE_W, TILESIZE_H);	
   0882 11r00r00      [10] 1472 	ld	de,#_rail_ew_n
   0885 21 04 10      [10] 1473 	ld	hl,#0x1004
   0888 E5            [11] 1474 	push	hl
   0889 C5            [11] 1475 	push	bc
   088A D5            [11] 1476 	push	de
   088B CDr00r00      [17] 1477 	call	_cpct_drawSprite
                           1478 ;src/game/world.c:306: break;
   088E 18 28         [12] 1479 	jr	00128$
                           1480 ;src/game/world.c:307: case REWS:
   0890                    1481 00124$:
                           1482 ;src/game/world.c:308: cpct_drawSprite(rail_ew_s, p_video, TILESIZE_W, TILESIZE_H);	
   0890 11r00r00      [10] 1483 	ld	de,#_rail_ew_s
   0893 21 04 10      [10] 1484 	ld	hl,#0x1004
   0896 E5            [11] 1485 	push	hl
   0897 C5            [11] 1486 	push	bc
   0898 D5            [11] 1487 	push	de
   0899 CDr00r00      [17] 1488 	call	_cpct_drawSprite
                           1489 ;src/game/world.c:309: break;
   089C 18 1A         [12] 1490 	jr	00128$
                           1491 ;src/game/world.c:310: case RNSE:
   089E                    1492 00125$:
                           1493 ;src/game/world.c:311: cpct_drawSprite(rail_ns_e, p_video, TILESIZE_W, TILESIZE_H);	
   089E 11r00r00      [10] 1494 	ld	de,#_rail_ns_e
   08A1 21 04 10      [10] 1495 	ld	hl,#0x1004
   08A4 E5            [11] 1496 	push	hl
   08A5 C5            [11] 1497 	push	bc
   08A6 D5            [11] 1498 	push	de
   08A7 CDr00r00      [17] 1499 	call	_cpct_drawSprite
                           1500 ;src/game/world.c:312: break;
   08AA 18 0C         [12] 1501 	jr	00128$
                           1502 ;src/game/world.c:313: case RNSW:
   08AC                    1503 00126$:
                           1504 ;src/game/world.c:314: cpct_drawSprite(rail_ns_w, p_video, TILESIZE_W, TILESIZE_H);
   08AC 11r00r00      [10] 1505 	ld	de,#_rail_ns_w
   08AF 21 04 10      [10] 1506 	ld	hl,#0x1004
   08B2 E5            [11] 1507 	push	hl
   08B3 C5            [11] 1508 	push	bc
   08B4 D5            [11] 1509 	push	de
   08B5 CDr00r00      [17] 1510 	call	_cpct_drawSprite
                           1511 ;src/game/world.c:316: }
   08B8                    1512 00128$:
   08B8 DD E1         [14] 1513 	pop	ix
   08BA C9            [10] 1514 	ret
                           1515 ;src/game/world.c:319: void drawScrolls(u8 x_, u8 y_)
                           1516 ;	---------------------------------
                           1517 ; Function drawScrolls
                           1518 ; ---------------------------------
   08BB                    1519 _drawScrolls::
   08BB DD E5         [15] 1520 	push	ix
   08BD DD 21 00 00   [14] 1521 	ld	ix,#0
   08C1 DD 39         [15] 1522 	add	ix,sp
   08C3 3B            [ 6] 1523 	dec	sp
                           1524 ;src/game/world.c:325: scrollx = x_* (WIDTH-TILESIZE_W)/(WIDTH-NBTILE_W);
   08C4 DD 4E 04      [19] 1525 	ld	c,4 (ix)
   08C7 06 00         [ 7] 1526 	ld	b,#0x00
   08C9 69            [ 4] 1527 	ld	l, c
   08CA 60            [ 4] 1528 	ld	h, b
   08CB 29            [11] 1529 	add	hl, hl
   08CC 29            [11] 1530 	add	hl, hl
   08CD 29            [11] 1531 	add	hl, hl
   08CE 09            [11] 1532 	add	hl, bc
   08CF 29            [11] 1533 	add	hl, hl
   08D0 09            [11] 1534 	add	hl, bc
   08D1 29            [11] 1535 	add	hl, hl
   08D2 29            [11] 1536 	add	hl, hl
   08D3 01 3C 00      [10] 1537 	ld	bc,#0x003C
   08D6 C5            [11] 1538 	push	bc
   08D7 E5            [11] 1539 	push	hl
   08D8 CDr00r00      [17] 1540 	call	__divsint
   08DB F1            [10] 1541 	pop	af
   08DC F1            [10] 1542 	pop	af
   08DD 55            [ 4] 1543 	ld	d,l
                           1544 ;src/game/world.c:326: scrolly = y_* (HEIGHT*TILESIZE_W-TILESIZE_H)/(HEIGHT-NBTILE_H);
   08DE DD 4E 05      [19] 1545 	ld	c,5 (ix)
   08E1 06 00         [ 7] 1546 	ld	b,#0x00
   08E3 69            [ 4] 1547 	ld	l, c
   08E4 60            [ 4] 1548 	ld	h, b
   08E5 29            [11] 1549 	add	hl, hl
   08E6 29            [11] 1550 	add	hl, hl
   08E7 09            [11] 1551 	add	hl, bc
   08E8 29            [11] 1552 	add	hl, hl
   08E9 09            [11] 1553 	add	hl, bc
   08EA 29            [11] 1554 	add	hl, hl
   08EB 29            [11] 1555 	add	hl, hl
   08EC 29            [11] 1556 	add	hl, hl
   08ED 29            [11] 1557 	add	hl, hl
   08EE D5            [11] 1558 	push	de
   08EF 01 24 00      [10] 1559 	ld	bc,#0x0024
   08F2 C5            [11] 1560 	push	bc
   08F3 E5            [11] 1561 	push	hl
   08F4 CDr00r00      [17] 1562 	call	__divsint
   08F7 F1            [10] 1563 	pop	af
   08F8 F1            [10] 1564 	pop	af
   08F9 D1            [10] 1565 	pop	de
   08FA DD 75 FF      [19] 1566 	ld	-1 (ix),l
                           1567 ;src/game/world.c:328: p_video = cpct_getScreenPtr(SCR_VMEM, scrollx, 0);
   08FD AF            [ 4] 1568 	xor	a, a
   08FE F5            [11] 1569 	push	af
   08FF 33            [ 6] 1570 	inc	sp
   0900 D5            [11] 1571 	push	de
   0901 33            [ 6] 1572 	inc	sp
   0902 21 00 C0      [10] 1573 	ld	hl,#0xC000
   0905 E5            [11] 1574 	push	hl
   0906 CDr00r00      [17] 1575 	call	_cpct_getScreenPtr
                           1576 ;src/game/world.c:329: cpct_drawSolidBox(p_video, cpct_px2byteM1(0,0,0,0), 4, TILESIZE_W);
   0909 E5            [11] 1577 	push	hl
   090A 21 00 00      [10] 1578 	ld	hl,#0x0000
   090D E5            [11] 1579 	push	hl
   090E 2E 00         [ 7] 1580 	ld	l, #0x00
   0910 E5            [11] 1581 	push	hl
   0911 CDr00r00      [17] 1582 	call	_cpct_px2byteM1
   0914 F1            [10] 1583 	pop	af
   0915 F1            [10] 1584 	pop	af
   0916 45            [ 4] 1585 	ld	b,l
   0917 D1            [10] 1586 	pop	de
   0918 21 04 04      [10] 1587 	ld	hl,#0x0404
   091B E5            [11] 1588 	push	hl
   091C C5            [11] 1589 	push	bc
   091D 33            [ 6] 1590 	inc	sp
   091E D5            [11] 1591 	push	de
   091F CDr00r00      [17] 1592 	call	_cpct_drawSolidBox
   0922 F1            [10] 1593 	pop	af
   0923 F1            [10] 1594 	pop	af
   0924 33            [ 6] 1595 	inc	sp
                           1596 ;src/game/world.c:331: p_video = cpct_getScreenPtr(SCR_VMEM, 0, scrolly);
   0925 DD 7E FF      [19] 1597 	ld	a,-1 (ix)
   0928 F5            [11] 1598 	push	af
   0929 33            [ 6] 1599 	inc	sp
   092A AF            [ 4] 1600 	xor	a, a
   092B F5            [11] 1601 	push	af
   092C 33            [ 6] 1602 	inc	sp
   092D 21 00 C0      [10] 1603 	ld	hl,#0xC000
   0930 E5            [11] 1604 	push	hl
   0931 CDr00r00      [17] 1605 	call	_cpct_getScreenPtr
                           1606 ;src/game/world.c:332: cpct_drawSolidBox(p_video, cpct_px2byteM1(0,0,0,0), 1, TILESIZE_H);
   0934 E5            [11] 1607 	push	hl
   0935 21 00 00      [10] 1608 	ld	hl,#0x0000
   0938 E5            [11] 1609 	push	hl
   0939 2E 00         [ 7] 1610 	ld	l, #0x00
   093B E5            [11] 1611 	push	hl
   093C CDr00r00      [17] 1612 	call	_cpct_px2byteM1
   093F F1            [10] 1613 	pop	af
   0940 F1            [10] 1614 	pop	af
   0941 45            [ 4] 1615 	ld	b,l
   0942 D1            [10] 1616 	pop	de
   0943 21 01 10      [10] 1617 	ld	hl,#0x1001
   0946 E5            [11] 1618 	push	hl
   0947 C5            [11] 1619 	push	bc
   0948 33            [ 6] 1620 	inc	sp
   0949 D5            [11] 1621 	push	de
   094A CDr00r00      [17] 1622 	call	_cpct_drawSolidBox
   094D F1            [10] 1623 	pop	af
   094E F1            [10] 1624 	pop	af
   094F 33            [ 6] 1625 	inc	sp
   0950 33            [ 6] 1626 	inc	sp
   0951 DD E1         [14] 1627 	pop	ix
   0953 C9            [10] 1628 	ret
                           1629 ;src/game/world.c:335: void drawWorld(u8 x_, u8 y_)
                           1630 ;	---------------------------------
                           1631 ; Function drawWorld
                           1632 ; ---------------------------------
   0954                    1633 _drawWorld::
                           1634 ;src/game/world.c:340: for(iy=0; iy<NBTILE_H;iy++)
   0954 16 00         [ 7] 1635 	ld	d,#0x00
                           1636 ;src/game/world.c:342: for(ix=0; ix<NBTILE_W;ix++)
   0956                    1637 00109$:
   0956 1E 00         [ 7] 1638 	ld	e,#0x00
   0958                    1639 00103$:
                           1640 ;src/game/world.c:344: drawTile(x_, y_, ix, iy);
   0958 D5            [11] 1641 	push	de
   0959 D5            [11] 1642 	push	de
   095A 21 07 00      [10] 1643 	ld	hl, #7+0
   095D 39            [11] 1644 	add	hl, sp
   095E 7E            [ 7] 1645 	ld	a, (hl)
   095F F5            [11] 1646 	push	af
   0960 33            [ 6] 1647 	inc	sp
   0961 21 07 00      [10] 1648 	ld	hl, #7+0
   0964 39            [11] 1649 	add	hl, sp
   0965 7E            [ 7] 1650 	ld	a, (hl)
   0966 F5            [11] 1651 	push	af
   0967 33            [ 6] 1652 	inc	sp
   0968 CDr93r06      [17] 1653 	call	_drawTile
   096B F1            [10] 1654 	pop	af
   096C F1            [10] 1655 	pop	af
   096D D1            [10] 1656 	pop	de
                           1657 ;src/game/world.c:342: for(ix=0; ix<NBTILE_W;ix++)
   096E 1C            [ 4] 1658 	inc	e
   096F 7B            [ 4] 1659 	ld	a,e
   0970 D6 14         [ 7] 1660 	sub	a, #0x14
   0972 38 E4         [12] 1661 	jr	C,00103$
                           1662 ;src/game/world.c:340: for(iy=0; iy<NBTILE_H;iy++)
   0974 14            [ 4] 1663 	inc	d
   0975 7A            [ 4] 1664 	ld	a,d
   0976 D6 0C         [ 7] 1665 	sub	a, #0x0C
   0978 38 DC         [12] 1666 	jr	C,00109$
                           1667 ;src/game/world.c:348: drawScrolls(x_, y_);
   097A 21 03 00      [10] 1668 	ld	hl, #3+0
   097D 39            [11] 1669 	add	hl, sp
   097E 7E            [ 7] 1670 	ld	a, (hl)
   097F F5            [11] 1671 	push	af
   0980 33            [ 6] 1672 	inc	sp
   0981 21 03 00      [10] 1673 	ld	hl, #3+0
   0984 39            [11] 1674 	add	hl, sp
   0985 7E            [ 7] 1675 	ld	a, (hl)
   0986 F5            [11] 1676 	push	af
   0987 33            [ 6] 1677 	inc	sp
   0988 CDrBBr08      [17] 1678 	call	_drawScrolls
   098B F1            [10] 1679 	pop	af
   098C C9            [10] 1680 	ret
                           1681 	.area _CODE
                           1682 	.area _INITIALIZER
                           1683 	.area _CABS (ABS)
