                              1 ;--------------------------------------------------------
                              2 ; File Created by SDCC : free open source ANSI-C Compiler
                              3 ; Version 3.6.8 #9946 (Linux)
                              4 ;--------------------------------------------------------
                              5 	.module global
                              6 	.optsdcc -mz80
                              7 	
                              8 ;--------------------------------------------------------
                              9 ; Public variables in this module
                             10 ;--------------------------------------------------------
                             11 	.globl _paletteMenusM2
                             12 	.globl _paletteMenusM1
                             13 	.globl _paletteTrains
                             14 	.globl _nbTrainList
                             15 	.globl _CURSOR_MODE
                             16 	.globl _trainList
                             17 	.globl _p_world
                             18 ;--------------------------------------------------------
                             19 ; special function registers
                             20 ;--------------------------------------------------------
                             21 ;--------------------------------------------------------
                             22 ; ram data
                             23 ;--------------------------------------------------------
                             24 	.area _DATA
   0000                      25 _p_world::
   0000                      26 	.ds 3840
   0F00                      27 _trainList::
   0F00                      28 	.ds 2
                             29 ;--------------------------------------------------------
                             30 ; ram data
                             31 ;--------------------------------------------------------
                             32 	.area _INITIALIZED
   0000                      33 _CURSOR_MODE::
   0000                      34 	.ds 1
   0001                      35 _nbTrainList::
   0001                      36 	.ds 1
                             37 ;--------------------------------------------------------
                             38 ; absolute external ram data
                             39 ;--------------------------------------------------------
                             40 	.area _DABS (ABS)
                             41 ;--------------------------------------------------------
                             42 ; global & static initialisations
                             43 ;--------------------------------------------------------
                             44 	.area _HOME
                             45 	.area _GSINIT
                             46 	.area _GSFINAL
                             47 	.area _GSINIT
                             48 ;--------------------------------------------------------
                             49 ; Home
                             50 ;--------------------------------------------------------
                             51 	.area _HOME
                             52 	.area _HOME
                             53 ;--------------------------------------------------------
                             54 ; code
                             55 ;--------------------------------------------------------
                             56 	.area _CODE
                             57 	.area _CODE
   0000                      58 _paletteTrains:
   0000 00                   59 	.db #0x00	; 0
   0001 1A                   60 	.db #0x1a	; 26
   0002 0D                   61 	.db #0x0d	; 13
   0003 03                   62 	.db #0x03	; 3
   0004 0F                   63 	.db #0x0f	; 15
   0005 06                   64 	.db #0x06	; 6
   0006 10                   65 	.db #0x10	; 16
   0007 09                   66 	.db #0x09	; 9
   0008 0A                   67 	.db #0x0a	; 10
   0009 14                   68 	.db #0x14	; 20
   000A 02                   69 	.db #0x02	; 2
   000B 01                   70 	.db #0x01	; 1
   000C 13                   71 	.db #0x13	; 19
   000D 18                   72 	.db #0x18	; 24
   000E 0B                   73 	.db #0x0b	; 11
   000F 19                   74 	.db #0x19	; 25
   0010                      75 _paletteMenusM1:
   0010 00                   76 	.db #0x00	; 0
   0011 0F                   77 	.db #0x0f	; 15
   0012 09                   78 	.db #0x09	; 9
   0013 16                   79 	.db #0x16	; 22
   0014                      80 _paletteMenusM2:
   0014 00                   81 	.db #0x00	; 0
   0015 14                   82 	.db #0x14	; 20
                             83 	.area _INITIALIZER
   0000                      84 __xinit__CURSOR_MODE:
   0000 00                   85 	.db #0x00	; 0
   0001                      86 __xinit__nbTrainList:
   0001 00                   87 	.db #0x00	; 0
                             88 	.area _CABS (ABS)
