                              1 ;--------------------------------------------------------
                              2 ; File Created by SDCC : free open source ANSI-C Compiler
                              3 ; Version 3.5.4 #9329 (Linux)
                              4 ; This file was generated Sat Feb  6 17:14:19 2016
                              5 ;--------------------------------------------------------
                              6 	.module sprites
                              7 	.optsdcc -mz80
                              8 	
                              9 ;--------------------------------------------------------
                             10 ; Public variables in this module
                             11 ;--------------------------------------------------------
                             12 	.globl _rail_ns_e
                             13 	.globl _rail_ns_w
                             14 	.globl _rail_ew_s
                             15 	.globl _rail_ew_n
                             16 	.globl _rail_ws
                             17 	.globl _rail_wn
                             18 	.globl _rail_es
                             19 	.globl _rail_en
                             20 	.globl _rail_ns
                             21 	.globl _rail_ew
                             22 	.globl _station_large_ew
                             23 	.globl _station_large_ns
                             24 	.globl _station_medium_ew
                             25 	.globl _station_medium_ns
                             26 	.globl _station_small_ew
                             27 	.globl _station_small_ns
                             28 	.globl _livestock
                             29 	.globl _farm2
                             30 	.globl _farm1
                             31 	.globl _water
                             32 	.globl _dwellings3
                             33 	.globl _dwellings2
                             34 	.globl _dwellings1
                             35 	.globl _forest
                             36 	.globl _grass2
                             37 	.globl _grass1
                             38 ;--------------------------------------------------------
                             39 ; special function registers
                             40 ;--------------------------------------------------------
                             41 ;--------------------------------------------------------
                             42 ; ram data
                             43 ;--------------------------------------------------------
                             44 	.area _DATA
                             45 ;--------------------------------------------------------
                             46 ; ram data
                             47 ;--------------------------------------------------------
                             48 	.area _INITIALIZED
                             49 ;--------------------------------------------------------
                             50 ; absolute external ram data
                             51 ;--------------------------------------------------------
                             52 	.area _DABS (ABS)
                             53 ;--------------------------------------------------------
                             54 ; global & static initialisations
                             55 ;--------------------------------------------------------
                             56 	.area _HOME
                             57 	.area _GSINIT
                             58 	.area _GSFINAL
                             59 	.area _GSINIT
                             60 ;--------------------------------------------------------
                             61 ; Home
                             62 ;--------------------------------------------------------
                             63 	.area _HOME
                             64 	.area _HOME
                             65 ;--------------------------------------------------------
                             66 ; code
                             67 ;--------------------------------------------------------
                             68 	.area _CODE
                             69 	.area _CODE
   0000                      70 _grass1:
   0000 0F                   71 	.db #0x0F	; 15
   0001 0F                   72 	.db #0x0F	; 15
   0002 0F                   73 	.db #0x0F	; 15
   0003 8F                   74 	.db #0x8F	; 143
   0004 0F                   75 	.db #0x0F	; 15
   0005 0F                   76 	.db #0x0F	; 15
   0006 0F                   77 	.db #0x0F	; 15
   0007 0F                   78 	.db #0x0F	; 15
   0008 1F                   79 	.db #0x1F	; 31
   0009 0F                   80 	.db #0x0F	; 15
   000A 2F                   81 	.db #0x2F	; 47
   000B 0F                   82 	.db #0x0F	; 15
   000C 0F                   83 	.db #0x0F	; 15
   000D 0F                   84 	.db #0x0F	; 15
   000E 0F                   85 	.db #0x0F	; 15
   000F 0F                   86 	.db #0x0F	; 15
   0010 0F                   87 	.db #0x0F	; 15
   0011 0F                   88 	.db #0x0F	; 15
   0012 0F                   89 	.db #0x0F	; 15
   0013 0F                   90 	.db #0x0F	; 15
   0014 0F                   91 	.db #0x0F	; 15
   0015 0F                   92 	.db #0x0F	; 15
   0016 0F                   93 	.db #0x0F	; 15
   0017 0F                   94 	.db #0x0F	; 15
   0018 0F                   95 	.db #0x0F	; 15
   0019 0F                   96 	.db #0x0F	; 15
   001A 0F                   97 	.db #0x0F	; 15
   001B 0F                   98 	.db #0x0F	; 15
   001C 4F                   99 	.db #0x4F	; 79	'O'
   001D 0F                  100 	.db #0x0F	; 15
   001E 0F                  101 	.db #0x0F	; 15
   001F 8F                  102 	.db #0x8F	; 143
   0020 0F                  103 	.db #0x0F	; 15
   0021 4F                  104 	.db #0x4F	; 79	'O'
   0022 0F                  105 	.db #0x0F	; 15
   0023 0F                  106 	.db #0x0F	; 15
   0024 0F                  107 	.db #0x0F	; 15
   0025 0F                  108 	.db #0x0F	; 15
   0026 0F                  109 	.db #0x0F	; 15
   0027 0F                  110 	.db #0x0F	; 15
   0028 0F                  111 	.db #0x0F	; 15
   0029 0F                  112 	.db #0x0F	; 15
   002A 0F                  113 	.db #0x0F	; 15
   002B 0F                  114 	.db #0x0F	; 15
   002C 0F                  115 	.db #0x0F	; 15
   002D 1F                  116 	.db #0x1F	; 31
   002E 0F                  117 	.db #0x0F	; 15
   002F 0F                  118 	.db #0x0F	; 15
   0030 0F                  119 	.db #0x0F	; 15
   0031 0F                  120 	.db #0x0F	; 15
   0032 0F                  121 	.db #0x0F	; 15
   0033 8F                  122 	.db #0x8F	; 143
   0034 0F                  123 	.db #0x0F	; 15
   0035 0F                  124 	.db #0x0F	; 15
   0036 0F                  125 	.db #0x0F	; 15
   0037 0F                  126 	.db #0x0F	; 15
   0038 0F                  127 	.db #0x0F	; 15
   0039 0F                  128 	.db #0x0F	; 15
   003A 0F                  129 	.db #0x0F	; 15
   003B 0F                  130 	.db #0x0F	; 15
   003C 4F                  131 	.db #0x4F	; 79	'O'
   003D 0F                  132 	.db #0x0F	; 15
   003E 8F                  133 	.db #0x8F	; 143
   003F 0F                  134 	.db #0x0F	; 15
   0040                     135 _grass2:
   0040 0F                  136 	.db #0x0F	; 15
   0041 0F                  137 	.db #0x0F	; 15
   0042 0F                  138 	.db #0x0F	; 15
   0043 0F                  139 	.db #0x0F	; 15
   0044 0F                  140 	.db #0x0F	; 15
   0045 0F                  141 	.db #0x0F	; 15
   0046 0F                  142 	.db #0x0F	; 15
   0047 2F                  143 	.db #0x2F	; 47
   0048 0F                  144 	.db #0x0F	; 15
   0049 8F                  145 	.db #0x8F	; 143
   004A 0F                  146 	.db #0x0F	; 15
   004B 0F                  147 	.db #0x0F	; 15
   004C 0F                  148 	.db #0x0F	; 15
   004D 0F                  149 	.db #0x0F	; 15
   004E 0F                  150 	.db #0x0F	; 15
   004F 0F                  151 	.db #0x0F	; 15
   0050 0F                  152 	.db #0x0F	; 15
   0051 0F                  153 	.db #0x0F	; 15
   0052 0F                  154 	.db #0x0F	; 15
   0053 0F                  155 	.db #0x0F	; 15
   0054 4F                  156 	.db #0x4F	; 79	'O'
   0055 0F                  157 	.db #0x0F	; 15
   0056 0F                  158 	.db #0x0F	; 15
   0057 0F                  159 	.db #0x0F	; 15
   0058 0F                  160 	.db #0x0F	; 15
   0059 0F                  161 	.db #0x0F	; 15
   005A 2F                  162 	.db #0x2F	; 47
   005B 0F                  163 	.db #0x0F	; 15
   005C 0F                  164 	.db #0x0F	; 15
   005D 0F                  165 	.db #0x0F	; 15
   005E 0F                  166 	.db #0x0F	; 15
   005F 0F                  167 	.db #0x0F	; 15
   0060 0F                  168 	.db #0x0F	; 15
   0061 4F                  169 	.db #0x4F	; 79	'O'
   0062 0F                  170 	.db #0x0F	; 15
   0063 0F                  171 	.db #0x0F	; 15
   0064 0F                  172 	.db #0x0F	; 15
   0065 0F                  173 	.db #0x0F	; 15
   0066 0F                  174 	.db #0x0F	; 15
   0067 0F                  175 	.db #0x0F	; 15
   0068 0F                  176 	.db #0x0F	; 15
   0069 0F                  177 	.db #0x0F	; 15
   006A 0F                  178 	.db #0x0F	; 15
   006B 0F                  179 	.db #0x0F	; 15
   006C 0F                  180 	.db #0x0F	; 15
   006D 0F                  181 	.db #0x0F	; 15
   006E 0F                  182 	.db #0x0F	; 15
   006F 8F                  183 	.db #0x8F	; 143
   0070 0F                  184 	.db #0x0F	; 15
   0071 0F                  185 	.db #0x0F	; 15
   0072 0F                  186 	.db #0x0F	; 15
   0073 0F                  187 	.db #0x0F	; 15
   0074 2F                  188 	.db #0x2F	; 47
   0075 1F                  189 	.db #0x1F	; 31
   0076 0F                  190 	.db #0x0F	; 15
   0077 0F                  191 	.db #0x0F	; 15
   0078 0F                  192 	.db #0x0F	; 15
   0079 0F                  193 	.db #0x0F	; 15
   007A 0F                  194 	.db #0x0F	; 15
   007B 2F                  195 	.db #0x2F	; 47
   007C 0F                  196 	.db #0x0F	; 15
   007D 0F                  197 	.db #0x0F	; 15
   007E 0F                  198 	.db #0x0F	; 15
   007F 0F                  199 	.db #0x0F	; 15
   0080                     200 _forest:
   0080 0F                  201 	.db #0x0F	; 15
   0081 0F                  202 	.db #0x0F	; 15
   0082 0E                  203 	.db #0x0E	; 14
   0083 03                  204 	.db #0x03	; 3
   0084 0E                  205 	.db #0x0E	; 14
   0085 03                  206 	.db #0x03	; 3
   0086 0E                  207 	.db #0x0E	; 14
   0087 EF                  208 	.db #0xEF	; 239
   0088 0E                  209 	.db #0x0E	; 14
   0089 EF                  210 	.db #0xEF	; 239
   008A 0F                  211 	.db #0x0F	; 15
   008B EF                  212 	.db #0xEF	; 239
   008C 0E                  213 	.db #0x0E	; 14
   008D FF                  214 	.db #0xFF	; 255
   008E 0F                  215 	.db #0x0F	; 15
   008F 0F                  216 	.db #0x0F	; 15
   0090 07                  217 	.db #0x07	; 7
   0091 6F                  218 	.db #0x6F	; 111	'o'
   0092 0C                  219 	.db #0x0C	; 12
   0093 0F                  220 	.db #0x0F	; 15
   0094 CF                  221 	.db #0xCF	; 207
   0095 0F                  222 	.db #0x0F	; 15
   0096 19                  223 	.db #0x19	; 25
   0097 8F                  224 	.db #0x8F	; 143
   0098 CE                  225 	.db #0xCE	; 206
   0099 03                  226 	.db #0x03	; 3
   009A 3B                  227 	.db #0x3B	; 59
   009B 8F                  228 	.db #0x8F	; 143
   009C CE                  229 	.db #0xCE	; 206
   009D CF                  230 	.db #0xCF	; 207
   009E 3B                  231 	.db #0x3B	; 59
   009F 0F                  232 	.db #0x0F	; 15
   00A0 0E                  233 	.db #0x0E	; 14
   00A1 EF                  234 	.db #0xEF	; 239
   00A2 3F                  235 	.db #0x3F	; 63
   00A3 0F                  236 	.db #0x0F	; 15
   00A4 0F                  237 	.db #0x0F	; 15
   00A5 EF                  238 	.db #0xEF	; 239
   00A6 0F                  239 	.db #0x0F	; 15
   00A7 0F                  240 	.db #0x0F	; 15
   00A8 0E                  241 	.db #0x0E	; 14
   00A9 07                  242 	.db #0x07	; 7
   00AA 03                  243 	.db #0x03	; 3
   00AB 0F                  244 	.db #0x0F	; 15
   00AC 1D                  245 	.db #0x1D	; 29
   00AD CE                  246 	.db #0xCE	; 206
   00AE EF                  247 	.db #0xEF	; 239
   00AF 09                  248 	.db #0x09	; 9
   00B0 3B                  249 	.db #0x3B	; 59
   00B1 8F                  250 	.db #0x8F	; 143
   00B2 CE                  251 	.db #0xCE	; 206
   00B3 67                  252 	.db #0x67	; 103	'g'
   00B4 3B                  253 	.db #0x3B	; 59
   00B5 8F                  254 	.db #0x8F	; 143
   00B6 1D                  255 	.db #0x1D	; 29
   00B7 EF                  256 	.db #0xEF	; 239
   00B8 2F                  257 	.db #0x2F	; 47
   00B9 0F                  258 	.db #0x0F	; 15
   00BA 1D                  259 	.db #0x1D	; 29
   00BB EF                  260 	.db #0xEF	; 239
   00BC 0F                  261 	.db #0x0F	; 15
   00BD 0F                  262 	.db #0x0F	; 15
   00BE 0F                  263 	.db #0x0F	; 15
   00BF CF                  264 	.db #0xCF	; 207
   00C0                     265 _dwellings1:
   00C0 0F                  266 	.db #0x0F	; 15
   00C1 0F                  267 	.db #0x0F	; 15
   00C2 0F                  268 	.db #0x0F	; 15
   00C3 0F                  269 	.db #0x0F	; 15
   00C4 08                  270 	.db #0x08	; 8
   00C5 03                  271 	.db #0x03	; 3
   00C6 0C                  272 	.db #0x0C	; 12
   00C7 07                  273 	.db #0x07	; 7
   00C8 38                  274 	.db #0x38	; 56	'8'
   00C9 E1                  275 	.db #0xE1	; 225
   00CA 1C                  276 	.db #0x1C	; 28
   00CB C3                  277 	.db #0xC3	; 195
   00CC 3C                  278 	.db #0x3C	; 60
   00CD E1                  279 	.db #0xE1	; 225
   00CE 1C                  280 	.db #0x1C	; 28
   00CF C3                  281 	.db #0xC3	; 195
   00D0 0F                  282 	.db #0x0F	; 15
   00D1 0F                  283 	.db #0x0F	; 15
   00D2 1E                  284 	.db #0x1E	; 30
   00D3 C3                  285 	.db #0xC3	; 195
   00D4 0F                  286 	.db #0x0F	; 15
   00D5 0F                  287 	.db #0x0F	; 15
   00D6 0F                  288 	.db #0x0F	; 15
   00D7 0F                  289 	.db #0x0F	; 15
   00D8 0F                  290 	.db #0x0F	; 15
   00D9 0F                  291 	.db #0x0F	; 15
   00DA 0E                  292 	.db #0x0E	; 14
   00DB 03                  293 	.db #0x03	; 3
   00DC 0F                  294 	.db #0x0F	; 15
   00DD 0E                  295 	.db #0x0E	; 14
   00DE 06                  296 	.db #0x06	; 6
   00DF E1                  297 	.db #0xE1	; 225
   00E0 0F                  298 	.db #0x0F	; 15
   00E1 0E                  299 	.db #0x0E	; 14
   00E2 C2                  300 	.db #0xC2	; 194
   00E3 E1                  301 	.db #0xE1	; 225
   00E4 0F                  302 	.db #0x0F	; 15
   00E5 0E                  303 	.db #0x0E	; 14
   00E6 C2                  304 	.db #0xC2	; 194
   00E7 E1                  305 	.db #0xE1	; 225
   00E8 0F                  306 	.db #0x0F	; 15
   00E9 0E                  307 	.db #0x0E	; 14
   00EA C3                  308 	.db #0xC3	; 195
   00EB E1                  309 	.db #0xE1	; 225
   00EC 0F                  310 	.db #0x0F	; 15
   00ED 0E                  311 	.db #0x0E	; 14
   00EE C3                  312 	.db #0xC3	; 195
   00EF 0F                  313 	.db #0x0F	; 15
   00F0 0F                  314 	.db #0x0F	; 15
   00F1 0F                  315 	.db #0x0F	; 15
   00F2 C3                  316 	.db #0xC3	; 195
   00F3 0F                  317 	.db #0x0F	; 15
   00F4 08                  318 	.db #0x08	; 8
   00F5 07                  319 	.db #0x07	; 7
   00F6 0F                  320 	.db #0x0F	; 15
   00F7 0F                  321 	.db #0x0F	; 15
   00F8 38                  322 	.db #0x38	; 56	'8'
   00F9 C3                  323 	.db #0xC3	; 195
   00FA 0F                  324 	.db #0x0F	; 15
   00FB 0F                  325 	.db #0x0F	; 15
   00FC 3C                  326 	.db #0x3C	; 60
   00FD C3                  327 	.db #0xC3	; 195
   00FE 0F                  328 	.db #0x0F	; 15
   00FF 0F                  329 	.db #0x0F	; 15
   0100                     330 _dwellings2:
   0100 0F                  331 	.db #0x0F	; 15
   0101 0F                  332 	.db #0x0F	; 15
   0102 0F                  333 	.db #0x0F	; 15
   0103 0F                  334 	.db #0x0F	; 15
   0104 0F                  335 	.db #0x0F	; 15
   0105 01                  336 	.db #0x01	; 1
   0106 0F                  337 	.db #0x0F	; 15
   0107 0F                  338 	.db #0x0F	; 15
   0108 0F                  339 	.db #0x0F	; 15
   0109 70                  340 	.db #0x70	; 112	'p'
   010A 0C                  341 	.db #0x0C	; 12
   010B 0F                  342 	.db #0x0F	; 15
   010C 09                  343 	.db #0x09	; 9
   010D 78                  344 	.db #0x78	; 120	'x'
   010E 1C                  345 	.db #0x1C	; 28
   010F 87                  346 	.db #0x87	; 135
   0110 38                  347 	.db #0x38	; 56	'8'
   0111 0F                  348 	.db #0x0F	; 15
   0112 1C                  349 	.db #0x1C	; 28
   0113 87                  350 	.db #0x87	; 135
   0114 38                  351 	.db #0x38	; 56	'8'
   0115 0F                  352 	.db #0x0F	; 15
   0116 1E                  353 	.db #0x1E	; 30
   0117 87                  354 	.db #0x87	; 135
   0118 3C                  355 	.db #0x3C	; 60
   0119 0F                  356 	.db #0x0F	; 15
   011A 0F                  357 	.db #0x0F	; 15
   011B 0F                  358 	.db #0x0F	; 15
   011C 0F                  359 	.db #0x0F	; 15
   011D 0F                  360 	.db #0x0F	; 15
   011E 0F                  361 	.db #0x0F	; 15
   011F 0F                  362 	.db #0x0F	; 15
   0120 0E                  363 	.db #0x0E	; 14
   0121 07                  364 	.db #0x07	; 7
   0122 0F                  365 	.db #0x0F	; 15
   0123 0F                  366 	.db #0x0F	; 15
   0124 0E                  367 	.db #0x0E	; 14
   0125 C3                  368 	.db #0xC3	; 195
   0126 00                  369 	.db #0x00	; 0
   0127 07                  370 	.db #0x07	; 7
   0128 0E                  371 	.db #0x0E	; 14
   0129 C3                  372 	.db #0xC3	; 195
   012A 70                  373 	.db #0x70	; 112	'p'
   012B C3                  374 	.db #0xC3	; 195
   012C 0F                  375 	.db #0x0F	; 15
   012D C3                  376 	.db #0xC3	; 195
   012E 70                  377 	.db #0x70	; 112	'p'
   012F C3                  378 	.db #0xC3	; 195
   0130 03                  379 	.db #0x03	; 3
   0131 0F                  380 	.db #0x0F	; 15
   0132 78                  381 	.db #0x78	; 120	'x'
   0133 C3                  382 	.db #0xC3	; 195
   0134 61                  383 	.db #0x61	; 97	'a'
   0135 0F                  384 	.db #0x0F	; 15
   0136 0F                  385 	.db #0x0F	; 15
   0137 0F                  386 	.db #0x0F	; 15
   0138 69                  387 	.db #0x69	; 105	'i'
   0139 0F                  388 	.db #0x0F	; 15
   013A 0F                  389 	.db #0x0F	; 15
   013B 0F                  390 	.db #0x0F	; 15
   013C 0F                  391 	.db #0x0F	; 15
   013D 0F                  392 	.db #0x0F	; 15
   013E 0F                  393 	.db #0x0F	; 15
   013F 0F                  394 	.db #0x0F	; 15
   0140                     395 _dwellings3:
   0140 0F                  396 	.db #0x0F	; 15
   0141 0F                  397 	.db #0x0F	; 15
   0142 09                  398 	.db #0x09	; 9
   0143 09                  399 	.db #0x09	; 9
   0144 0F                  400 	.db #0x0F	; 15
   0145 0F                  401 	.db #0x0F	; 15
   0146 38                  402 	.db #0x38	; 56	'8'
   0147 38                  403 	.db #0x38	; 56	'8'
   0148 0E                  404 	.db #0x0E	; 14
   0149 03                  405 	.db #0x03	; 3
   014A 38                  406 	.db #0x38	; 56	'8'
   014B 38                  407 	.db #0x38	; 56	'8'
   014C 0E                  408 	.db #0x0E	; 14
   014D E1                  409 	.db #0xE1	; 225
   014E 3C                  410 	.db #0x3C	; 60
   014F 3C                  411 	.db #0x3C	; 60
   0150 0E                  412 	.db #0x0E	; 14
   0151 E1                  413 	.db #0xE1	; 225
   0152 0F                  414 	.db #0x0F	; 15
   0153 0F                  415 	.db #0x0F	; 15
   0154 0E                  416 	.db #0x0E	; 14
   0155 E1                  417 	.db #0xE1	; 225
   0156 08                  418 	.db #0x08	; 8
   0157 07                  419 	.db #0x07	; 7
   0158 0F                  420 	.db #0x0F	; 15
   0159 E1                  421 	.db #0xE1	; 225
   015A 38                  422 	.db #0x38	; 56	'8'
   015B C3                  423 	.db #0xC3	; 195
   015C 0F                  424 	.db #0x0F	; 15
   015D 0F                  425 	.db #0x0F	; 15
   015E 3C                  426 	.db #0x3C	; 60
   015F C3                  427 	.db #0xC3	; 195
   0160 0C                  428 	.db #0x0C	; 12
   0161 0F                  429 	.db #0x0F	; 15
   0162 0F                  430 	.db #0x0F	; 15
   0163 0F                  431 	.db #0x0F	; 15
   0164 1C                  432 	.db #0x1C	; 28
   0165 87                  433 	.db #0x87	; 135
   0166 0F                  434 	.db #0x0F	; 15
   0167 0F                  435 	.db #0x0F	; 15
   0168 1E                  436 	.db #0x1E	; 30
   0169 87                  437 	.db #0x87	; 135
   016A 0C                  438 	.db #0x0C	; 12
   016B 07                  439 	.db #0x07	; 7
   016C 0F                  440 	.db #0x0F	; 15
   016D 0F                  441 	.db #0x0F	; 15
   016E 1C                  442 	.db #0x1C	; 28
   016F C3                  443 	.db #0xC3	; 195
   0170 0F                  444 	.db #0x0F	; 15
   0171 09                  445 	.db #0x09	; 9
   0172 1C                  446 	.db #0x1C	; 28
   0173 C3                  447 	.db #0xC3	; 195
   0174 0F                  448 	.db #0x0F	; 15
   0175 38                  449 	.db #0x38	; 56	'8'
   0176 1C                  450 	.db #0x1C	; 28
   0177 C3                  451 	.db #0xC3	; 195
   0178 0F                  452 	.db #0x0F	; 15
   0179 3C                  453 	.db #0x3C	; 60
   017A 1E                  454 	.db #0x1E	; 30
   017B C3                  455 	.db #0xC3	; 195
   017C 0F                  456 	.db #0x0F	; 15
   017D 0F                  457 	.db #0x0F	; 15
   017E 0F                  458 	.db #0x0F	; 15
   017F 0F                  459 	.db #0x0F	; 15
   0180                     460 _water:
   0180 5F                  461 	.db #0x5F	; 95
   0181 5F                  462 	.db #0x5F	; 95
   0182 5F                  463 	.db #0x5F	; 95
   0183 5F                  464 	.db #0x5F	; 95
   0184 AF                  465 	.db #0xAF	; 175
   0185 AF                  466 	.db #0xAF	; 175
   0186 AF                  467 	.db #0xAF	; 175
   0187 AF                  468 	.db #0xAF	; 175
   0188 5F                  469 	.db #0x5F	; 95
   0189 5F                  470 	.db #0x5F	; 95
   018A 5F                  471 	.db #0x5F	; 95
   018B 5F                  472 	.db #0x5F	; 95
   018C AF                  473 	.db #0xAF	; 175
   018D AF                  474 	.db #0xAF	; 175
   018E AF                  475 	.db #0xAF	; 175
   018F AF                  476 	.db #0xAF	; 175
   0190 5F                  477 	.db #0x5F	; 95
   0191 5F                  478 	.db #0x5F	; 95
   0192 5F                  479 	.db #0x5F	; 95
   0193 5F                  480 	.db #0x5F	; 95
   0194 AF                  481 	.db #0xAF	; 175
   0195 AF                  482 	.db #0xAF	; 175
   0196 AF                  483 	.db #0xAF	; 175
   0197 AF                  484 	.db #0xAF	; 175
   0198 5F                  485 	.db #0x5F	; 95
   0199 5F                  486 	.db #0x5F	; 95
   019A 5F                  487 	.db #0x5F	; 95
   019B 5F                  488 	.db #0x5F	; 95
   019C AF                  489 	.db #0xAF	; 175
   019D AF                  490 	.db #0xAF	; 175
   019E AF                  491 	.db #0xAF	; 175
   019F AF                  492 	.db #0xAF	; 175
   01A0 5F                  493 	.db #0x5F	; 95
   01A1 5F                  494 	.db #0x5F	; 95
   01A2 5F                  495 	.db #0x5F	; 95
   01A3 5F                  496 	.db #0x5F	; 95
   01A4 AF                  497 	.db #0xAF	; 175
   01A5 AF                  498 	.db #0xAF	; 175
   01A6 AF                  499 	.db #0xAF	; 175
   01A7 AF                  500 	.db #0xAF	; 175
   01A8 5F                  501 	.db #0x5F	; 95
   01A9 5F                  502 	.db #0x5F	; 95
   01AA 5F                  503 	.db #0x5F	; 95
   01AB 5F                  504 	.db #0x5F	; 95
   01AC AF                  505 	.db #0xAF	; 175
   01AD AF                  506 	.db #0xAF	; 175
   01AE AF                  507 	.db #0xAF	; 175
   01AF AF                  508 	.db #0xAF	; 175
   01B0 5F                  509 	.db #0x5F	; 95
   01B1 5F                  510 	.db #0x5F	; 95
   01B2 5F                  511 	.db #0x5F	; 95
   01B3 5F                  512 	.db #0x5F	; 95
   01B4 AF                  513 	.db #0xAF	; 175
   01B5 AF                  514 	.db #0xAF	; 175
   01B6 AF                  515 	.db #0xAF	; 175
   01B7 AF                  516 	.db #0xAF	; 175
   01B8 5F                  517 	.db #0x5F	; 95
   01B9 5F                  518 	.db #0x5F	; 95
   01BA 5F                  519 	.db #0x5F	; 95
   01BB 5F                  520 	.db #0x5F	; 95
   01BC AF                  521 	.db #0xAF	; 175
   01BD AF                  522 	.db #0xAF	; 175
   01BE AF                  523 	.db #0xAF	; 175
   01BF AF                  524 	.db #0xAF	; 175
   01C0                     525 _farm1:
   01C0 03                  526 	.db #0x03	; 3
   01C1 0F                  527 	.db #0x0F	; 15
   01C2 78                  528 	.db #0x78	; 120	'x'
   01C3 F0                  529 	.db #0xF0	; 240
   01C4 61                  530 	.db #0x61	; 97	'a'
   01C5 01                  531 	.db #0x01	; 1
   01C6 5F                  532 	.db #0x5F	; 95
   01C7 5F                  533 	.db #0x5F	; 95
   01C8 61                  534 	.db #0x61	; 97	'a'
   01C9 70                  535 	.db #0x70	; 112	'p'
   01CA 78                  536 	.db #0x78	; 120	'x'
   01CB F0                  537 	.db #0xF0	; 240
   01CC 69                  538 	.db #0x69	; 105	'i'
   01CD 78                  539 	.db #0x78	; 120	'x'
   01CE 2F                  540 	.db #0x2F	; 47
   01CF AF                  541 	.db #0xAF	; 175
   01D0 0F                  542 	.db #0x0F	; 15
   01D1 0F                  543 	.db #0x0F	; 15
   01D2 78                  544 	.db #0x78	; 120	'x'
   01D3 F0                  545 	.db #0xF0	; 240
   01D4 7A                  546 	.db #0x7A	; 122	'z'
   01D5 7A                  547 	.db #0x7A	; 122	'z'
   01D6 5F                  548 	.db #0x5F	; 95
   01D7 5F                  549 	.db #0x5F	; 95
   01D8 5A                  550 	.db #0x5A	; 90	'Z'
   01D9 DA                  551 	.db #0xDA	; 218
   01DA 78                  552 	.db #0x78	; 120	'x'
   01DB F0                  553 	.db #0xF0	; 240
   01DC 7A                  554 	.db #0x7A	; 122	'z'
   01DD 7A                  555 	.db #0x7A	; 122	'z'
   01DE 0F                  556 	.db #0x0F	; 15
   01DF 0F                  557 	.db #0x0F	; 15
   01E0 5A                  558 	.db #0x5A	; 90	'Z'
   01E1 DA                  559 	.db #0xDA	; 218
   01E2 0F                  560 	.db #0x0F	; 15
   01E3 0F                  561 	.db #0x0F	; 15
   01E4 7A                  562 	.db #0x7A	; 122	'z'
   01E5 7A                  563 	.db #0x7A	; 122	'z'
   01E6 78                  564 	.db #0x78	; 120	'x'
   01E7 F0                  565 	.db #0xF0	; 240
   01E8 5A                  566 	.db #0x5A	; 90	'Z'
   01E9 DA                  567 	.db #0xDA	; 218
   01EA 5F                  568 	.db #0x5F	; 95
   01EB 5F                  569 	.db #0x5F	; 95
   01EC 7A                  570 	.db #0x7A	; 122	'z'
   01ED 7A                  571 	.db #0x7A	; 122	'z'
   01EE 78                  572 	.db #0x78	; 120	'x'
   01EF F0                  573 	.db #0xF0	; 240
   01F0 5A                  574 	.db #0x5A	; 90	'Z'
   01F1 DA                  575 	.db #0xDA	; 218
   01F2 2F                  576 	.db #0x2F	; 47
   01F3 AF                  577 	.db #0xAF	; 175
   01F4 7A                  578 	.db #0x7A	; 122	'z'
   01F5 7A                  579 	.db #0x7A	; 122	'z'
   01F6 78                  580 	.db #0x78	; 120	'x'
   01F7 F0                  581 	.db #0xF0	; 240
   01F8 5A                  582 	.db #0x5A	; 90	'Z'
   01F9 DA                  583 	.db #0xDA	; 218
   01FA 5F                  584 	.db #0x5F	; 95
   01FB 5F                  585 	.db #0x5F	; 95
   01FC 7A                  586 	.db #0x7A	; 122	'z'
   01FD 7A                  587 	.db #0x7A	; 122	'z'
   01FE 78                  588 	.db #0x78	; 120	'x'
   01FF F0                  589 	.db #0xF0	; 240
   0200                     590 _farm2:
   0200 0F                  591 	.db #0x0F	; 15
   0201 0F                  592 	.db #0x0F	; 15
   0202 0F                  593 	.db #0x0F	; 15
   0203 0F                  594 	.db #0x0F	; 15
   0204 7F                  595 	.db #0x7F	; 127
   0205 FF                  596 	.db #0xFF	; 255
   0206 FF                  597 	.db #0xFF	; 255
   0207 EF                  598 	.db #0xEF	; 239
   0208 2D                  599 	.db #0x2D	; 45
   0209 A5                  600 	.db #0xA5	; 165
   020A A5                  601 	.db #0xA5	; 165
   020B A5                  602 	.db #0xA5	; 165
   020C 7F                  603 	.db #0x7F	; 127
   020D FF                  604 	.db #0xFF	; 255
   020E FF                  605 	.db #0xFF	; 255
   020F EF                  606 	.db #0xEF	; 239
   0210 5A                  607 	.db #0x5A	; 90	'Z'
   0211 5A                  608 	.db #0x5A	; 90	'Z'
   0212 5A                  609 	.db #0x5A	; 90	'Z'
   0213 4B                  610 	.db #0x4B	; 75	'K'
   0214 7F                  611 	.db #0x7F	; 127
   0215 FF                  612 	.db #0xFF	; 255
   0216 FF                  613 	.db #0xFF	; 255
   0217 EF                  614 	.db #0xEF	; 239
   0218 2D                  615 	.db #0x2D	; 45
   0219 A5                  616 	.db #0xA5	; 165
   021A A5                  617 	.db #0xA5	; 165
   021B A5                  618 	.db #0xA5	; 165
   021C 7F                  619 	.db #0x7F	; 127
   021D FF                  620 	.db #0xFF	; 255
   021E FF                  621 	.db #0xFF	; 255
   021F EF                  622 	.db #0xEF	; 239
   0220 5A                  623 	.db #0x5A	; 90	'Z'
   0221 5A                  624 	.db #0x5A	; 90	'Z'
   0222 5A                  625 	.db #0x5A	; 90	'Z'
   0223 4B                  626 	.db #0x4B	; 75	'K'
   0224 7F                  627 	.db #0x7F	; 127
   0225 FF                  628 	.db #0xFF	; 255
   0226 FF                  629 	.db #0xFF	; 255
   0227 EF                  630 	.db #0xEF	; 239
   0228 0F                  631 	.db #0x0F	; 15
   0229 0F                  632 	.db #0x0F	; 15
   022A 0F                  633 	.db #0x0F	; 15
   022B 0F                  634 	.db #0x0F	; 15
   022C 0E                  635 	.db #0x0E	; 14
   022D 07                  636 	.db #0x07	; 7
   022E AF                  637 	.db #0xAF	; 175
   022F AF                  638 	.db #0xAF	; 175
   0230 02                  639 	.db #0x02	; 2
   0231 C3                  640 	.db #0xC3	; 195
   0232 AF                  641 	.db #0xAF	; 175
   0233 AF                  642 	.db #0xAF	; 175
   0234 60                  643 	.db #0x60	; 96
   0235 C3                  644 	.db #0xC3	; 195
   0236 AF                  645 	.db #0xAF	; 175
   0237 AF                  646 	.db #0xAF	; 175
   0238 69                  647 	.db #0x69	; 105	'i'
   0239 C3                  648 	.db #0xC3	; 195
   023A AF                  649 	.db #0xAF	; 175
   023B AF                  650 	.db #0xAF	; 175
   023C 0F                  651 	.db #0x0F	; 15
   023D 0F                  652 	.db #0x0F	; 15
   023E 0F                  653 	.db #0x0F	; 15
   023F 0F                  654 	.db #0x0F	; 15
   0240                     655 _livestock:
   0240 03                  656 	.db #0x03	; 3
   0241 0F                  657 	.db #0x0F	; 15
   0242 0F                  658 	.db #0x0F	; 15
   0243 0F                  659 	.db #0x0F	; 15
   0244 61                  660 	.db #0x61	; 97	'a'
   0245 F5                  661 	.db #0xF5	; 245
   0246 F5                  662 	.db #0xF5	; 245
   0247 E5                  663 	.db #0xE5	; 229
   0248 61                  664 	.db #0x61	; 97	'a'
   0249 8F                  665 	.db #0x8F	; 143
   024A 0F                  666 	.db #0x0F	; 15
   024B 2F                  667 	.db #0x2F	; 47
   024C 69                  668 	.db #0x69	; 105	'i'
   024D 87                  669 	.db #0x87	; 135
   024E 0F                  670 	.db #0x0F	; 15
   024F AD                  671 	.db #0xAD	; 173
   0250 0F                  672 	.db #0x0F	; 15
   0251 9F                  673 	.db #0x9F	; 159
   0252 0F                  674 	.db #0x0F	; 15
   0253 2F                  675 	.db #0x2F	; 47
   0254 7D                  676 	.db #0x7D	; 125
   0255 87                  677 	.db #0x87	; 135
   0256 0F                  678 	.db #0x0F	; 15
   0257 2D                  679 	.db #0x2D	; 45
   0258 4B                  680 	.db #0x4B	; 75	'K'
   0259 0F                  681 	.db #0x0F	; 15
   025A 2F                  682 	.db #0x2F	; 47
   025B 2F                  683 	.db #0x2F	; 47
   025C 4F                  684 	.db #0x4F	; 79	'O'
   025D 0F                  685 	.db #0x0F	; 15
   025E 0F                  686 	.db #0x0F	; 15
   025F 2D                  687 	.db #0x2D	; 45
   0260 5B                  688 	.db #0x5B	; 91
   0261 1F                  689 	.db #0x1F	; 31
   0262 0F                  690 	.db #0x0F	; 15
   0263 2F                  691 	.db #0x2F	; 47
   0264 4F                  692 	.db #0x4F	; 79	'O'
   0265 0F                  693 	.db #0x0F	; 15
   0266 1F                  694 	.db #0x1F	; 31
   0267 2D                  695 	.db #0x2D	; 45
   0268 4B                  696 	.db #0x4B	; 75	'K'
   0269 0F                  697 	.db #0x0F	; 15
   026A 0F                  698 	.db #0x0F	; 15
   026B 2F                  699 	.db #0x2F	; 47
   026C 4F                  700 	.db #0x4F	; 79	'O'
   026D 4F                  701 	.db #0x4F	; 79	'O'
   026E 0F                  702 	.db #0x0F	; 15
   026F 2D                  703 	.db #0x2D	; 45
   0270 4B                  704 	.db #0x4B	; 75	'K'
   0271 0F                  705 	.db #0x0F	; 15
   0272 2F                  706 	.db #0x2F	; 47
   0273 2F                  707 	.db #0x2F	; 47
   0274 4F                  708 	.db #0x4F	; 79	'O'
   0275 0F                  709 	.db #0x0F	; 15
   0276 0F                  710 	.db #0x0F	; 15
   0277 2D                  711 	.db #0x2D	; 45
   0278 7A                  712 	.db #0x7A	; 122	'z'
   0279 FA                  713 	.db #0xFA	; 250
   027A FA                  714 	.db #0xFA	; 250
   027B EB                  715 	.db #0xEB	; 235
   027C 0F                  716 	.db #0x0F	; 15
   027D 0F                  717 	.db #0x0F	; 15
   027E 0F                  718 	.db #0x0F	; 15
   027F 0F                  719 	.db #0x0F	; 15
   0280                     720 _station_small_ns:
   0280 0F                  721 	.db #0x0F	; 15
   0281 1E                  722 	.db #0x1E	; 30
   0282 43                  723 	.db #0x43	; 67	'C'
   0283 0F                  724 	.db #0x0F	; 15
   0284 0F                  725 	.db #0x0F	; 15
   0285 1E                  726 	.db #0x1E	; 30
   0286 43                  727 	.db #0x43	; 67	'C'
   0287 4F                  728 	.db #0x4F	; 79	'O'
   0288 0F                  729 	.db #0x0F	; 15
   0289 5E                  730 	.db #0x5E	; 94
   028A 43                  731 	.db #0x43	; 67	'C'
   028B 0F                  732 	.db #0x0F	; 15
   028C 0F                  733 	.db #0x0F	; 15
   028D 1E                  734 	.db #0x1E	; 30
   028E 43                  735 	.db #0x43	; 67	'C'
   028F 0F                  736 	.db #0x0F	; 15
   0290 4F                  737 	.db #0x4F	; 79	'O'
   0291 1E                  738 	.db #0x1E	; 30
   0292 43                  739 	.db #0x43	; 67	'C'
   0293 8F                  740 	.db #0x8F	; 143
   0294 0F                  741 	.db #0x0F	; 15
   0295 1E                  742 	.db #0x1E	; 30
   0296 43                  743 	.db #0x43	; 67	'C'
   0297 0F                  744 	.db #0x0F	; 15
   0298 0F                  745 	.db #0x0F	; 15
   0299 1E                  746 	.db #0x1E	; 30
   029A 43                  747 	.db #0x43	; 67	'C'
   029B 0F                  748 	.db #0x0F	; 15
   029C 0E                  749 	.db #0x0E	; 14
   029D 16                  750 	.db #0x16	; 22
   029E 43                  751 	.db #0x43	; 67	'C'
   029F 0F                  752 	.db #0x0F	; 15
   02A0 0E                  753 	.db #0x0E	; 14
   02A1 D2                  754 	.db #0xD2	; 210
   02A2 43                  755 	.db #0x43	; 67	'C'
   02A3 0F                  756 	.db #0x0F	; 15
   02A4 4F                  757 	.db #0x4F	; 79	'O'
   02A5 D2                  758 	.db #0xD2	; 210
   02A6 43                  759 	.db #0x43	; 67	'C'
   02A7 0F                  760 	.db #0x0F	; 15
   02A8 0F                  761 	.db #0x0F	; 15
   02A9 1E                  762 	.db #0x1E	; 30
   02AA 53                  763 	.db #0x53	; 83	'S'
   02AB 0F                  764 	.db #0x0F	; 15
   02AC 0F                  765 	.db #0x0F	; 15
   02AD 1E                  766 	.db #0x1E	; 30
   02AE 43                  767 	.db #0x43	; 67	'C'
   02AF 0F                  768 	.db #0x0F	; 15
   02B0 0F                  769 	.db #0x0F	; 15
   02B1 5E                  770 	.db #0x5E	; 94
   02B2 43                  771 	.db #0x43	; 67	'C'
   02B3 0F                  772 	.db #0x0F	; 15
   02B4 0F                  773 	.db #0x0F	; 15
   02B5 1E                  774 	.db #0x1E	; 30
   02B6 43                  775 	.db #0x43	; 67	'C'
   02B7 1F                  776 	.db #0x1F	; 31
   02B8 4F                  777 	.db #0x4F	; 79	'O'
   02B9 1E                  778 	.db #0x1E	; 30
   02BA 43                  779 	.db #0x43	; 67	'C'
   02BB 0F                  780 	.db #0x0F	; 15
   02BC 0F                  781 	.db #0x0F	; 15
   02BD 1E                  782 	.db #0x1E	; 30
   02BE 43                  783 	.db #0x43	; 67	'C'
   02BF 0F                  784 	.db #0x0F	; 15
   02C0                     785 _station_small_ew:
   02C0 0F                  786 	.db #0x0F	; 15
   02C1 2F                  787 	.db #0x2F	; 47
   02C2 0F                  788 	.db #0x0F	; 15
   02C3 0F                  789 	.db #0x0F	; 15
   02C4 0F                  790 	.db #0x0F	; 15
   02C5 0F                  791 	.db #0x0F	; 15
   02C6 0F                  792 	.db #0x0F	; 15
   02C7 4F                  793 	.db #0x4F	; 79	'O'
   02C8 0F                  794 	.db #0x0F	; 15
   02C9 0F                  795 	.db #0x0F	; 15
   02CA 0F                  796 	.db #0x0F	; 15
   02CB 0F                  797 	.db #0x0F	; 15
   02CC 2F                  798 	.db #0x2F	; 47
   02CD 0C                  799 	.db #0x0C	; 12
   02CE 0F                  800 	.db #0x0F	; 15
   02CF 0F                  801 	.db #0x0F	; 15
   02D0 0F                  802 	.db #0x0F	; 15
   02D1 1C                  803 	.db #0x1C	; 28
   02D2 87                  804 	.db #0x87	; 135
   02D3 8F                  805 	.db #0x8F	; 143
   02D4 0F                  806 	.db #0x0F	; 15
   02D5 1E                  807 	.db #0x1E	; 30
   02D6 87                  808 	.db #0x87	; 135
   02D7 0F                  809 	.db #0x0F	; 15
   02D8 0F                  810 	.db #0x0F	; 15
   02D9 0F                  811 	.db #0x0F	; 15
   02DA 0F                  812 	.db #0x0F	; 15
   02DB 0F                  813 	.db #0x0F	; 15
   02DC F0                  814 	.db #0xF0	; 240
   02DD F0                  815 	.db #0xF0	; 240
   02DE F0                  816 	.db #0xF0	; 240
   02DF F0                  817 	.db #0xF0	; 240
   02E0 00                  818 	.db #0x00	; 0
   02E1 00                  819 	.db #0x00	; 0
   02E2 00                  820 	.db #0x00	; 0
   02E3 00                  821 	.db #0x00	; 0
   02E4 F0                  822 	.db #0xF0	; 240
   02E5 F0                  823 	.db #0xF0	; 240
   02E6 F0                  824 	.db #0xF0	; 240
   02E7 F0                  825 	.db #0xF0	; 240
   02E8 0F                  826 	.db #0x0F	; 15
   02E9 0F                  827 	.db #0x0F	; 15
   02EA 0F                  828 	.db #0x0F	; 15
   02EB 0F                  829 	.db #0x0F	; 15
   02EC 0F                  830 	.db #0x0F	; 15
   02ED 8F                  831 	.db #0x8F	; 143
   02EE 0F                  832 	.db #0x0F	; 15
   02EF 8F                  833 	.db #0x8F	; 143
   02F0 0F                  834 	.db #0x0F	; 15
   02F1 0F                  835 	.db #0x0F	; 15
   02F2 0F                  836 	.db #0x0F	; 15
   02F3 0F                  837 	.db #0x0F	; 15
   02F4 0F                  838 	.db #0x0F	; 15
   02F5 0F                  839 	.db #0x0F	; 15
   02F6 8F                  840 	.db #0x8F	; 143
   02F7 0F                  841 	.db #0x0F	; 15
   02F8 4F                  842 	.db #0x4F	; 79	'O'
   02F9 0F                  843 	.db #0x0F	; 15
   02FA 1F                  844 	.db #0x1F	; 31
   02FB 0F                  845 	.db #0x0F	; 15
   02FC 0F                  846 	.db #0x0F	; 15
   02FD 0F                  847 	.db #0x0F	; 15
   02FE 0F                  848 	.db #0x0F	; 15
   02FF 1F                  849 	.db #0x1F	; 31
   0300                     850 _station_medium_ns:
   0300 0F                  851 	.db #0x0F	; 15
   0301 1E                  852 	.db #0x1E	; 30
   0302 70                  853 	.db #0x70	; 112	'p'
   0303 0F                  854 	.db #0x0F	; 15
   0304 2F                  855 	.db #0x2F	; 47
   0305 1E                  856 	.db #0x1E	; 30
   0306 50                  857 	.db #0x50	; 80	'P'
   0307 0F                  858 	.db #0x0F	; 15
   0308 0F                  859 	.db #0x0F	; 15
   0309 1E                  860 	.db #0x1E	; 30
   030A 50                  861 	.db #0x50	; 80	'P'
   030B 2F                  862 	.db #0x2F	; 47
   030C 0F                  863 	.db #0x0F	; 15
   030D 1E                  864 	.db #0x1E	; 30
   030E 50                  865 	.db #0x50	; 80	'P'
   030F 0F                  866 	.db #0x0F	; 15
   0310 0F                  867 	.db #0x0F	; 15
   0311 1E                  868 	.db #0x1E	; 30
   0312 50                  869 	.db #0x50	; 80	'P'
   0313 0F                  870 	.db #0x0F	; 15
   0314 0E                  871 	.db #0x0E	; 14
   0315 16                  872 	.db #0x16	; 22
   0316 50                  873 	.db #0x50	; 80	'P'
   0317 0F                  874 	.db #0x0F	; 15
   0318 0E                  875 	.db #0x0E	; 14
   0319 D2                  876 	.db #0xD2	; 210
   031A 50                  877 	.db #0x50	; 80	'P'
   031B 2F                  878 	.db #0x2F	; 47
   031C 0E                  879 	.db #0x0E	; 14
   031D D2                  880 	.db #0xD2	; 210
   031E 50                  881 	.db #0x50	; 80	'P'
   031F 0F                  882 	.db #0x0F	; 15
   0320 0E                  883 	.db #0x0E	; 14
   0321 D2                  884 	.db #0xD2	; 210
   0322 50                  885 	.db #0x50	; 80	'P'
   0323 0F                  886 	.db #0x0F	; 15
   0324 0E                  887 	.db #0x0E	; 14
   0325 D2                  888 	.db #0xD2	; 210
   0326 50                  889 	.db #0x50	; 80	'P'
   0327 0F                  890 	.db #0x0F	; 15
   0328 0F                  891 	.db #0x0F	; 15
   0329 D2                  892 	.db #0xD2	; 210
   032A 50                  893 	.db #0x50	; 80	'P'
   032B 1F                  894 	.db #0x1F	; 31
   032C 4F                  895 	.db #0x4F	; 79	'O'
   032D 1E                  896 	.db #0x1E	; 30
   032E 50                  897 	.db #0x50	; 80	'P'
   032F 0F                  898 	.db #0x0F	; 15
   0330 0F                  899 	.db #0x0F	; 15
   0331 1E                  900 	.db #0x1E	; 30
   0332 50                  901 	.db #0x50	; 80	'P'
   0333 0F                  902 	.db #0x0F	; 15
   0334 0F                  903 	.db #0x0F	; 15
   0335 1E                  904 	.db #0x1E	; 30
   0336 50                  905 	.db #0x50	; 80	'P'
   0337 0F                  906 	.db #0x0F	; 15
   0338 0F                  907 	.db #0x0F	; 15
   0339 9E                  908 	.db #0x9E	; 158
   033A 21                  909 	.db #0x21	; 33
   033B 0F                  910 	.db #0x0F	; 15
   033C 0F                  911 	.db #0x0F	; 15
   033D 1E                  912 	.db #0x1E	; 30
   033E 43                  913 	.db #0x43	; 67	'C'
   033F 4F                  914 	.db #0x4F	; 79	'O'
   0340                     915 _station_medium_ew:
   0340 0F                  916 	.db #0x0F	; 15
   0341 0F                  917 	.db #0x0F	; 15
   0342 0F                  918 	.db #0x0F	; 15
   0343 0F                  919 	.db #0x0F	; 15
   0344 0F                  920 	.db #0x0F	; 15
   0345 2F                  921 	.db #0x2F	; 47
   0346 0F                  922 	.db #0x0F	; 15
   0347 03                  923 	.db #0x03	; 3
   0348 0F                  924 	.db #0x0F	; 15
   0349 0F                  925 	.db #0x0F	; 15
   034A 0E                  926 	.db #0x0E	; 14
   034B 67                  927 	.db #0x67	; 103	'g'
   034C 4F                  928 	.db #0x4F	; 79	'O'
   034D 00                  929 	.db #0x00	; 0
   034E 06                  930 	.db #0x06	; 6
   034F EF                  931 	.db #0xEF	; 239
   0350 0F                  932 	.db #0x0F	; 15
   0351 70                  933 	.db #0x70	; 112	'p'
   0352 C3                  934 	.db #0xC3	; 195
   0353 CF                  935 	.db #0xCF	; 207
   0354 0F                  936 	.db #0x0F	; 15
   0355 78                  937 	.db #0x78	; 120	'x'
   0356 C3                  938 	.db #0xC3	; 195
   0357 0F                  939 	.db #0x0F	; 15
   0358 0F                  940 	.db #0x0F	; 15
   0359 0F                  941 	.db #0x0F	; 15
   035A 0F                  942 	.db #0x0F	; 15
   035B 0F                  943 	.db #0x0F	; 15
   035C F0                  944 	.db #0xF0	; 240
   035D F0                  945 	.db #0xF0	; 240
   035E F0                  946 	.db #0xF0	; 240
   035F F0                  947 	.db #0xF0	; 240
   0360 00                  948 	.db #0x00	; 0
   0361 00                  949 	.db #0x00	; 0
   0362 00                  950 	.db #0x00	; 0
   0363 00                  951 	.db #0x00	; 0
   0364 B0                  952 	.db #0xB0	; 176
   0365 F0                  953 	.db #0xF0	; 240
   0366 F0                  954 	.db #0xF0	; 240
   0367 F0                  955 	.db #0xF0	; 240
   0368 48                  956 	.db #0x48	; 72	'H'
   0369 00                  957 	.db #0x00	; 0
   036A 00                  958 	.db #0x00	; 0
   036B 10                  959 	.db #0x10	; 16
   036C 3C                  960 	.db #0x3C	; 60
   036D F0                  961 	.db #0xF0	; 240
   036E F0                  962 	.db #0xF0	; 240
   036F F0                  963 	.db #0xF0	; 240
   0370 0F                  964 	.db #0x0F	; 15
   0371 4F                  965 	.db #0x4F	; 79	'O'
   0372 0F                  966 	.db #0x0F	; 15
   0373 0F                  967 	.db #0x0F	; 15
   0374 0F                  968 	.db #0x0F	; 15
   0375 0F                  969 	.db #0x0F	; 15
   0376 0F                  970 	.db #0x0F	; 15
   0377 0F                  971 	.db #0x0F	; 15
   0378 2F                  972 	.db #0x2F	; 47
   0379 0F                  973 	.db #0x0F	; 15
   037A 0F                  974 	.db #0x0F	; 15
   037B 4F                  975 	.db #0x4F	; 79	'O'
   037C 0F                  976 	.db #0x0F	; 15
   037D 0F                  977 	.db #0x0F	; 15
   037E 0F                  978 	.db #0x0F	; 15
   037F 0F                  979 	.db #0x0F	; 15
   0380                     980 _station_large_ns:
   0380 0F                  981 	.db #0x0F	; 15
   0381 1E                  982 	.db #0x1E	; 30
   0382 43                  983 	.db #0x43	; 67	'C'
   0383 4F                  984 	.db #0x4F	; 79	'O'
   0384 0E                  985 	.db #0x0E	; 14
   0385 16                  986 	.db #0x16	; 22
   0386 21                  987 	.db #0x21	; 33
   0387 0F                  988 	.db #0x0F	; 15
   0388 0E                  989 	.db #0x0E	; 14
   0389 D2                  990 	.db #0xD2	; 210
   038A 50                  991 	.db #0x50	; 80	'P'
   038B 0F                  992 	.db #0x0F	; 15
   038C 0E                  993 	.db #0x0E	; 14
   038D D2                  994 	.db #0xD2	; 210
   038E 40                  995 	.db #0x40	; 64
   038F 87                  996 	.db #0x87	; 135
   0390 0E                  997 	.db #0x0E	; 14
   0391 D2                  998 	.db #0xD2	; 210
   0392 50                  999 	.db #0x50	; 80	'P'
   0393 43                 1000 	.db #0x43	; 67	'C'
   0394 0C                 1001 	.db #0x0C	; 12
   0395 D2                 1002 	.db #0xD2	; 210
   0396 50                 1003 	.db #0x50	; 80	'P'
   0397 21                 1004 	.db #0x21	; 33
   0398 1C                 1005 	.db #0x1C	; 28
   0399 D2                 1006 	.db #0xD2	; 210
   039A 50                 1007 	.db #0x50	; 80	'P'
   039B 50                 1008 	.db #0x50	; 80	'P'
   039C 1C                 1009 	.db #0x1C	; 28
   039D D2                 1010 	.db #0xD2	; 210
   039E 50                 1011 	.db #0x50	; 80	'P'
   039F 50                 1012 	.db #0x50	; 80	'P'
   03A0 1C                 1013 	.db #0x1C	; 28
   03A1 D2                 1014 	.db #0xD2	; 210
   03A2 50                 1015 	.db #0x50	; 80	'P'
   03A3 50                 1016 	.db #0x50	; 80	'P'
   03A4 1C                 1017 	.db #0x1C	; 28
   03A5 D2                 1018 	.db #0xD2	; 210
   03A6 50                 1019 	.db #0x50	; 80	'P'
   03A7 50                 1020 	.db #0x50	; 80	'P'
   03A8 1C                 1021 	.db #0x1C	; 28
   03A9 D2                 1022 	.db #0xD2	; 210
   03AA 50                 1023 	.db #0x50	; 80	'P'
   03AB 50                 1024 	.db #0x50	; 80	'P'
   03AC 0E                 1025 	.db #0x0E	; 14
   03AD D2                 1026 	.db #0xD2	; 210
   03AE 50                 1027 	.db #0x50	; 80	'P'
   03AF 50                 1028 	.db #0x50	; 80	'P'
   03B0 0E                 1029 	.db #0x0E	; 14
   03B1 D2                 1030 	.db #0xD2	; 210
   03B2 50                 1031 	.db #0x50	; 80	'P'
   03B3 50                 1032 	.db #0x50	; 80	'P'
   03B4 4E                 1033 	.db #0x4E	; 78	'N'
   03B5 D2                 1034 	.db #0xD2	; 210
   03B6 50                 1035 	.db #0x50	; 80	'P'
   03B7 50                 1036 	.db #0x50	; 80	'P'
   03B8 0F                 1037 	.db #0x0F	; 15
   03B9 D2                 1038 	.db #0xD2	; 210
   03BA 50                 1039 	.db #0x50	; 80	'P'
   03BB 50                 1040 	.db #0x50	; 80	'P'
   03BC 0F                 1041 	.db #0x0F	; 15
   03BD 1E                 1042 	.db #0x1E	; 30
   03BE 70                 1043 	.db #0x70	; 112	'p'
   03BF F0                 1044 	.db #0xF0	; 240
   03C0                    1045 _station_large_ew:
   03C0 0F                 1046 	.db #0x0F	; 15
   03C1 0F                 1047 	.db #0x0F	; 15
   03C2 0F                 1048 	.db #0x0F	; 15
   03C3 0F                 1049 	.db #0x0F	; 15
   03C4 0F                 1050 	.db #0x0F	; 15
   03C5 0F                 1051 	.db #0x0F	; 15
   03C6 0F                 1052 	.db #0x0F	; 15
   03C7 0F                 1053 	.db #0x0F	; 15
   03C8 0F                 1054 	.db #0x0F	; 15
   03C9 08                 1055 	.db #0x08	; 8
   03CA 01                 1056 	.db #0x01	; 1
   03CB 0F                 1057 	.db #0x0F	; 15
   03CC 08                 1058 	.db #0x08	; 8
   03CD 30                 1059 	.db #0x30	; 48	'0'
   03CE E0                 1060 	.db #0xE0	; 224
   03CF 01                 1061 	.db #0x01	; 1
   03D0 38                 1062 	.db #0x38	; 56	'8'
   03D1 F0                 1063 	.db #0xF0	; 240
   03D2 F0                 1064 	.db #0xF0	; 240
   03D3 E1                 1065 	.db #0xE1	; 225
   03D4 3C                 1066 	.db #0x3C	; 60
   03D5 F0                 1067 	.db #0xF0	; 240
   03D6 F0                 1068 	.db #0xF0	; 240
   03D7 E1                 1069 	.db #0xE1	; 225
   03D8 0F                 1070 	.db #0x0F	; 15
   03D9 0F                 1071 	.db #0x0F	; 15
   03DA 0F                 1072 	.db #0x0F	; 15
   03DB 0F                 1073 	.db #0x0F	; 15
   03DC F0                 1074 	.db #0xF0	; 240
   03DD F0                 1075 	.db #0xF0	; 240
   03DE F0                 1076 	.db #0xF0	; 240
   03DF F0                 1077 	.db #0xF0	; 240
   03E0 00                 1078 	.db #0x00	; 0
   03E1 00                 1079 	.db #0x00	; 0
   03E2 00                 1080 	.db #0x00	; 0
   03E3 00                 1081 	.db #0x00	; 0
   03E4 F0                 1082 	.db #0xF0	; 240
   03E5 F0                 1083 	.db #0xF0	; 240
   03E6 F0                 1084 	.db #0xF0	; 240
   03E7 D0                 1085 	.db #0xD0	; 208
   03E8 80                 1086 	.db #0x80	; 128
   03E9 00                 1087 	.db #0x00	; 0
   03EA 00                 1088 	.db #0x00	; 0
   03EB 21                 1089 	.db #0x21	; 33
   03EC F0                 1090 	.db #0xF0	; 240
   03ED F0                 1091 	.db #0xF0	; 240
   03EE F0                 1092 	.db #0xF0	; 240
   03EF 43                 1093 	.db #0x43	; 67	'C'
   03F0 80                 1094 	.db #0x80	; 128
   03F1 00                 1095 	.db #0x00	; 0
   03F2 00                 1096 	.db #0x00	; 0
   03F3 87                 1097 	.db #0x87	; 135
   03F4 F0                 1098 	.db #0xF0	; 240
   03F5 F0                 1099 	.db #0xF0	; 240
   03F6 D0                 1100 	.db #0xD0	; 208
   03F7 0F                 1101 	.db #0x0F	; 15
   03F8 80                 1102 	.db #0x80	; 128
   03F9 00                 1103 	.db #0x00	; 0
   03FA 21                 1104 	.db #0x21	; 33
   03FB 0F                 1105 	.db #0x0F	; 15
   03FC F0                 1106 	.db #0xF0	; 240
   03FD F0                 1107 	.db #0xF0	; 240
   03FE C3                 1108 	.db #0xC3	; 195
   03FF 0F                 1109 	.db #0x0F	; 15
   0400                    1110 _rail_ew:
   0400 0F                 1111 	.db #0x0F	; 15
   0401 0F                 1112 	.db #0x0F	; 15
   0402 0F                 1113 	.db #0x0F	; 15
   0403 0F                 1114 	.db #0x0F	; 15
   0404 2F                 1115 	.db #0x2F	; 47
   0405 0F                 1116 	.db #0x0F	; 15
   0406 2F                 1117 	.db #0x2F	; 47
   0407 2F                 1118 	.db #0x2F	; 47
   0408 0F                 1119 	.db #0x0F	; 15
   0409 0F                 1120 	.db #0x0F	; 15
   040A 0F                 1121 	.db #0x0F	; 15
   040B 0F                 1122 	.db #0x0F	; 15
   040C 0F                 1123 	.db #0x0F	; 15
   040D 0F                 1124 	.db #0x0F	; 15
   040E 0F                 1125 	.db #0x0F	; 15
   040F 0F                 1126 	.db #0x0F	; 15
   0410 0F                 1127 	.db #0x0F	; 15
   0411 2F                 1128 	.db #0x2F	; 47
   0412 0F                 1129 	.db #0x0F	; 15
   0413 0F                 1130 	.db #0x0F	; 15
   0414 4F                 1131 	.db #0x4F	; 79	'O'
   0415 0F                 1132 	.db #0x0F	; 15
   0416 0F                 1133 	.db #0x0F	; 15
   0417 4F                 1134 	.db #0x4F	; 79	'O'
   0418 0F                 1135 	.db #0x0F	; 15
   0419 0F                 1136 	.db #0x0F	; 15
   041A 0F                 1137 	.db #0x0F	; 15
   041B 0F                 1138 	.db #0x0F	; 15
   041C F0                 1139 	.db #0xF0	; 240
   041D F0                 1140 	.db #0xF0	; 240
   041E F0                 1141 	.db #0xF0	; 240
   041F F0                 1142 	.db #0xF0	; 240
   0420 00                 1143 	.db #0x00	; 0
   0421 00                 1144 	.db #0x00	; 0
   0422 00                 1145 	.db #0x00	; 0
   0423 00                 1146 	.db #0x00	; 0
   0424 F0                 1147 	.db #0xF0	; 240
   0425 F0                 1148 	.db #0xF0	; 240
   0426 F0                 1149 	.db #0xF0	; 240
   0427 F0                 1150 	.db #0xF0	; 240
   0428 0F                 1151 	.db #0x0F	; 15
   0429 0F                 1152 	.db #0x0F	; 15
   042A 0F                 1153 	.db #0x0F	; 15
   042B 0F                 1154 	.db #0x0F	; 15
   042C 0F                 1155 	.db #0x0F	; 15
   042D 0F                 1156 	.db #0x0F	; 15
   042E 8F                 1157 	.db #0x8F	; 143
   042F 0F                 1158 	.db #0x0F	; 15
   0430 0F                 1159 	.db #0x0F	; 15
   0431 8F                 1160 	.db #0x8F	; 143
   0432 0F                 1161 	.db #0x0F	; 15
   0433 4F                 1162 	.db #0x4F	; 79	'O'
   0434 0F                 1163 	.db #0x0F	; 15
   0435 0F                 1164 	.db #0x0F	; 15
   0436 0F                 1165 	.db #0x0F	; 15
   0437 0F                 1166 	.db #0x0F	; 15
   0438 0F                 1167 	.db #0x0F	; 15
   0439 0F                 1168 	.db #0x0F	; 15
   043A 0F                 1169 	.db #0x0F	; 15
   043B 0F                 1170 	.db #0x0F	; 15
   043C 2F                 1171 	.db #0x2F	; 47
   043D 0F                 1172 	.db #0x0F	; 15
   043E 2F                 1173 	.db #0x2F	; 47
   043F 0F                 1174 	.db #0x0F	; 15
   0440                    1175 _rail_ns:
   0440 0F                 1176 	.db #0x0F	; 15
   0441 1E                 1177 	.db #0x1E	; 30
   0442 43                 1178 	.db #0x43	; 67	'C'
   0443 0F                 1179 	.db #0x0F	; 15
   0444 0F                 1180 	.db #0x0F	; 15
   0445 9E                 1181 	.db #0x9E	; 158
   0446 43                 1182 	.db #0x43	; 67	'C'
   0447 8F                 1183 	.db #0x8F	; 143
   0448 0F                 1184 	.db #0x0F	; 15
   0449 1E                 1185 	.db #0x1E	; 30
   044A 43                 1186 	.db #0x43	; 67	'C'
   044B 0F                 1187 	.db #0x0F	; 15
   044C 0F                 1188 	.db #0x0F	; 15
   044D 1E                 1189 	.db #0x1E	; 30
   044E 43                 1190 	.db #0x43	; 67	'C'
   044F 0F                 1191 	.db #0x0F	; 15
   0450 0F                 1192 	.db #0x0F	; 15
   0451 1E                 1193 	.db #0x1E	; 30
   0452 43                 1194 	.db #0x43	; 67	'C'
   0453 0F                 1195 	.db #0x0F	; 15
   0454 0F                 1196 	.db #0x0F	; 15
   0455 1E                 1197 	.db #0x1E	; 30
   0456 43                 1198 	.db #0x43	; 67	'C'
   0457 2F                 1199 	.db #0x2F	; 47
   0458 0F                 1200 	.db #0x0F	; 15
   0459 1E                 1201 	.db #0x1E	; 30
   045A 43                 1202 	.db #0x43	; 67	'C'
   045B 0F                 1203 	.db #0x0F	; 15
   045C 2F                 1204 	.db #0x2F	; 47
   045D 1E                 1205 	.db #0x1E	; 30
   045E 43                 1206 	.db #0x43	; 67	'C'
   045F 0F                 1207 	.db #0x0F	; 15
   0460 0F                 1208 	.db #0x0F	; 15
   0461 1E                 1209 	.db #0x1E	; 30
   0462 43                 1210 	.db #0x43	; 67	'C'
   0463 0F                 1211 	.db #0x0F	; 15
   0464 0F                 1212 	.db #0x0F	; 15
   0465 1E                 1213 	.db #0x1E	; 30
   0466 43                 1214 	.db #0x43	; 67	'C'
   0467 0F                 1215 	.db #0x0F	; 15
   0468 0F                 1216 	.db #0x0F	; 15
   0469 1E                 1217 	.db #0x1E	; 30
   046A 43                 1218 	.db #0x43	; 67	'C'
   046B 0F                 1219 	.db #0x0F	; 15
   046C 0F                 1220 	.db #0x0F	; 15
   046D 1E                 1221 	.db #0x1E	; 30
   046E 53                 1222 	.db #0x53	; 83	'S'
   046F 0F                 1223 	.db #0x0F	; 15
   0470 0F                 1224 	.db #0x0F	; 15
   0471 9E                 1225 	.db #0x9E	; 158
   0472 43                 1226 	.db #0x43	; 67	'C'
   0473 0F                 1227 	.db #0x0F	; 15
   0474 4F                 1228 	.db #0x4F	; 79	'O'
   0475 1E                 1229 	.db #0x1E	; 30
   0476 43                 1230 	.db #0x43	; 67	'C'
   0477 0F                 1231 	.db #0x0F	; 15
   0478 0F                 1232 	.db #0x0F	; 15
   0479 1E                 1233 	.db #0x1E	; 30
   047A 43                 1234 	.db #0x43	; 67	'C'
   047B 4F                 1235 	.db #0x4F	; 79	'O'
   047C 0F                 1236 	.db #0x0F	; 15
   047D 1E                 1237 	.db #0x1E	; 30
   047E 43                 1238 	.db #0x43	; 67	'C'
   047F 0F                 1239 	.db #0x0F	; 15
   0480                    1240 _rail_en:
   0480 0F                 1241 	.db #0x0F	; 15
   0481 1E                 1242 	.db #0x1E	; 30
   0482 43                 1243 	.db #0x43	; 67	'C'
   0483 0F                 1244 	.db #0x0F	; 15
   0484 2F                 1245 	.db #0x2F	; 47
   0485 1E                 1246 	.db #0x1E	; 30
   0486 43                 1247 	.db #0x43	; 67	'C'
   0487 8F                 1248 	.db #0x8F	; 143
   0488 0F                 1249 	.db #0x0F	; 15
   0489 0F                 1250 	.db #0x0F	; 15
   048A A1                 1251 	.db #0xA1	; 161
   048B 0F                 1252 	.db #0x0F	; 15
   048C 0F                 1253 	.db #0x0F	; 15
   048D 0F                 1254 	.db #0x0F	; 15
   048E 58                 1255 	.db #0x58	; 88	'X'
   048F 0F                 1256 	.db #0x0F	; 15
   0490 0F                 1257 	.db #0x0F	; 15
   0491 4F                 1258 	.db #0x4F	; 79	'O'
   0492 2C                 1259 	.db #0x2C	; 44
   0493 87                 1260 	.db #0x87	; 135
   0494 0F                 1261 	.db #0x0F	; 15
   0495 0F                 1262 	.db #0x0F	; 15
   0496 1E                 1263 	.db #0x1E	; 30
   0497 43                 1264 	.db #0x43	; 67	'C'
   0498 0F                 1265 	.db #0x0F	; 15
   0499 0F                 1266 	.db #0x0F	; 15
   049A 8F                 1267 	.db #0x8F	; 143
   049B A1                 1268 	.db #0xA1	; 161
   049C 0F                 1269 	.db #0x0F	; 15
   049D 0F                 1270 	.db #0x0F	; 15
   049E 0F                 1271 	.db #0x0F	; 15
   049F 58                 1272 	.db #0x58	; 88	'X'
   04A0 2F                 1273 	.db #0x2F	; 47
   04A1 0F                 1274 	.db #0x0F	; 15
   04A2 0F                 1275 	.db #0x0F	; 15
   04A3 2C                 1276 	.db #0x2C	; 44
   04A4 0F                 1277 	.db #0x0F	; 15
   04A5 0F                 1278 	.db #0x0F	; 15
   04A6 0F                 1279 	.db #0x0F	; 15
   04A7 1E                 1280 	.db #0x1E	; 30
   04A8 0F                 1281 	.db #0x0F	; 15
   04A9 0F                 1282 	.db #0x0F	; 15
   04AA 0F                 1283 	.db #0x0F	; 15
   04AB 4F                 1284 	.db #0x4F	; 79	'O'
   04AC 0F                 1285 	.db #0x0F	; 15
   04AD 0F                 1286 	.db #0x0F	; 15
   04AE 0F                 1287 	.db #0x0F	; 15
   04AF 0F                 1288 	.db #0x0F	; 15
   04B0 2F                 1289 	.db #0x2F	; 47
   04B1 4F                 1290 	.db #0x4F	; 79	'O'
   04B2 2F                 1291 	.db #0x2F	; 47
   04B3 0F                 1292 	.db #0x0F	; 15
   04B4 0F                 1293 	.db #0x0F	; 15
   04B5 0F                 1294 	.db #0x0F	; 15
   04B6 0F                 1295 	.db #0x0F	; 15
   04B7 0F                 1296 	.db #0x0F	; 15
   04B8 0F                 1297 	.db #0x0F	; 15
   04B9 0F                 1298 	.db #0x0F	; 15
   04BA 0F                 1299 	.db #0x0F	; 15
   04BB 2F                 1300 	.db #0x2F	; 47
   04BC 0F                 1301 	.db #0x0F	; 15
   04BD 0F                 1302 	.db #0x0F	; 15
   04BE 0F                 1303 	.db #0x0F	; 15
   04BF 0F                 1304 	.db #0x0F	; 15
   04C0                    1305 _rail_es:
   04C0 0F                 1306 	.db #0x0F	; 15
   04C1 0F                 1307 	.db #0x0F	; 15
   04C2 0F                 1308 	.db #0x0F	; 15
   04C3 0F                 1309 	.db #0x0F	; 15
   04C4 0F                 1310 	.db #0x0F	; 15
   04C5 0F                 1311 	.db #0x0F	; 15
   04C6 0F                 1312 	.db #0x0F	; 15
   04C7 2F                 1313 	.db #0x2F	; 47
   04C8 0F                 1314 	.db #0x0F	; 15
   04C9 2F                 1315 	.db #0x2F	; 47
   04CA 0F                 1316 	.db #0x0F	; 15
   04CB 0F                 1317 	.db #0x0F	; 15
   04CC 1F                 1318 	.db #0x1F	; 31
   04CD 0F                 1319 	.db #0x0F	; 15
   04CE 0F                 1320 	.db #0x0F	; 15
   04CF 0F                 1321 	.db #0x0F	; 15
   04D0 0F                 1322 	.db #0x0F	; 15
   04D1 0F                 1323 	.db #0x0F	; 15
   04D2 0F                 1324 	.db #0x0F	; 15
   04D3 0F                 1325 	.db #0x0F	; 15
   04D4 0F                 1326 	.db #0x0F	; 15
   04D5 0F                 1327 	.db #0x0F	; 15
   04D6 1F                 1328 	.db #0x1F	; 31
   04D7 0F                 1329 	.db #0x0F	; 15
   04D8 0F                 1330 	.db #0x0F	; 15
   04D9 0F                 1331 	.db #0x0F	; 15
   04DA 0F                 1332 	.db #0x0F	; 15
   04DB 0F                 1333 	.db #0x0F	; 15
   04DC 4F                 1334 	.db #0x4F	; 79	'O'
   04DD 0F                 1335 	.db #0x0F	; 15
   04DE 0F                 1336 	.db #0x0F	; 15
   04DF 3C                 1337 	.db #0x3C	; 60
   04E0 0F                 1338 	.db #0x0F	; 15
   04E1 4F                 1339 	.db #0x4F	; 79	'O'
   04E2 0F                 1340 	.db #0x0F	; 15
   04E3 48                 1341 	.db #0x48	; 72	'H'
   04E4 0F                 1342 	.db #0x0F	; 15
   04E5 0F                 1343 	.db #0x0F	; 15
   04E6 4F                 1344 	.db #0x4F	; 79	'O'
   04E7 B0                 1345 	.db #0xB0	; 176
   04E8 0F                 1346 	.db #0x0F	; 15
   04E9 0F                 1347 	.db #0x0F	; 15
   04EA 1E                 1348 	.db #0x1E	; 30
   04EB 43                 1349 	.db #0x43	; 67	'C'
   04EC 0F                 1350 	.db #0x0F	; 15
   04ED 0F                 1351 	.db #0x0F	; 15
   04EE 2C                 1352 	.db #0x2C	; 44
   04EF 87                 1353 	.db #0x87	; 135
   04F0 0F                 1354 	.db #0x0F	; 15
   04F1 0F                 1355 	.db #0x0F	; 15
   04F2 58                 1356 	.db #0x58	; 88	'X'
   04F3 0F                 1357 	.db #0x0F	; 15
   04F4 0F                 1358 	.db #0x0F	; 15
   04F5 8F                 1359 	.db #0x8F	; 143
   04F6 A1                 1360 	.db #0xA1	; 161
   04F7 0F                 1361 	.db #0x0F	; 15
   04F8 0F                 1362 	.db #0x0F	; 15
   04F9 1E                 1363 	.db #0x1E	; 30
   04FA 43                 1364 	.db #0x43	; 67	'C'
   04FB 8F                 1365 	.db #0x8F	; 143
   04FC 0F                 1366 	.db #0x0F	; 15
   04FD 1E                 1367 	.db #0x1E	; 30
   04FE 43                 1368 	.db #0x43	; 67	'C'
   04FF 0F                 1369 	.db #0x0F	; 15
   0500                    1370 _rail_wn:
   0500 0F                 1371 	.db #0x0F	; 15
   0501 1E                 1372 	.db #0x1E	; 30
   0502 43                 1373 	.db #0x43	; 67	'C'
   0503 0F                 1374 	.db #0x0F	; 15
   0504 0F                 1375 	.db #0x0F	; 15
   0505 1E                 1376 	.db #0x1E	; 30
   0506 53                 1377 	.db #0x53	; 83	'S'
   0507 0F                 1378 	.db #0x0F	; 15
   0508 0F                 1379 	.db #0x0F	; 15
   0509 2C                 1380 	.db #0x2C	; 44
   050A 87                 1381 	.db #0x87	; 135
   050B 0F                 1382 	.db #0x0F	; 15
   050C 2F                 1383 	.db #0x2F	; 47
   050D 58                 1384 	.db #0x58	; 88	'X'
   050E 0F                 1385 	.db #0x0F	; 15
   050F 0F                 1386 	.db #0x0F	; 15
   0510 0F                 1387 	.db #0x0F	; 15
   0511 A1                 1388 	.db #0xA1	; 161
   0512 0F                 1389 	.db #0x0F	; 15
   0513 0F                 1390 	.db #0x0F	; 15
   0514 1E                 1391 	.db #0x1E	; 30
   0515 43                 1392 	.db #0x43	; 67	'C'
   0516 0F                 1393 	.db #0x0F	; 15
   0517 8F                 1394 	.db #0x8F	; 143
   0518 2C                 1395 	.db #0x2C	; 44
   0519 87                 1396 	.db #0x87	; 135
   051A 0F                 1397 	.db #0x0F	; 15
   051B 0F                 1398 	.db #0x0F	; 15
   051C D0                 1399 	.db #0xD0	; 208
   051D 1F                 1400 	.db #0x1F	; 31
   051E 0F                 1401 	.db #0x0F	; 15
   051F 0F                 1402 	.db #0x0F	; 15
   0520 21                 1403 	.db #0x21	; 33
   0521 0F                 1404 	.db #0x0F	; 15
   0522 0F                 1405 	.db #0x0F	; 15
   0523 0F                 1406 	.db #0x0F	; 15
   0524 C3                 1407 	.db #0xC3	; 195
   0525 0F                 1408 	.db #0x0F	; 15
   0526 0F                 1409 	.db #0x0F	; 15
   0527 0F                 1410 	.db #0x0F	; 15
   0528 0F                 1411 	.db #0x0F	; 15
   0529 0F                 1412 	.db #0x0F	; 15
   052A 0F                 1413 	.db #0x0F	; 15
   052B 0F                 1414 	.db #0x0F	; 15
   052C 1F                 1415 	.db #0x1F	; 31
   052D 0F                 1416 	.db #0x0F	; 15
   052E 4F                 1417 	.db #0x4F	; 79	'O'
   052F 4F                 1418 	.db #0x4F	; 79	'O'
   0530 0F                 1419 	.db #0x0F	; 15
   0531 0F                 1420 	.db #0x0F	; 15
   0532 0F                 1421 	.db #0x0F	; 15
   0533 0F                 1422 	.db #0x0F	; 15
   0534 0F                 1423 	.db #0x0F	; 15
   0535 1F                 1424 	.db #0x1F	; 31
   0536 0F                 1425 	.db #0x0F	; 15
   0537 0F                 1426 	.db #0x0F	; 15
   0538 2F                 1427 	.db #0x2F	; 47
   0539 0F                 1428 	.db #0x0F	; 15
   053A 0F                 1429 	.db #0x0F	; 15
   053B 0F                 1430 	.db #0x0F	; 15
   053C 0F                 1431 	.db #0x0F	; 15
   053D 0F                 1432 	.db #0x0F	; 15
   053E 0F                 1433 	.db #0x0F	; 15
   053F 0F                 1434 	.db #0x0F	; 15
   0540                    1435 _rail_ws:
   0540 0F                 1436 	.db #0x0F	; 15
   0541 0F                 1437 	.db #0x0F	; 15
   0542 0F                 1438 	.db #0x0F	; 15
   0543 0F                 1439 	.db #0x0F	; 15
   0544 0F                 1440 	.db #0x0F	; 15
   0545 0F                 1441 	.db #0x0F	; 15
   0546 0F                 1442 	.db #0x0F	; 15
   0547 0F                 1443 	.db #0x0F	; 15
   0548 2F                 1444 	.db #0x2F	; 47
   0549 0F                 1445 	.db #0x0F	; 15
   054A 4F                 1446 	.db #0x4F	; 79	'O'
   054B 2F                 1447 	.db #0x2F	; 47
   054C 0F                 1448 	.db #0x0F	; 15
   054D 0F                 1449 	.db #0x0F	; 15
   054E 0F                 1450 	.db #0x0F	; 15
   054F 0F                 1451 	.db #0x0F	; 15
   0550 0F                 1452 	.db #0x0F	; 15
   0551 0F                 1453 	.db #0x0F	; 15
   0552 0F                 1454 	.db #0x0F	; 15
   0553 0F                 1455 	.db #0x0F	; 15
   0554 0F                 1456 	.db #0x0F	; 15
   0555 0F                 1457 	.db #0x0F	; 15
   0556 0F                 1458 	.db #0x0F	; 15
   0557 0F                 1459 	.db #0x0F	; 15
   0558 0F                 1460 	.db #0x0F	; 15
   0559 2F                 1461 	.db #0x2F	; 47
   055A 0F                 1462 	.db #0x0F	; 15
   055B 0F                 1463 	.db #0x0F	; 15
   055C C3                 1464 	.db #0xC3	; 195
   055D 0F                 1465 	.db #0x0F	; 15
   055E 0F                 1466 	.db #0x0F	; 15
   055F 0F                 1467 	.db #0x0F	; 15
   0560 21                 1468 	.db #0x21	; 33
   0561 0F                 1469 	.db #0x0F	; 15
   0562 2F                 1470 	.db #0x2F	; 47
   0563 0F                 1471 	.db #0x0F	; 15
   0564 D0                 1472 	.db #0xD0	; 208
   0565 0F                 1473 	.db #0x0F	; 15
   0566 0F                 1474 	.db #0x0F	; 15
   0567 0F                 1475 	.db #0x0F	; 15
   0568 2C                 1476 	.db #0x2C	; 44
   0569 87                 1477 	.db #0x87	; 135
   056A 0F                 1478 	.db #0x0F	; 15
   056B 0F                 1479 	.db #0x0F	; 15
   056C 1E                 1480 	.db #0x1E	; 30
   056D 43                 1481 	.db #0x43	; 67	'C'
   056E 0F                 1482 	.db #0x0F	; 15
   056F 2F                 1483 	.db #0x2F	; 47
   0570 4F                 1484 	.db #0x4F	; 79	'O'
   0571 A1                 1485 	.db #0xA1	; 161
   0572 0F                 1486 	.db #0x0F	; 15
   0573 0F                 1487 	.db #0x0F	; 15
   0574 0F                 1488 	.db #0x0F	; 15
   0575 58                 1489 	.db #0x58	; 88	'X'
   0576 4F                 1490 	.db #0x4F	; 79	'O'
   0577 0F                 1491 	.db #0x0F	; 15
   0578 0F                 1492 	.db #0x0F	; 15
   0579 2C                 1493 	.db #0x2C	; 44
   057A 87                 1494 	.db #0x87	; 135
   057B 4F                 1495 	.db #0x4F	; 79	'O'
   057C 0F                 1496 	.db #0x0F	; 15
   057D 1E                 1497 	.db #0x1E	; 30
   057E 43                 1498 	.db #0x43	; 67	'C'
   057F 0F                 1499 	.db #0x0F	; 15
   0580                    1500 _rail_ew_n:
   0580 0F                 1501 	.db #0x0F	; 15
   0581 1E                 1502 	.db #0x1E	; 30
   0582 43                 1503 	.db #0x43	; 67	'C'
   0583 0F                 1504 	.db #0x0F	; 15
   0584 0F                 1505 	.db #0x0F	; 15
   0585 9E                 1506 	.db #0x9E	; 158
   0586 43                 1507 	.db #0x43	; 67	'C'
   0587 0F                 1508 	.db #0x0F	; 15
   0588 0F                 1509 	.db #0x0F	; 15
   0589 1E                 1510 	.db #0x1E	; 30
   058A 53                 1511 	.db #0x53	; 83	'S'
   058B 0F                 1512 	.db #0x0F	; 15
   058C 0F                 1513 	.db #0x0F	; 15
   058D 2C                 1514 	.db #0x2C	; 44
   058E 87                 1515 	.db #0x87	; 135
   058F 0F                 1516 	.db #0x0F	; 15
   0590 4F                 1517 	.db #0x4F	; 79	'O'
   0591 58                 1518 	.db #0x58	; 88	'X'
   0592 0F                 1519 	.db #0x0F	; 15
   0593 0F                 1520 	.db #0x0F	; 15
   0594 0F                 1521 	.db #0x0F	; 15
   0595 A1                 1522 	.db #0xA1	; 161
   0596 0F                 1523 	.db #0x0F	; 15
   0597 8F                 1524 	.db #0x8F	; 143
   0598 1E                 1525 	.db #0x1E	; 30
   0599 43                 1526 	.db #0x43	; 67	'C'
   059A 0F                 1527 	.db #0x0F	; 15
   059B 0F                 1528 	.db #0x0F	; 15
   059C E0                 1529 	.db #0xE0	; 224
   059D F0                 1530 	.db #0xF0	; 240
   059E F0                 1531 	.db #0xF0	; 240
   059F F0                 1532 	.db #0xF0	; 240
   05A0 00                 1533 	.db #0x00	; 0
   05A1 00                 1534 	.db #0x00	; 0
   05A2 00                 1535 	.db #0x00	; 0
   05A3 00                 1536 	.db #0x00	; 0
   05A4 F0                 1537 	.db #0xF0	; 240
   05A5 F0                 1538 	.db #0xF0	; 240
   05A6 F0                 1539 	.db #0xF0	; 240
   05A7 F0                 1540 	.db #0xF0	; 240
   05A8 0F                 1541 	.db #0x0F	; 15
   05A9 0F                 1542 	.db #0x0F	; 15
   05AA 0F                 1543 	.db #0x0F	; 15
   05AB 0F                 1544 	.db #0x0F	; 15
   05AC 2F                 1545 	.db #0x2F	; 47
   05AD 1F                 1546 	.db #0x1F	; 31
   05AE 0F                 1547 	.db #0x0F	; 15
   05AF 4F                 1548 	.db #0x4F	; 79	'O'
   05B0 0F                 1549 	.db #0x0F	; 15
   05B1 0F                 1550 	.db #0x0F	; 15
   05B2 0F                 1551 	.db #0x0F	; 15
   05B3 0F                 1552 	.db #0x0F	; 15
   05B4 0F                 1553 	.db #0x0F	; 15
   05B5 0F                 1554 	.db #0x0F	; 15
   05B6 0F                 1555 	.db #0x0F	; 15
   05B7 0F                 1556 	.db #0x0F	; 15
   05B8 0F                 1557 	.db #0x0F	; 15
   05B9 8F                 1558 	.db #0x8F	; 143
   05BA 4F                 1559 	.db #0x4F	; 79	'O'
   05BB 0F                 1560 	.db #0x0F	; 15
   05BC 0F                 1561 	.db #0x0F	; 15
   05BD 0F                 1562 	.db #0x0F	; 15
   05BE 0F                 1563 	.db #0x0F	; 15
   05BF 0F                 1564 	.db #0x0F	; 15
   05C0                    1565 _rail_ew_s:
   05C0 0F                 1566 	.db #0x0F	; 15
   05C1 0F                 1567 	.db #0x0F	; 15
   05C2 0F                 1568 	.db #0x0F	; 15
   05C3 0F                 1569 	.db #0x0F	; 15
   05C4 0F                 1570 	.db #0x0F	; 15
   05C5 0F                 1571 	.db #0x0F	; 15
   05C6 0F                 1572 	.db #0x0F	; 15
   05C7 8F                 1573 	.db #0x8F	; 143
   05C8 0F                 1574 	.db #0x0F	; 15
   05C9 4F                 1575 	.db #0x4F	; 79	'O'
   05CA 0F                 1576 	.db #0x0F	; 15
   05CB 0F                 1577 	.db #0x0F	; 15
   05CC 0F                 1578 	.db #0x0F	; 15
   05CD 0F                 1579 	.db #0x0F	; 15
   05CE 0F                 1580 	.db #0x0F	; 15
   05CF 0F                 1581 	.db #0x0F	; 15
   05D0 0F                 1582 	.db #0x0F	; 15
   05D1 0F                 1583 	.db #0x0F	; 15
   05D2 4F                 1584 	.db #0x4F	; 79	'O'
   05D3 0F                 1585 	.db #0x0F	; 15
   05D4 4F                 1586 	.db #0x4F	; 79	'O'
   05D5 0F                 1587 	.db #0x0F	; 15
   05D6 0F                 1588 	.db #0x0F	; 15
   05D7 2F                 1589 	.db #0x2F	; 47
   05D8 0F                 1590 	.db #0x0F	; 15
   05D9 0F                 1591 	.db #0x0F	; 15
   05DA 0F                 1592 	.db #0x0F	; 15
   05DB 0F                 1593 	.db #0x0F	; 15
   05DC F0                 1594 	.db #0xF0	; 240
   05DD F0                 1595 	.db #0xF0	; 240
   05DE F0                 1596 	.db #0xF0	; 240
   05DF F0                 1597 	.db #0xF0	; 240
   05E0 00                 1598 	.db #0x00	; 0
   05E1 00                 1599 	.db #0x00	; 0
   05E2 00                 1600 	.db #0x00	; 0
   05E3 00                 1601 	.db #0x00	; 0
   05E4 E0                 1602 	.db #0xE0	; 224
   05E5 F0                 1603 	.db #0xF0	; 240
   05E6 F0                 1604 	.db #0xF0	; 240
   05E7 F0                 1605 	.db #0xF0	; 240
   05E8 1E                 1606 	.db #0x1E	; 30
   05E9 43                 1607 	.db #0x43	; 67	'C'
   05EA 0F                 1608 	.db #0x0F	; 15
   05EB 0F                 1609 	.db #0x0F	; 15
   05EC 0F                 1610 	.db #0x0F	; 15
   05ED A1                 1611 	.db #0xA1	; 161
   05EE 4F                 1612 	.db #0x4F	; 79	'O'
   05EF 0F                 1613 	.db #0x0F	; 15
   05F0 0F                 1614 	.db #0x0F	; 15
   05F1 58                 1615 	.db #0x58	; 88	'X'
   05F2 0F                 1616 	.db #0x0F	; 15
   05F3 0F                 1617 	.db #0x0F	; 15
   05F4 0F                 1618 	.db #0x0F	; 15
   05F5 2C                 1619 	.db #0x2C	; 44
   05F6 87                 1620 	.db #0x87	; 135
   05F7 8F                 1621 	.db #0x8F	; 143
   05F8 4F                 1622 	.db #0x4F	; 79	'O'
   05F9 1E                 1623 	.db #0x1E	; 30
   05FA 43                 1624 	.db #0x43	; 67	'C'
   05FB 0F                 1625 	.db #0x0F	; 15
   05FC 0F                 1626 	.db #0x0F	; 15
   05FD 1E                 1627 	.db #0x1E	; 30
   05FE 43                 1628 	.db #0x43	; 67	'C'
   05FF 0F                 1629 	.db #0x0F	; 15
   0600                    1630 _rail_ns_w:
   0600 0F                 1631 	.db #0x0F	; 15
   0601 1E                 1632 	.db #0x1E	; 30
   0602 43                 1633 	.db #0x43	; 67	'C'
   0603 0F                 1634 	.db #0x0F	; 15
   0604 4F                 1635 	.db #0x4F	; 79	'O'
   0605 1E                 1636 	.db #0x1E	; 30
   0606 43                 1637 	.db #0x43	; 67	'C'
   0607 2F                 1638 	.db #0x2F	; 47
   0608 0F                 1639 	.db #0x0F	; 15
   0609 1E                 1640 	.db #0x1E	; 30
   060A 43                 1641 	.db #0x43	; 67	'C'
   060B 0F                 1642 	.db #0x0F	; 15
   060C 0F                 1643 	.db #0x0F	; 15
   060D 1E                 1644 	.db #0x1E	; 30
   060E 43                 1645 	.db #0x43	; 67	'C'
   060F 0F                 1646 	.db #0x0F	; 15
   0610 0F                 1647 	.db #0x0F	; 15
   0611 5E                 1648 	.db #0x5E	; 94
   0612 43                 1649 	.db #0x43	; 67	'C'
   0613 0F                 1650 	.db #0x0F	; 15
   0614 0F                 1651 	.db #0x0F	; 15
   0615 1E                 1652 	.db #0x1E	; 30
   0616 43                 1653 	.db #0x43	; 67	'C'
   0617 0F                 1654 	.db #0x0F	; 15
   0618 0F                 1655 	.db #0x0F	; 15
   0619 1E                 1656 	.db #0x1E	; 30
   061A 43                 1657 	.db #0x43	; 67	'C'
   061B 0F                 1658 	.db #0x0F	; 15
   061C E1                 1659 	.db #0xE1	; 225
   061D 1E                 1660 	.db #0x1E	; 30
   061E 43                 1661 	.db #0x43	; 67	'C'
   061F 4F                 1662 	.db #0x4F	; 79	'O'
   0620 10                 1663 	.db #0x10	; 16
   0621 1E                 1664 	.db #0x1E	; 30
   0622 43                 1665 	.db #0x43	; 67	'C'
   0623 0F                 1666 	.db #0x0F	; 15
   0624 E0                 1667 	.db #0xE0	; 224
   0625 96                 1668 	.db #0x96	; 150
   0626 43                 1669 	.db #0x43	; 67	'C'
   0627 0F                 1670 	.db #0x0F	; 15
   0628 1E                 1671 	.db #0x1E	; 30
   0629 52                 1672 	.db #0x52	; 82	'R'
   062A 43                 1673 	.db #0x43	; 67	'C'
   062B 0F                 1674 	.db #0x0F	; 15
   062C 0F                 1675 	.db #0x0F	; 15
   062D B0                 1676 	.db #0xB0	; 176
   062E 53                 1677 	.db #0x53	; 83	'S'
   062F 0F                 1678 	.db #0x0F	; 15
   0630 0F                 1679 	.db #0x0F	; 15
   0631 58                 1680 	.db #0x58	; 88	'X'
   0632 43                 1681 	.db #0x43	; 67	'C'
   0633 0F                 1682 	.db #0x0F	; 15
   0634 2F                 1683 	.db #0x2F	; 47
   0635 2C                 1684 	.db #0x2C	; 44
   0636 43                 1685 	.db #0x43	; 67	'C'
   0637 0F                 1686 	.db #0x0F	; 15
   0638 0F                 1687 	.db #0x0F	; 15
   0639 1E                 1688 	.db #0x1E	; 30
   063A 43                 1689 	.db #0x43	; 67	'C'
   063B 2F                 1690 	.db #0x2F	; 47
   063C 0F                 1691 	.db #0x0F	; 15
   063D 1E                 1692 	.db #0x1E	; 30
   063E 43                 1693 	.db #0x43	; 67	'C'
   063F 0F                 1694 	.db #0x0F	; 15
   0640                    1695 _rail_ns_e:
   0640 0F                 1696 	.db #0x0F	; 15
   0641 1E                 1697 	.db #0x1E	; 30
   0642 43                 1698 	.db #0x43	; 67	'C'
   0643 0F                 1699 	.db #0x0F	; 15
   0644 0F                 1700 	.db #0x0F	; 15
   0645 1E                 1701 	.db #0x1E	; 30
   0646 43                 1702 	.db #0x43	; 67	'C'
   0647 2F                 1703 	.db #0x2F	; 47
   0648 0F                 1704 	.db #0x0F	; 15
   0649 9E                 1705 	.db #0x9E	; 158
   064A 43                 1706 	.db #0x43	; 67	'C'
   064B 0F                 1707 	.db #0x0F	; 15
   064C 0F                 1708 	.db #0x0F	; 15
   064D 1E                 1709 	.db #0x1E	; 30
   064E 43                 1710 	.db #0x43	; 67	'C'
   064F 0F                 1711 	.db #0x0F	; 15
   0650 0F                 1712 	.db #0x0F	; 15
   0651 1E                 1713 	.db #0x1E	; 30
   0652 43                 1714 	.db #0x43	; 67	'C'
   0653 8F                 1715 	.db #0x8F	; 143
   0654 0F                 1716 	.db #0x0F	; 15
   0655 1E                 1717 	.db #0x1E	; 30
   0656 43                 1718 	.db #0x43	; 67	'C'
   0657 0F                 1719 	.db #0x0F	; 15
   0658 0F                 1720 	.db #0x0F	; 15
   0659 5E                 1721 	.db #0x5E	; 94
   065A 43                 1722 	.db #0x43	; 67	'C'
   065B 0F                 1723 	.db #0x0F	; 15
   065C 4F                 1724 	.db #0x4F	; 79	'O'
   065D 1E                 1725 	.db #0x1E	; 30
   065E 43                 1726 	.db #0x43	; 67	'C'
   065F 3C                 1727 	.db #0x3C	; 60
   0660 0F                 1728 	.db #0x0F	; 15
   0661 1E                 1729 	.db #0x1E	; 30
   0662 43                 1730 	.db #0x43	; 67	'C'
   0663 48                 1731 	.db #0x48	; 72	'H'
   0664 0F                 1732 	.db #0x0F	; 15
   0665 1E                 1733 	.db #0x1E	; 30
   0666 43                 1734 	.db #0x43	; 67	'C'
   0667 B0                 1735 	.db #0xB0	; 176
   0668 0F                 1736 	.db #0x0F	; 15
   0669 1E                 1737 	.db #0x1E	; 30
   066A 52                 1738 	.db #0x52	; 82	'R'
   066B 43                 1739 	.db #0x43	; 67	'C'
   066C 0F                 1740 	.db #0x0F	; 15
   066D 5E                 1741 	.db #0x5E	; 94
   066E 60                 1742 	.db #0x60	; 96
   066F 87                 1743 	.db #0x87	; 135
   0670 0F                 1744 	.db #0x0F	; 15
   0671 1E                 1745 	.db #0x1E	; 30
   0672 50                 1746 	.db #0x50	; 80	'P'
   0673 0F                 1747 	.db #0x0F	; 15
   0674 0F                 1748 	.db #0x0F	; 15
   0675 1E                 1749 	.db #0x1E	; 30
   0676 21                 1750 	.db #0x21	; 33
   0677 0F                 1751 	.db #0x0F	; 15
   0678 2F                 1752 	.db #0x2F	; 47
   0679 1E                 1753 	.db #0x1E	; 30
   067A 43                 1754 	.db #0x43	; 67	'C'
   067B 8F                 1755 	.db #0x8F	; 143
   067C 0F                 1756 	.db #0x0F	; 15
   067D 1E                 1757 	.db #0x1E	; 30
   067E 43                 1758 	.db #0x43	; 67	'C'
   067F 0F                 1759 	.db #0x0F	; 15
                           1760 	.area _INITIALIZER
                           1761 	.area _CABS (ABS)
